2018-10-11 10:22:09 INFO [Class:o.e.j.s.Server->Thread:main] jetty-8.1.17.v20150415 
2018-10-11 10:22:11 INFO [Class:o.e.j.s.h.ContextHandler$Context->Thread:main] Initializing Spring root WebApplicationContext 
2018-10-11 10:22:52 INFO [Class:o.e.j.s.h.ContextHandler$Context->Thread:main] Initializing Spring FrameworkServlet 'springDispatcherServlet' 
2018-10-11 10:22:54 INFO [Class:o.e.j.s.AbstractConnector->Thread:main] Started SelectChannelConnector@0.0.0.0:10010 
2018-10-11 10:23:47 WARN [Class:a.f.w.f.HttpBackendFilter->Thread:qtp272482896-24] 请求被重定向到登录页。【URL：/aosuite/http/do.jhtml】 
2018-10-11 10:28:06 INFO [Class:a.s.m.h.HomeService->Thread:qtp272482896-26] 用户[zjcadmin]成功注销。 
2018-10-11 10:39:08 INFO [Class:o.e.j.s.Server->Thread:main] jetty-8.1.17.v20150415 
2018-10-11 10:39:10 INFO [Class:o.e.j.s.h.ContextHandler$Context->Thread:main] Initializing Spring root WebApplicationContext 
2018-10-11 10:39:48 INFO [Class:o.e.j.s.h.ContextHandler$Context->Thread:main] Initializing Spring FrameworkServlet 'springDispatcherServlet' 
2018-10-11 10:39:51 INFO [Class:o.e.j.s.AbstractConnector->Thread:main] Started SelectChannelConnector@0.0.0.0:10010 
2018-10-11 13:56:23 INFO [Class:o.e.j.s.Server->Thread:main] jetty-8.1.17.v20150415 
2018-10-11 13:56:24 INFO [Class:o.e.j.s.h.ContextHandler$Context->Thread:main] Initializing Spring root WebApplicationContext 
2018-10-11 13:57:04 INFO [Class:o.e.j.s.h.ContextHandler$Context->Thread:main] Initializing Spring FrameworkServlet 'springDispatcherServlet' 
2018-10-11 13:57:06 WARN [Class:o.e.j.u.c.AbstractLifeCycle->Thread:main] FAILED SelectChannelConnector@0.0.0.0:10010: java.net.BindException: Address already in use: bind 
java.net.BindException: Address already in use: bind
	at sun.nio.ch.Net.bind0(Native Method) ~[na:1.7.0_80]
	at sun.nio.ch.Net.bind(Net.java:463) ~[na:1.7.0_80]
	at sun.nio.ch.Net.bind(Net.java:455) ~[na:1.7.0_80]
	at sun.nio.ch.ServerSocketChannelImpl.bind(ServerSocketChannelImpl.java:223) ~[na:1.7.0_80]
	at sun.nio.ch.ServerSocketAdaptor.bind(ServerSocketAdaptor.java:74) ~[na:1.7.0_80]
	at org.eclipse.jetty.server.nio.SelectChannelConnector.open(SelectChannelConnector.java:187) ~[jetty-all-8.1.17.v20150415.jar:8.1.17.v20150415]
	at org.eclipse.jetty.server.AbstractConnector.doStart(AbstractConnector.java:316) ~[jetty-all-8.1.17.v20150415.jar:8.1.17.v20150415]
	at org.eclipse.jetty.server.nio.SelectChannelConnector.doStart(SelectChannelConnector.java:265) ~[jetty-all-8.1.17.v20150415.jar:8.1.17.v20150415]
	at org.eclipse.jetty.util.component.AbstractLifeCycle.start(AbstractLifeCycle.java:64) [jetty-all-8.1.17.v20150415.jar:8.1.17.v20150415]
	at org.eclipse.jetty.server.Server.doStart(Server.java:293) [jetty-all-8.1.17.v20150415.jar:8.1.17.v20150415]
	at org.eclipse.jetty.util.component.AbstractLifeCycle.start(AbstractLifeCycle.java:64) [jetty-all-8.1.17.v20150415.jar:8.1.17.v20150415]
	at aos.framework.core.server.AOSServer.start(AOSServer.java:82) [classes/:na]
	at aos.framework.AOS.main(AOS.java:27) [classes/:na]
2018-10-11 13:57:06 WARN [Class:o.e.j.u.c.AbstractLifeCycle->Thread:main] FAILED org.eclipse.jetty.server.Server@406f860: java.net.BindException: Address already in use: bind 
java.net.BindException: Address already in use: bind
	at sun.nio.ch.Net.bind0(Native Method) ~[na:1.7.0_80]
	at sun.nio.ch.Net.bind(Net.java:463) ~[na:1.7.0_80]
	at sun.nio.ch.Net.bind(Net.java:455) ~[na:1.7.0_80]
	at sun.nio.ch.ServerSocketChannelImpl.bind(ServerSocketChannelImpl.java:223) ~[na:1.7.0_80]
	at sun.nio.ch.ServerSocketAdaptor.bind(ServerSocketAdaptor.java:74) ~[na:1.7.0_80]
	at org.eclipse.jetty.server.nio.SelectChannelConnector.open(SelectChannelConnector.java:187) ~[jetty-all-8.1.17.v20150415.jar:8.1.17.v20150415]
	at org.eclipse.jetty.server.AbstractConnector.doStart(AbstractConnector.java:316) ~[jetty-all-8.1.17.v20150415.jar:8.1.17.v20150415]
	at org.eclipse.jetty.server.nio.SelectChannelConnector.doStart(SelectChannelConnector.java:265) ~[jetty-all-8.1.17.v20150415.jar:8.1.17.v20150415]
	at org.eclipse.jetty.util.component.AbstractLifeCycle.start(AbstractLifeCycle.java:64) ~[jetty-all-8.1.17.v20150415.jar:8.1.17.v20150415]
	at org.eclipse.jetty.server.Server.doStart(Server.java:293) ~[jetty-all-8.1.17.v20150415.jar:8.1.17.v20150415]
	at org.eclipse.jetty.util.component.AbstractLifeCycle.start(AbstractLifeCycle.java:64) ~[jetty-all-8.1.17.v20150415.jar:8.1.17.v20150415]
	at aos.framework.core.server.AOSServer.start(AOSServer.java:82) [classes/:na]
	at aos.framework.AOS.main(AOS.java:27) [classes/:na]
2018-10-11 13:57:06 ERROR [Class:a.f.c.s.AOSServer->Thread:main] AOSuite启动失败 
2018-10-11 14:01:28 INFO [Class:a.s.m.h.HomeService->Thread:qtp272482896-25] 用户[zjc001]成功注销。 
2018-10-11 14:02:23 INFO [Class:o.e.j.s.Server->Thread:main] jetty-8.1.17.v20150415 
2018-10-11 14:02:25 INFO [Class:o.e.j.s.h.ContextHandler$Context->Thread:main] Initializing Spring root WebApplicationContext 
2018-10-11 14:03:04 INFO [Class:o.e.j.s.h.ContextHandler$Context->Thread:main] Initializing Spring FrameworkServlet 'springDispatcherServlet' 
2018-10-11 14:03:06 INFO [Class:o.e.j.s.AbstractConnector->Thread:main] Started SelectChannelConnector@0.0.0.0:10010 
2018-10-11 14:03:29 ERROR [Class:a.f.c.c.CacheMasterDataService->Thread:qtp272482896-28] 没有获取到Key为[card_type_]的数据字典。 
2018-10-11 14:21:52 ERROR [Class:a.f.c.c.CacheMasterDataService->Thread:qtp272482896-25] 没有获取到Key为[sex_]的数据字典。 
2018-10-11 17:28:30 INFO [Class:o.e.j.s.Server->Thread:main] jetty-8.1.17.v20150415 
2018-10-11 17:28:32 INFO [Class:o.e.j.s.h.ContextHandler$Context->Thread:main] Initializing Spring root WebApplicationContext 
2018-10-11 17:29:11 INFO [Class:o.e.j.s.h.ContextHandler$Context->Thread:main] Initializing Spring FrameworkServlet 'springDispatcherServlet' 
2018-10-11 17:29:13 INFO [Class:o.e.j.s.AbstractConnector->Thread:main] Started SelectChannelConnector@0.0.0.0:10010 
