2018-10-17 09:32:20 INFO [Class:o.e.j.s.Server->Thread:main] jetty-8.1.17.v20150415 
2018-10-17 09:32:21 INFO [Class:o.e.j.s.h.ContextHandler$Context->Thread:main] Initializing Spring root WebApplicationContext 
2018-10-17 09:33:06 INFO [Class:o.e.j.s.h.ContextHandler$Context->Thread:main] Initializing Spring FrameworkServlet 'springDispatcherServlet' 
2018-10-17 09:33:09 INFO [Class:o.e.j.s.AbstractConnector->Thread:main] Started SelectChannelConnector@0.0.0.0:10010 
2018-10-17 14:30:38 INFO [Class:o.e.j.s.Server->Thread:main] jetty-8.1.17.v20150415 
2018-10-17 14:30:39 INFO [Class:o.e.j.s.h.ContextHandler$Context->Thread:main] Initializing Spring root WebApplicationContext 
2018-10-17 14:31:24 INFO [Class:o.e.j.s.h.ContextHandler$Context->Thread:main] Initializing Spring FrameworkServlet 'springDispatcherServlet' 
2018-10-17 14:31:27 INFO [Class:o.e.j.s.AbstractConnector->Thread:main] Started SelectChannelConnector@0.0.0.0:10010 
2018-10-17 14:33:04 INFO [Class:c.a.s.s.SlbService->Thread:qtp272482896-23] ========================app获取的钱包地址13551257407 
2018-10-17 14:33:05 INFO [Class:c.a.s.s.SlbService->Thread:qtp272482896-23] ========================app获取的钱包地址获取回来的参数{"message":"成功","data":{"exist":1},"resultCode":0,"totalPage":0} 
2018-10-17 14:33:06 INFO [Class:c.a.s.s.SlbService->Thread:qtp272482896-23] ========================app获取的钱包地址14ePEdokRyhRoPP5U3U9955iGQDTgCgLwY 
2018-10-17 14:33:58 INFO [Class:o.e.j.s.Server->Thread:main] jetty-8.1.17.v20150415 
2018-10-17 14:34:00 INFO [Class:o.e.j.s.h.ContextHandler$Context->Thread:main] Initializing Spring root WebApplicationContext 
2018-10-17 14:34:44 INFO [Class:o.e.j.s.h.ContextHandler$Context->Thread:main] Initializing Spring FrameworkServlet 'springDispatcherServlet' 
2018-10-17 14:34:47 INFO [Class:o.e.j.s.AbstractConnector->Thread:main] Started SelectChannelConnector@0.0.0.0:10010 
2018-10-17 14:35:02 INFO [Class:c.a.s.s.SlbService->Thread:qtp1656467572-25] ========================app获取的钱包地址13551257407 
2018-10-17 14:35:34 INFO [Class:o.e.j.s.Server->Thread:main] jetty-8.1.17.v20150415 
2018-10-17 14:35:36 INFO [Class:o.e.j.s.h.ContextHandler$Context->Thread:main] Initializing Spring root WebApplicationContext 
2018-10-17 14:36:21 INFO [Class:o.e.j.s.h.ContextHandler$Context->Thread:main] Initializing Spring FrameworkServlet 'springDispatcherServlet' 
2018-10-17 14:36:23 INFO [Class:o.e.j.s.AbstractConnector->Thread:main] Started SelectChannelConnector@0.0.0.0:10010 
2018-10-17 14:37:21 INFO [Class:c.a.s.s.SlbService->Thread:qtp1656467572-25] ========================app获取的钱包地址13551257407 
2018-10-17 14:37:25 INFO [Class:c.a.s.s.SlbService->Thread:qtp1656467572-25] ========================app获取的钱包地址获取回来的参数{"message":"成功","data":{"exist":1},"resultCode":0,"totalPage":0} 
2018-10-17 14:37:26 INFO [Class:c.a.s.s.SlbService->Thread:qtp1656467572-25] ========================app获取的钱包地址14ePEdokRyhRoPP5U3U9955iGQDTgCgLwY 
2018-10-17 14:39:04 INFO [Class:c.a.s.s.SlbService->Thread:qtp1656467572-28] ========================app获取的钱包地址13551257407 
2018-10-17 14:39:08 INFO [Class:c.a.s.s.SlbService->Thread:qtp1656467572-28] ========================app获取的钱包地址获取回来的参数{"message":"成功","data":{"exist":1},"resultCode":0,"totalPage":0} 
2018-10-17 14:39:09 INFO [Class:c.a.s.s.SlbService->Thread:qtp1656467572-28] ========================app获取的钱包地址14ePEdokRyhRoPP5U3U9955iGQDTgCgLwY 
2018-10-17 14:40:23 INFO [Class:c.a.s.s.SlbService->Thread:qtp1656467572-26] ========================app获取的钱包地址13551257407 
2018-10-17 14:40:28 INFO [Class:c.a.s.s.SlbService->Thread:qtp1656467572-26] ========================app获取的钱包地址获取回来的参数{"message":"成功","data":{"exist":1},"resultCode":0,"totalPage":0} 
2018-10-17 14:40:32 INFO [Class:c.a.s.s.SlbService->Thread:qtp1656467572-26] ========================app获取的钱包地址14ePEdokRyhRoPP5U3U9955iGQDTgCgLwY 
2018-10-17 14:40:57 INFO [Class:c.a.s.s.SlbService->Thread:qtp1656467572-27] ========================app获取的钱包地址13551257407 
2018-10-17 14:40:59 INFO [Class:c.a.s.s.SlbService->Thread:qtp1656467572-27] ========================app获取的钱包地址获取回来的参数{"message":"成功","data":{"exist":1},"resultCode":0,"totalPage":0} 
2018-10-17 14:41:05 INFO [Class:c.a.s.s.SlbService->Thread:qtp1656467572-27] ========================app获取的钱包地址14ePEdokRyhRoPP5U3U9955iGQDTgCgLwY 
2018-10-17 14:42:38 INFO [Class:c.a.s.s.SlbService->Thread:qtp1656467572-25] ========================app获取的钱包地址13551257407 
2018-10-17 14:42:46 INFO [Class:c.a.s.s.SlbService->Thread:qtp1656467572-25] ========================app获取的钱包地址获取回来的参数{"message":"成功","data":{"exist":1},"resultCode":0,"totalPage":0} 
2018-10-17 14:42:49 INFO [Class:c.a.s.s.SlbService->Thread:qtp1656467572-25] ========================app获取的钱包地址14ePEdokRyhRoPP5U3U9955iGQDTgCgLwY 
2018-10-17 14:43:05 INFO [Class:c.a.s.s.SlbService->Thread:qtp1656467572-24] ========================app获取的钱包地址13551257407 
2018-10-17 14:43:09 INFO [Class:c.a.s.s.SlbService->Thread:qtp1656467572-24] ========================app获取的钱包地址获取回来的参数{"message":"成功","data":{"exist":1},"resultCode":0,"totalPage":0} 
2018-10-17 14:43:14 INFO [Class:c.a.s.s.SlbService->Thread:qtp1656467572-24] ========================app获取的钱包地址14ePEdokRyhRoPP5U3U9955iGQDTgCgLwY 
2018-10-17 14:43:20 INFO [Class:c.a.s.s.SlbService->Thread:qtp1656467572-27] ========================app获取的钱包地址13551257407 
2018-10-17 14:43:21 INFO [Class:c.a.s.s.SlbService->Thread:qtp1656467572-27] ========================app获取的钱包地址获取回来的参数{"message":"成功","data":{"exist":1},"resultCode":0,"totalPage":0} 
2018-10-17 14:43:22 INFO [Class:c.a.s.s.SlbService->Thread:qtp1656467572-27] ========================app获取的钱包地址14ePEdokRyhRoPP5U3U9955iGQDTgCgLwY 
2018-10-17 14:44:43 INFO [Class:c.a.s.s.SlbService->Thread:qtp1656467572-25] ========================app获取的钱包地址13551257407 
2018-10-17 14:44:44 INFO [Class:c.a.s.s.SlbService->Thread:qtp1656467572-25] ========================app获取的钱包地址获取回来的参数{"message":"成功","data":{"exist":1},"resultCode":0,"totalPage":0} 
2018-10-17 14:44:46 INFO [Class:c.a.s.s.SlbService->Thread:qtp1656467572-25] ========================app获取的钱包地址14ePEdokRyhRoPP5U3U9955iGQDTgCgLwY 
2018-10-17 14:45:18 INFO [Class:c.a.s.s.SlbService->Thread:qtp1656467572-27] ========================app获取的钱包地址13551257407 
2018-10-17 14:45:20 INFO [Class:c.a.s.s.SlbService->Thread:qtp1656467572-27] ========================app获取的钱包地址获取回来的参数{"message":"成功","data":{"exist":1},"resultCode":0,"totalPage":0} 
2018-10-17 14:45:23 INFO [Class:c.a.s.s.SlbService->Thread:qtp1656467572-27] ========================app获取的钱包地址14ePEdokRyhRoPP5U3U9955iGQDTgCgLwY 
2018-10-17 14:45:37 INFO [Class:c.a.s.s.SlbService->Thread:qtp1656467572-26] ========================app获取的钱包地址13551257407 
2018-10-17 14:45:40 INFO [Class:c.a.s.s.SlbService->Thread:qtp1656467572-26] ========================app获取的钱包地址获取回来的参数{"message":"成功","data":{"exist":1},"resultCode":0,"totalPage":0} 
2018-10-17 14:45:42 INFO [Class:c.a.s.s.SlbService->Thread:qtp1656467572-26] ========================app获取的钱包地址14ePEdokRyhRoPP5U3U9955iGQDTgCgLwY 
2018-10-17 14:46:08 INFO [Class:c.a.s.s.SlbService->Thread:qtp1656467572-28] ========================app获取的钱包地址13551257407 
2018-10-17 14:46:11 INFO [Class:c.a.s.s.SlbService->Thread:qtp1656467572-28] ========================app获取的钱包地址获取回来的参数{"message":"成功","data":{"exist":1},"resultCode":0,"totalPage":0} 
2018-10-17 14:46:13 INFO [Class:c.a.s.s.SlbService->Thread:qtp1656467572-28] ========================app获取的钱包地址14ePEdokRyhRoPP5U3U9955iGQDTgCgLwY 
2018-10-17 14:46:17 INFO [Class:c.a.s.s.SlbService->Thread:qtp1656467572-27] ========================app获取的钱包地址13551257407 
2018-10-17 14:46:42 INFO [Class:c.a.s.s.SlbService->Thread:qtp1656467572-27] ========================app获取的钱包地址获取回来的参数{"message":"成功","data":{"exist":1},"resultCode":0,"totalPage":0} 
2018-10-17 14:46:44 INFO [Class:c.a.s.s.SlbService->Thread:qtp1656467572-27] ========================app获取的钱包地址14ePEdokRyhRoPP5U3U9955iGQDTgCgLwY 
2018-10-17 15:03:12 INFO [Class:c.a.s.s.SlbService->Thread:qtp1656467572-27] ========================app获取的钱包地址13551257407 
2018-10-17 15:03:14 INFO [Class:c.a.s.s.SlbService->Thread:qtp1656467572-27] ========================app获取的钱包地址获取回来的参数{"message":"成功","data":{"exist":1},"resultCode":0,"totalPage":0} 
2018-10-17 15:03:16 INFO [Class:c.a.s.s.SlbService->Thread:qtp1656467572-27] ========================app获取的钱包地址14ePEdokRyhRoPP5U3U9955iGQDTgCgLwY 
2018-10-17 15:03:39 INFO [Class:c.a.s.s.SlbService->Thread:qtp1656467572-28] ========================app获取的钱包地址13551257407 
2018-10-17 15:03:39 INFO [Class:c.a.s.s.SlbService->Thread:qtp1656467572-28] ========================app获取的钱包地址获取回来的参数{"message":"成功","data":{"exist":1},"resultCode":0,"totalPage":0} 
2018-10-17 15:03:41 INFO [Class:c.a.s.s.SlbService->Thread:qtp1656467572-28] ========================app获取的钱包地址14ePEdokRyhRoPP5U3U9955iGQDTgCgLwY 
2018-10-17 15:04:03 INFO [Class:o.e.j.s.Server->Thread:main] jetty-8.1.17.v20150415 
2018-10-17 15:04:04 INFO [Class:o.e.j.s.h.ContextHandler$Context->Thread:main] Initializing Spring root WebApplicationContext 
2018-10-17 15:04:49 INFO [Class:o.e.j.s.h.ContextHandler$Context->Thread:main] Initializing Spring FrameworkServlet 'springDispatcherServlet' 
2018-10-17 15:04:52 INFO [Class:o.e.j.s.AbstractConnector->Thread:main] Started SelectChannelConnector@0.0.0.0:10010 
2018-10-17 15:06:09 INFO [Class:c.a.s.s.SlbService->Thread:qtp959247445-25] ========================app获取的钱包地址13551257407 
2018-10-17 15:06:14 INFO [Class:c.a.s.s.SlbService->Thread:qtp959247445-25] ========================app获取的钱包地址获取回来的参数{"message":"成功","data":{"exist":1},"resultCode":0,"totalPage":0} 
2018-10-17 15:06:15 INFO [Class:c.a.s.s.SlbService->Thread:qtp959247445-25] ========================app获取的钱包地址14ePEdokRyhRoPP5U3U9955iGQDTgCgLwY 
2018-10-17 15:12:07 INFO [Class:o.e.j.s.Server->Thread:main] jetty-8.1.17.v20150415 
2018-10-17 15:12:09 INFO [Class:o.e.j.s.h.ContextHandler$Context->Thread:main] Initializing Spring root WebApplicationContext 
2018-10-17 15:12:53 INFO [Class:o.e.j.s.h.ContextHandler$Context->Thread:main] Initializing Spring FrameworkServlet 'springDispatcherServlet' 
2018-10-17 15:12:56 INFO [Class:o.e.j.s.AbstractConnector->Thread:main] Started SelectChannelConnector@0.0.0.0:10010 
2018-10-17 15:13:19 INFO [Class:c.a.s.s.SlbService->Thread:qtp1656467572-23] ========================app获取的钱包地址13551257407 
2018-10-17 15:13:22 INFO [Class:c.a.s.s.SlbService->Thread:qtp1656467572-23] ========================app获取的钱包地址获取回来的参数{"message":"成功","data":{"exist":1},"resultCode":0,"totalPage":0} 
2018-10-17 15:13:24 INFO [Class:c.a.s.s.SlbService->Thread:qtp1656467572-23] ========================app获取的钱包地址14ePEdokRyhRoPP5U3U9955iGQDTgCgLwY 
2018-10-17 15:14:31 INFO [Class:c.a.s.s.SlbService->Thread:qtp1656467572-23] ========================app获取的钱包地址13551257407 
2018-10-17 15:14:33 INFO [Class:c.a.s.s.SlbService->Thread:qtp1656467572-24] ========================app获取的钱包地址13551257407 
2018-10-17 15:14:34 INFO [Class:c.a.s.s.SlbService->Thread:qtp1656467572-24] ========================app获取的钱包地址获取回来的参数{"message":"成功","data":{"exist":1},"resultCode":0,"totalPage":0} 
2018-10-17 15:14:34 INFO [Class:c.a.s.s.SlbService->Thread:qtp1656467572-23] ========================app获取的钱包地址获取回来的参数{"message":"成功","data":{"exist":1},"resultCode":0,"totalPage":0} 
2018-10-17 15:14:34 INFO [Class:c.a.s.s.SlbService->Thread:qtp1656467572-24] ========================app获取的钱包地址14ePEdokRyhRoPP5U3U9955iGQDTgCgLwY 
2018-10-17 15:14:36 INFO [Class:c.a.s.s.SlbService->Thread:qtp1656467572-23] ========================app获取的钱包地址14ePEdokRyhRoPP5U3U9955iGQDTgCgLwY 
2018-10-17 15:14:53 INFO [Class:c.a.s.s.SlbService->Thread:qtp1656467572-28] ========================app获取的钱包地址13551257407 
2018-10-17 15:14:55 INFO [Class:c.a.s.s.SlbService->Thread:qtp1656467572-28] ========================app获取的钱包地址获取回来的参数{"message":"成功","data":{"exist":1},"resultCode":0,"totalPage":0} 
2018-10-17 15:14:59 INFO [Class:c.a.s.s.SlbService->Thread:qtp1656467572-28] ========================app获取的钱包地址14ePEdokRyhRoPP5U3U9955iGQDTgCgLwY 
2018-10-17 15:18:48 INFO [Class:c.a.s.s.SlbService->Thread:qtp1656467572-25] ========================app获取的钱包地址13551257407 
2018-10-17 15:18:50 INFO [Class:c.a.s.s.SlbService->Thread:qtp1656467572-25] ========================app获取的钱包地址获取回来的参数{"message":"成功","data":{"exist":1},"resultCode":0,"totalPage":0} 
2018-10-17 15:18:50 INFO [Class:c.a.s.s.SlbService->Thread:qtp1656467572-25] ========================app获取的钱包地址14ePEdokRyhRoPP5U3U9955iGQDTgCgLwY 
2018-10-17 15:18:59 INFO [Class:c.a.s.s.SlbService->Thread:qtp1656467572-25] ========================app获取的钱包地址13551257407 
2018-10-17 15:19:06 INFO [Class:c.a.s.s.SlbService->Thread:qtp1656467572-25] ========================app获取的钱包地址获取回来的参数{"message":"成功","data":{"exist":1},"resultCode":0,"totalPage":0} 
2018-10-17 15:19:14 INFO [Class:c.a.s.s.SlbService->Thread:qtp1656467572-25] ========================app获取的钱包地址14ePEdokRyhRoPP5U3U9955iGQDTgCgLwY 
2018-10-17 15:31:15 INFO [Class:c.a.s.s.SlbService->Thread:qtp1656467572-26] ========================app获取的钱包地址13551257407 
2018-10-17 15:31:20 INFO [Class:c.a.s.s.SlbService->Thread:qtp1656467572-26] ========================app获取的钱包地址获取回来的参数{"message":"成功","data":{"exist":1},"resultCode":0,"totalPage":0} 
2018-10-17 15:31:26 INFO [Class:c.a.s.s.SlbService->Thread:qtp1656467572-26] ========================app获取的钱包地址14ePEdokRyhRoPP5U3U9955iGQDTgCgLwY 
