2019-04-18 20:36:31 INFO [Class:o.e.j.s.Server->Thread:main] jetty-8.1.17.v20150415 
2019-04-18 20:36:34 INFO [Class:o.e.j.s.h.ContextHandler$Context->Thread:main] Initializing Spring root WebApplicationContext 
2019-04-18 20:37:28 INFO [Class:o.e.j.s.h.ContextHandler$Context->Thread:main] Initializing Spring FrameworkServlet 'springDispatcherServlet' 
2019-04-18 20:37:38 INFO [Class:o.e.j.s.AbstractConnector->Thread:main] Started SelectChannelConnector@0.0.0.0:10010 
2019-04-18 20:56:11 INFO [Class:o.e.j.s.Server->Thread:main] jetty-8.1.17.v20150415 
2019-04-18 20:56:13 INFO [Class:o.e.j.s.h.ContextHandler$Context->Thread:main] Initializing Spring root WebApplicationContext 
2019-04-18 20:56:46 INFO [Class:o.e.j.s.h.ContextHandler$Context->Thread:main] Initializing Spring FrameworkServlet 'springDispatcherServlet' 
2019-04-18 20:56:47 INFO [Class:o.e.j.s.AbstractConnector->Thread:main] Started SelectChannelConnector@0.0.0.0:10010 
2019-04-18 20:59:25 INFO [Class:o.e.j.s.Server->Thread:main] jetty-8.1.17.v20150415 
2019-04-18 20:59:27 INFO [Class:o.e.j.s.h.ContextHandler$Context->Thread:main] Initializing Spring root WebApplicationContext 
2019-04-18 21:00:03 INFO [Class:o.e.j.s.h.ContextHandler$Context->Thread:main] Initializing Spring FrameworkServlet 'springDispatcherServlet' 
2019-04-18 21:00:04 INFO [Class:o.e.j.s.AbstractConnector->Thread:main] Started SelectChannelConnector@0.0.0.0:10010 
2019-04-18 21:02:53 INFO [Class:o.e.j.s.Server->Thread:main] jetty-8.1.17.v20150415 
2019-04-18 21:02:55 INFO [Class:o.e.j.s.h.ContextHandler$Context->Thread:main] Initializing Spring root WebApplicationContext 
2019-04-18 21:03:28 INFO [Class:o.e.j.s.h.ContextHandler$Context->Thread:main] Initializing Spring FrameworkServlet 'springDispatcherServlet' 
2019-04-18 21:03:29 INFO [Class:o.e.j.s.AbstractConnector->Thread:main] Started SelectChannelConnector@0.0.0.0:10010 
2019-04-18 21:12:59 INFO [Class:o.e.j.s.Server->Thread:main] jetty-8.1.17.v20150415 
2019-04-18 21:13:01 INFO [Class:o.e.j.s.h.ContextHandler$Context->Thread:main] Initializing Spring root WebApplicationContext 
2019-04-18 21:14:31 INFO [Class:o.e.j.s.h.ContextHandler$Context->Thread:main] Initializing Spring FrameworkServlet 'springDispatcherServlet' 
2019-04-18 21:14:32 INFO [Class:o.e.j.s.AbstractConnector->Thread:main] Started SelectChannelConnector@0.0.0.0:10010 
2019-04-18 21:44:57 INFO [Class:o.e.j.s.Server->Thread:main] jetty-8.1.17.v20150415 
2019-04-18 21:44:59 INFO [Class:o.e.j.s.h.ContextHandler$Context->Thread:main] Initializing Spring root WebApplicationContext 
2019-04-18 21:45:38 INFO [Class:o.e.j.s.h.ContextHandler$Context->Thread:main] Initializing Spring FrameworkServlet 'springDispatcherServlet' 
2019-04-18 21:45:39 INFO [Class:o.e.j.s.AbstractConnector->Thread:main] Started SelectChannelConnector@0.0.0.0:10010 
2019-04-18 21:47:26 WARN [Class:o.e.j.s.ServletHandler->Thread:qtp15373792-23]  
org.springframework.web.util.NestedServletException: Request processing failed; nested exception is org.springframework.dao.DataIntegrityViolationException: 
### Error updating database.  Cause: com.mysql.jdbc.exceptions.jdbc4.MySQLIntegrityConstraintViolationException: Column 'id' cannot be null
### The error may involve com.api.hl.dao.TOrderReceiveDao.insertAll-Inline
### The error occurred while setting parameters
### SQL: INSERT INTO t_order_receive (             id,       order_id,       receive_time,       receive_number        )   VALUES (       ?,         ?,         ?,         ?     )
### Cause: com.mysql.jdbc.exceptions.jdbc4.MySQLIntegrityConstraintViolationException: Column 'id' cannot be null
; SQL []; Column 'id' cannot be null; nested exception is com.mysql.jdbc.exceptions.jdbc4.MySQLIntegrityConstraintViolationException: Column 'id' cannot be null
	at org.springframework.web.servlet.FrameworkServlet.processRequest(FrameworkServlet.java:948) ~[spring-webmvc-3.2.4.RELEASE.jar:3.2.4.RELEASE]
	at org.springframework.web.servlet.FrameworkServlet.doGet(FrameworkServlet.java:827) ~[spring-webmvc-3.2.4.RELEASE.jar:3.2.4.RELEASE]
	at javax.servlet.http.HttpServlet.service(HttpServlet.java:735) ~[javax.servlet-3.0.0.v201112011016.jar:na]
	at org.springframework.web.servlet.FrameworkServlet.service(FrameworkServlet.java:812) ~[spring-webmvc-3.2.4.RELEASE.jar:3.2.4.RELEASE]
	at javax.servlet.http.HttpServlet.service(HttpServlet.java:848) ~[javax.servlet-3.0.0.v201112011016.jar:na]
	at org.eclipse.jetty.servlet.ServletHolder.handle(ServletHolder.java:684) ~[jetty-all-8.1.17.v20150415.jar:8.1.17.v20150415]
	at org.eclipse.jetty.servlet.ServletHandler$CachedChain.doFilter(ServletHandler.java:1496) ~[jetty-all-8.1.17.v20150415.jar:8.1.17.v20150415]
	at aos.framework.web.filter.HttpApiNoTokenFilter.doFilter(HttpApiNoTokenFilter.java:103) ~[classes/:na]
	at org.eclipse.jetty.servlet.ServletHandler$CachedChain.doFilter(ServletHandler.java:1484) ~[jetty-all-8.1.17.v20150415.jar:8.1.17.v20150415]
	at aos.framework.web.filter.HttpFilter.doFilter(HttpFilter.java:45) ~[classes/:na]
	at org.eclipse.jetty.servlet.ServletHandler$CachedChain.doFilter(ServletHandler.java:1484) ~[jetty-all-8.1.17.v20150415.jar:8.1.17.v20150415]
	at org.springframework.web.filter.CharacterEncodingFilter.doFilterInternal(CharacterEncodingFilter.java:88) ~[spring-web-3.2.4.RELEASE.jar:3.2.4.RELEASE]
	at org.springframework.web.filter.OncePerRequestFilter.doFilter(OncePerRequestFilter.java:107) ~[spring-web-3.2.4.RELEASE.jar:3.2.4.RELEASE]
	at org.eclipse.jetty.servlet.ServletHandler$CachedChain.doFilter(ServletHandler.java:1476) ~[jetty-all-8.1.17.v20150415.jar:8.1.17.v20150415]
	at org.eclipse.jetty.servlet.ServletHandler.doHandle(ServletHandler.java:501) [jetty-all-8.1.17.v20150415.jar:8.1.17.v20150415]
	at org.eclipse.jetty.server.handler.ScopedHandler.handle(ScopedHandler.java:137) [jetty-all-8.1.17.v20150415.jar:8.1.17.v20150415]
	at org.eclipse.jetty.security.SecurityHandler.handle(SecurityHandler.java:557) [jetty-all-8.1.17.v20150415.jar:8.1.17.v20150415]
	at org.eclipse.jetty.server.session.SessionHandler.doHandle(SessionHandler.java:231) [jetty-all-8.1.17.v20150415.jar:8.1.17.v20150415]
	at org.eclipse.jetty.server.handler.ContextHandler.doHandle(ContextHandler.java:1086) [jetty-all-8.1.17.v20150415.jar:8.1.17.v20150415]
	at org.eclipse.jetty.servlet.ServletHandler.doScope(ServletHandler.java:429) [jetty-all-8.1.17.v20150415.jar:8.1.17.v20150415]
	at org.eclipse.jetty.server.session.SessionHandler.doScope(SessionHandler.java:193) [jetty-all-8.1.17.v20150415.jar:8.1.17.v20150415]
	at org.eclipse.jetty.server.handler.ContextHandler.doScope(ContextHandler.java:1020) [jetty-all-8.1.17.v20150415.jar:8.1.17.v20150415]
	at org.eclipse.jetty.server.handler.ScopedHandler.handle(ScopedHandler.java:135) [jetty-all-8.1.17.v20150415.jar:8.1.17.v20150415]
	at org.eclipse.jetty.server.handler.HandlerWrapper.handle(HandlerWrapper.java:116) [jetty-all-8.1.17.v20150415.jar:8.1.17.v20150415]
	at org.eclipse.jetty.server.Server.handle(Server.java:370) [jetty-all-8.1.17.v20150415.jar:8.1.17.v20150415]
	at org.eclipse.jetty.server.AbstractHttpConnection.handleRequest(AbstractHttpConnection.java:494) [jetty-all-8.1.17.v20150415.jar:8.1.17.v20150415]
	at org.eclipse.jetty.server.AbstractHttpConnection.headerComplete(AbstractHttpConnection.java:971) [jetty-all-8.1.17.v20150415.jar:8.1.17.v20150415]
	at org.eclipse.jetty.server.AbstractHttpConnection$RequestHandler.headerComplete(AbstractHttpConnection.java:1033) [jetty-all-8.1.17.v20150415.jar:8.1.17.v20150415]
	at org.eclipse.jetty.http.HttpParser.parseNext(HttpParser.java:644) [jetty-all-8.1.17.v20150415.jar:8.1.17.v20150415]
	at org.eclipse.jetty.http.HttpParser.parseAvailable(HttpParser.java:235) [jetty-all-8.1.17.v20150415.jar:8.1.17.v20150415]
	at org.eclipse.jetty.server.AsyncHttpConnection.handle(AsyncHttpConnection.java:82) [jetty-all-8.1.17.v20150415.jar:8.1.17.v20150415]
	at org.eclipse.jetty.io.nio.SelectChannelEndPoint.handle(SelectChannelEndPoint.java:696) [jetty-all-8.1.17.v20150415.jar:8.1.17.v20150415]
	at org.eclipse.jetty.io.nio.SelectChannelEndPoint$1.run(SelectChannelEndPoint.java:53) [jetty-all-8.1.17.v20150415.jar:8.1.17.v20150415]
	at org.eclipse.jetty.util.thread.QueuedThreadPool.runJob(QueuedThreadPool.java:608) [jetty-all-8.1.17.v20150415.jar:8.1.17.v20150415]
	at org.eclipse.jetty.util.thread.QueuedThreadPool$3.run(QueuedThreadPool.java:543) [jetty-all-8.1.17.v20150415.jar:8.1.17.v20150415]
	at java.lang.Thread.run(Thread.java:722) [na:1.7.0_01]
Caused by: org.springframework.dao.DataIntegrityViolationException: 
### Error updating database.  Cause: com.mysql.jdbc.exceptions.jdbc4.MySQLIntegrityConstraintViolationException: Column 'id' cannot be null
### The error may involve com.api.hl.dao.TOrderReceiveDao.insertAll-Inline
### The error occurred while setting parameters
### SQL: INSERT INTO t_order_receive (             id,       order_id,       receive_time,       receive_number        )   VALUES (       ?,         ?,         ?,         ?     )
### Cause: com.mysql.jdbc.exceptions.jdbc4.MySQLIntegrityConstraintViolationException: Column 'id' cannot be null
; SQL []; Column 'id' cannot be null; nested exception is com.mysql.jdbc.exceptions.jdbc4.MySQLIntegrityConstraintViolationException: Column 'id' cannot be null
	at org.springframework.jdbc.support.SQLExceptionSubclassTranslator.doTranslate(SQLExceptionSubclassTranslator.java:86) ~[spring-jdbc-3.2.4.RELEASE.jar:3.2.4.RELEASE]
	at org.springframework.jdbc.support.AbstractFallbackSQLExceptionTranslator.translate(AbstractFallbackSQLExceptionTranslator.java:72) ~[spring-jdbc-3.2.4.RELEASE.jar:3.2.4.RELEASE]
	at org.springframework.jdbc.support.AbstractFallbackSQLExceptionTranslator.translate(AbstractFallbackSQLExceptionTranslator.java:80) ~[spring-jdbc-3.2.4.RELEASE.jar:3.2.4.RELEASE]
	at org.mybatis.spring.MyBatisExceptionTranslator.translateExceptionIfPossible(MyBatisExceptionTranslator.java:71) ~[mybatis-spring-1.2.0.jar:na]
	at org.mybatis.spring.SqlSessionTemplate$SqlSessionInterceptor.invoke(SqlSessionTemplate.java:364) ~[mybatis-spring-1.2.0.jar:na]
	at $Proxy13.insert(Unknown Source) ~[na:na]
	at org.mybatis.spring.SqlSessionTemplate.insert(SqlSessionTemplate.java:236) ~[mybatis-spring-1.2.0.jar:na]
	at org.apache.ibatis.binding.MapperMethod.execute(MapperMethod.java:46) ~[mybatis-3.2.2.jar:na]
	at org.apache.ibatis.binding.MapperProxy.invoke(MapperProxy.java:43) ~[mybatis-3.2.2.jar:na]
	at $Proxy36.insertAll(Unknown Source) ~[na:na]
	at com.api.hl.controller.LoginContriller.add_order_receive(LoginContriller.java:664) ~[classes/:na]
	at sun.reflect.NativeMethodAccessorImpl.invoke0(Native Method) ~[na:1.7.0_01]
	at sun.reflect.NativeMethodAccessorImpl.invoke(NativeMethodAccessorImpl.java:57) ~[na:1.7.0_01]
	at sun.reflect.DelegatingMethodAccessorImpl.invoke(DelegatingMethodAccessorImpl.java:43) ~[na:1.7.0_01]
	at java.lang.reflect.Method.invoke(Method.java:601) ~[na:1.7.0_01]
	at org.springframework.web.method.support.InvocableHandlerMethod.invoke(InvocableHandlerMethod.java:219) ~[spring-web-3.2.4.RELEASE.jar:3.2.4.RELEASE]
	at org.springframework.web.method.support.InvocableHandlerMethod.invokeForRequest(InvocableHandlerMethod.java:132) ~[spring-web-3.2.4.RELEASE.jar:3.2.4.RELEASE]
	at org.springframework.web.servlet.mvc.method.annotation.ServletInvocableHandlerMethod.invokeAndHandle(ServletInvocableHandlerMethod.java:104) ~[spring-webmvc-3.2.4.RELEASE.jar:3.2.4.RELEASE]
	at org.springframework.web.servlet.mvc.method.annotation.RequestMappingHandlerAdapter.invokeHandleMethod(RequestMappingHandlerAdapter.java:745) ~[spring-webmvc-3.2.4.RELEASE.jar:3.2.4.RELEASE]
	at org.springframework.web.servlet.mvc.method.annotation.RequestMappingHandlerAdapter.handleInternal(RequestMappingHandlerAdapter.java:686) ~[spring-webmvc-3.2.4.RELEASE.jar:3.2.4.RELEASE]
	at org.springframework.web.servlet.mvc.method.AbstractHandlerMethodAdapter.handle(AbstractHandlerMethodAdapter.java:80) ~[spring-webmvc-3.2.4.RELEASE.jar:3.2.4.RELEASE]
	at org.springframework.web.servlet.DispatcherServlet.doDispatch(DispatcherServlet.java:925) ~[spring-webmvc-3.2.4.RELEASE.jar:3.2.4.RELEASE]
	at org.springframework.web.servlet.DispatcherServlet.doService(DispatcherServlet.java:856) ~[spring-webmvc-3.2.4.RELEASE.jar:3.2.4.RELEASE]
	at org.springframework.web.servlet.FrameworkServlet.processRequest(FrameworkServlet.java:936) ~[spring-webmvc-3.2.4.RELEASE.jar:3.2.4.RELEASE]
	... 35 common frames omitted
Caused by: com.mysql.jdbc.exceptions.jdbc4.MySQLIntegrityConstraintViolationException: Column 'id' cannot be null
	at sun.reflect.NativeConstructorAccessorImpl.newInstance0(Native Method) ~[na:1.7.0_01]
	at sun.reflect.NativeConstructorAccessorImpl.newInstance(NativeConstructorAccessorImpl.java:57) ~[na:1.7.0_01]
	at sun.reflect.DelegatingConstructorAccessorImpl.newInstance(DelegatingConstructorAccessorImpl.java:45) ~[na:1.7.0_01]
	at java.lang.reflect.Constructor.newInstance(Constructor.java:525) ~[na:1.7.0_01]
	at com.mysql.jdbc.Util.handleNewInstance(Util.java:404) ~[mysql-connector-java-5.1.37-bin.jar:5.1.37]
	at com.mysql.jdbc.Util.getInstance(Util.java:387) ~[mysql-connector-java-5.1.37-bin.jar:5.1.37]
	at com.mysql.jdbc.SQLError.createSQLException(SQLError.java:934) ~[mysql-connector-java-5.1.37-bin.jar:5.1.37]
	at com.mysql.jdbc.MysqlIO.checkErrorPacket(MysqlIO.java:3870) ~[mysql-connector-java-5.1.37-bin.jar:5.1.37]
	at com.mysql.jdbc.MysqlIO.checkErrorPacket(MysqlIO.java:3806) ~[mysql-connector-java-5.1.37-bin.jar:5.1.37]
	at com.mysql.jdbc.MysqlIO.sendCommand(MysqlIO.java:2470) ~[mysql-connector-java-5.1.37-bin.jar:5.1.37]
	at com.mysql.jdbc.MysqlIO.sqlQueryDirect(MysqlIO.java:2617) ~[mysql-connector-java-5.1.37-bin.jar:5.1.37]
	at com.mysql.jdbc.ConnectionImpl.execSQL(ConnectionImpl.java:2550) ~[mysql-connector-java-5.1.37-bin.jar:5.1.37]
	at com.mysql.jdbc.PreparedStatement.executeInternal(PreparedStatement.java:1861) ~[mysql-connector-java-5.1.37-bin.jar:5.1.37]
	at com.mysql.jdbc.PreparedStatement.execute(PreparedStatement.java:1192) ~[mysql-connector-java-5.1.37-bin.jar:5.1.37]
	at com.alibaba.druid.filter.FilterChainImpl.preparedStatement_execute(FilterChainImpl.java:2931) ~[druid-1.0.18.jar:1.0.18]
	at com.alibaba.druid.filter.FilterEventAdapter.preparedStatement_execute(FilterEventAdapter.java:440) ~[druid-1.0.18.jar:1.0.18]
	at com.alibaba.druid.filter.FilterChainImpl.preparedStatement_execute(FilterChainImpl.java:2929) ~[druid-1.0.18.jar:1.0.18]
	at com.alibaba.druid.proxy.jdbc.PreparedStatementProxyImpl.execute(PreparedStatementProxyImpl.java:131) ~[druid-1.0.18.jar:1.0.18]
	at com.alibaba.druid.pool.DruidPooledPreparedStatement.execute(DruidPooledPreparedStatement.java:493) ~[druid-1.0.18.jar:1.0.18]
	at org.apache.ibatis.executor.statement.PreparedStatementHandler.update(PreparedStatementHandler.java:41) ~[mybatis-3.2.2.jar:na]
	at org.apache.ibatis.executor.statement.RoutingStatementHandler.update(RoutingStatementHandler.java:66) ~[mybatis-3.2.2.jar:na]
	at sun.reflect.NativeMethodAccessorImpl.invoke0(Native Method) ~[na:1.7.0_01]
	at sun.reflect.NativeMethodAccessorImpl.invoke(NativeMethodAccessorImpl.java:57) ~[na:1.7.0_01]
	at sun.reflect.DelegatingMethodAccessorImpl.invoke(DelegatingMethodAccessorImpl.java:43) ~[na:1.7.0_01]
	at java.lang.reflect.Method.invoke(Method.java:601) ~[na:1.7.0_01]
	at org.apache.ibatis.plugin.Plugin.invoke(Plugin.java:59) ~[mybatis-3.2.2.jar:na]
	at $Proxy24.update(Unknown Source) ~[na:na]
	at org.apache.ibatis.executor.SimpleExecutor.doUpdate(SimpleExecutor.java:45) ~[mybatis-3.2.2.jar:na]
	at org.apache.ibatis.executor.BaseExecutor.update(BaseExecutor.java:100) ~[mybatis-3.2.2.jar:na]
	at org.apache.ibatis.session.defaults.DefaultSqlSession.update(DefaultSqlSession.java:148) ~[mybatis-3.2.2.jar:na]
	at org.apache.ibatis.session.defaults.DefaultSqlSession.insert(DefaultSqlSession.java:137) ~[mybatis-3.2.2.jar:na]
	at sun.reflect.NativeMethodAccessorImpl.invoke0(Native Method) ~[na:1.7.0_01]
	at sun.reflect.NativeMethodAccessorImpl.invoke(NativeMethodAccessorImpl.java:57) ~[na:1.7.0_01]
	at sun.reflect.DelegatingMethodAccessorImpl.invoke(DelegatingMethodAccessorImpl.java:43) ~[na:1.7.0_01]
	at java.lang.reflect.Method.invoke(Method.java:601) ~[na:1.7.0_01]
	at org.mybatis.spring.SqlSessionTemplate$SqlSessionInterceptor.invoke(SqlSessionTemplate.java:354) ~[mybatis-spring-1.2.0.jar:na]
	... 54 common frames omitted
2019-04-18 21:47:26 WARN [Class:o.e.j.s.ServletHandler->Thread:qtp15373792-23] /aosuite/notokenapi/app/v1/add_order_receive.jhtml 
org.springframework.dao.DataIntegrityViolationException: 
### Error updating database.  Cause: com.mysql.jdbc.exceptions.jdbc4.MySQLIntegrityConstraintViolationException: Column 'id' cannot be null
### The error may involve com.api.hl.dao.TOrderReceiveDao.insertAll-Inline
### The error occurred while setting parameters
### SQL: INSERT INTO t_order_receive (             id,       order_id,       receive_time,       receive_number        )   VALUES (       ?,         ?,         ?,         ?     )
### Cause: com.mysql.jdbc.exceptions.jdbc4.MySQLIntegrityConstraintViolationException: Column 'id' cannot be null
; SQL []; Column 'id' cannot be null; nested exception is com.mysql.jdbc.exceptions.jdbc4.MySQLIntegrityConstraintViolationException: Column 'id' cannot be null
	at org.springframework.jdbc.support.SQLExceptionSubclassTranslator.doTranslate(SQLExceptionSubclassTranslator.java:86) ~[spring-jdbc-3.2.4.RELEASE.jar:3.2.4.RELEASE]
	at org.springframework.jdbc.support.AbstractFallbackSQLExceptionTranslator.translate(AbstractFallbackSQLExceptionTranslator.java:72) ~[spring-jdbc-3.2.4.RELEASE.jar:3.2.4.RELEASE]
	at org.springframework.jdbc.support.AbstractFallbackSQLExceptionTranslator.translate(AbstractFallbackSQLExceptionTranslator.java:80) ~[spring-jdbc-3.2.4.RELEASE.jar:3.2.4.RELEASE]
	at org.mybatis.spring.MyBatisExceptionTranslator.translateExceptionIfPossible(MyBatisExceptionTranslator.java:71) ~[mybatis-spring-1.2.0.jar:na]
	at org.mybatis.spring.SqlSessionTemplate$SqlSessionInterceptor.invoke(SqlSessionTemplate.java:364) ~[mybatis-spring-1.2.0.jar:na]
	at $Proxy13.insert(Unknown Source) ~[na:na]
	at org.mybatis.spring.SqlSessionTemplate.insert(SqlSessionTemplate.java:236) ~[mybatis-spring-1.2.0.jar:na]
	at org.apache.ibatis.binding.MapperMethod.execute(MapperMethod.java:46) ~[mybatis-3.2.2.jar:na]
	at org.apache.ibatis.binding.MapperProxy.invoke(MapperProxy.java:43) ~[mybatis-3.2.2.jar:na]
	at $Proxy36.insertAll(Unknown Source) ~[na:na]
	at com.api.hl.controller.LoginContriller.add_order_receive(LoginContriller.java:664) ~[classes/:na]
	at sun.reflect.NativeMethodAccessorImpl.invoke0(Native Method) ~[na:1.7.0_01]
	at sun.reflect.NativeMethodAccessorImpl.invoke(NativeMethodAccessorImpl.java:57) ~[na:1.7.0_01]
	at sun.reflect.DelegatingMethodAccessorImpl.invoke(DelegatingMethodAccessorImpl.java:43) ~[na:1.7.0_01]
	at java.lang.reflect.Method.invoke(Method.java:601) ~[na:1.7.0_01]
	at org.springframework.web.method.support.InvocableHandlerMethod.invoke(InvocableHandlerMethod.java:219) ~[spring-web-3.2.4.RELEASE.jar:3.2.4.RELEASE]
	at org.springframework.web.method.support.InvocableHandlerMethod.invokeForRequest(InvocableHandlerMethod.java:132) ~[spring-web-3.2.4.RELEASE.jar:3.2.4.RELEASE]
	at org.springframework.web.servlet.mvc.method.annotation.ServletInvocableHandlerMethod.invokeAndHandle(ServletInvocableHandlerMethod.java:104) ~[spring-webmvc-3.2.4.RELEASE.jar:3.2.4.RELEASE]
	at org.springframework.web.servlet.mvc.method.annotation.RequestMappingHandlerAdapter.invokeHandleMethod(RequestMappingHandlerAdapter.java:745) ~[spring-webmvc-3.2.4.RELEASE.jar:3.2.4.RELEASE]
	at org.springframework.web.servlet.mvc.method.annotation.RequestMappingHandlerAdapter.handleInternal(RequestMappingHandlerAdapter.java:686) ~[spring-webmvc-3.2.4.RELEASE.jar:3.2.4.RELEASE]
	at org.springframework.web.servlet.mvc.method.AbstractHandlerMethodAdapter.handle(AbstractHandlerMethodAdapter.java:80) ~[spring-webmvc-3.2.4.RELEASE.jar:3.2.4.RELEASE]
	at org.springframework.web.servlet.DispatcherServlet.doDispatch(DispatcherServlet.java:925) ~[spring-webmvc-3.2.4.RELEASE.jar:3.2.4.RELEASE]
	at org.springframework.web.servlet.DispatcherServlet.doService(DispatcherServlet.java:856) ~[spring-webmvc-3.2.4.RELEASE.jar:3.2.4.RELEASE]
	at org.springframework.web.servlet.FrameworkServlet.processRequest(FrameworkServlet.java:936) ~[spring-webmvc-3.2.4.RELEASE.jar:3.2.4.RELEASE]
	at org.springframework.web.servlet.FrameworkServlet.doGet(FrameworkServlet.java:827) ~[spring-webmvc-3.2.4.RELEASE.jar:3.2.4.RELEASE]
	at javax.servlet.http.HttpServlet.service(HttpServlet.java:735) ~[javax.servlet-3.0.0.v201112011016.jar:na]
	at org.springframework.web.servlet.FrameworkServlet.service(FrameworkServlet.java:812) ~[spring-webmvc-3.2.4.RELEASE.jar:3.2.4.RELEASE]
	at javax.servlet.http.HttpServlet.service(HttpServlet.java:848) ~[javax.servlet-3.0.0.v201112011016.jar:na]
	at org.eclipse.jetty.servlet.ServletHolder.handle(ServletHolder.java:684) ~[jetty-all-8.1.17.v20150415.jar:8.1.17.v20150415]
	at org.eclipse.jetty.servlet.ServletHandler$CachedChain.doFilter(ServletHandler.java:1496) ~[jetty-all-8.1.17.v20150415.jar:8.1.17.v20150415]
	at aos.framework.web.filter.HttpApiNoTokenFilter.doFilter(HttpApiNoTokenFilter.java:103) ~[classes/:na]
	at org.eclipse.jetty.servlet.ServletHandler$CachedChain.doFilter(ServletHandler.java:1484) ~[jetty-all-8.1.17.v20150415.jar:8.1.17.v20150415]
	at aos.framework.web.filter.HttpFilter.doFilter(HttpFilter.java:45) ~[classes/:na]
	at org.eclipse.jetty.servlet.ServletHandler$CachedChain.doFilter(ServletHandler.java:1484) ~[jetty-all-8.1.17.v20150415.jar:8.1.17.v20150415]
	at org.springframework.web.filter.CharacterEncodingFilter.doFilterInternal(CharacterEncodingFilter.java:88) ~[spring-web-3.2.4.RELEASE.jar:3.2.4.RELEASE]
	at org.springframework.web.filter.OncePerRequestFilter.doFilter(OncePerRequestFilter.java:107) ~[spring-web-3.2.4.RELEASE.jar:3.2.4.RELEASE]
	at org.eclipse.jetty.servlet.ServletHandler$CachedChain.doFilter(ServletHandler.java:1476) ~[jetty-all-8.1.17.v20150415.jar:8.1.17.v20150415]
	at org.eclipse.jetty.servlet.ServletHandler.doHandle(ServletHandler.java:501) [jetty-all-8.1.17.v20150415.jar:8.1.17.v20150415]
	at org.eclipse.jetty.server.handler.ScopedHandler.handle(ScopedHandler.java:137) [jetty-all-8.1.17.v20150415.jar:8.1.17.v20150415]
	at org.eclipse.jetty.security.SecurityHandler.handle(SecurityHandler.java:557) [jetty-all-8.1.17.v20150415.jar:8.1.17.v20150415]
	at org.eclipse.jetty.server.session.SessionHandler.doHandle(SessionHandler.java:231) [jetty-all-8.1.17.v20150415.jar:8.1.17.v20150415]
	at org.eclipse.jetty.server.handler.ContextHandler.doHandle(ContextHandler.java:1086) [jetty-all-8.1.17.v20150415.jar:8.1.17.v20150415]
	at org.eclipse.jetty.servlet.ServletHandler.doScope(ServletHandler.java:429) [jetty-all-8.1.17.v20150415.jar:8.1.17.v20150415]
	at org.eclipse.jetty.server.session.SessionHandler.doScope(SessionHandler.java:193) [jetty-all-8.1.17.v20150415.jar:8.1.17.v20150415]
	at org.eclipse.jetty.server.handler.ContextHandler.doScope(ContextHandler.java:1020) [jetty-all-8.1.17.v20150415.jar:8.1.17.v20150415]
	at org.eclipse.jetty.server.handler.ScopedHandler.handle(ScopedHandler.java:135) [jetty-all-8.1.17.v20150415.jar:8.1.17.v20150415]
	at org.eclipse.jetty.server.handler.HandlerWrapper.handle(HandlerWrapper.java:116) [jetty-all-8.1.17.v20150415.jar:8.1.17.v20150415]
	at org.eclipse.jetty.server.Server.handle(Server.java:370) [jetty-all-8.1.17.v20150415.jar:8.1.17.v20150415]
	at org.eclipse.jetty.server.AbstractHttpConnection.handleRequest(AbstractHttpConnection.java:494) [jetty-all-8.1.17.v20150415.jar:8.1.17.v20150415]
	at org.eclipse.jetty.server.AbstractHttpConnection.headerComplete(AbstractHttpConnection.java:971) [jetty-all-8.1.17.v20150415.jar:8.1.17.v20150415]
	at org.eclipse.jetty.server.AbstractHttpConnection$RequestHandler.headerComplete(AbstractHttpConnection.java:1033) [jetty-all-8.1.17.v20150415.jar:8.1.17.v20150415]
	at org.eclipse.jetty.http.HttpParser.parseNext(HttpParser.java:644) [jetty-all-8.1.17.v20150415.jar:8.1.17.v20150415]
	at org.eclipse.jetty.http.HttpParser.parseAvailable(HttpParser.java:235) [jetty-all-8.1.17.v20150415.jar:8.1.17.v20150415]
	at org.eclipse.jetty.server.AsyncHttpConnection.handle(AsyncHttpConnection.java:82) [jetty-all-8.1.17.v20150415.jar:8.1.17.v20150415]
	at org.eclipse.jetty.io.nio.SelectChannelEndPoint.handle(SelectChannelEndPoint.java:696) [jetty-all-8.1.17.v20150415.jar:8.1.17.v20150415]
	at org.eclipse.jetty.io.nio.SelectChannelEndPoint$1.run(SelectChannelEndPoint.java:53) [jetty-all-8.1.17.v20150415.jar:8.1.17.v20150415]
	at org.eclipse.jetty.util.thread.QueuedThreadPool.runJob(QueuedThreadPool.java:608) [jetty-all-8.1.17.v20150415.jar:8.1.17.v20150415]
	at org.eclipse.jetty.util.thread.QueuedThreadPool$3.run(QueuedThreadPool.java:543) [jetty-all-8.1.17.v20150415.jar:8.1.17.v20150415]
	at java.lang.Thread.run(Thread.java:722) [na:1.7.0_01]
Caused by: com.mysql.jdbc.exceptions.jdbc4.MySQLIntegrityConstraintViolationException: Column 'id' cannot be null
	at sun.reflect.NativeConstructorAccessorImpl.newInstance0(Native Method) ~[na:1.7.0_01]
	at sun.reflect.NativeConstructorAccessorImpl.newInstance(NativeConstructorAccessorImpl.java:57) ~[na:1.7.0_01]
	at sun.reflect.DelegatingConstructorAccessorImpl.newInstance(DelegatingConstructorAccessorImpl.java:45) ~[na:1.7.0_01]
	at java.lang.reflect.Constructor.newInstance(Constructor.java:525) ~[na:1.7.0_01]
	at com.mysql.jdbc.Util.handleNewInstance(Util.java:404) ~[mysql-connector-java-5.1.37-bin.jar:5.1.37]
	at com.mysql.jdbc.Util.getInstance(Util.java:387) ~[mysql-connector-java-5.1.37-bin.jar:5.1.37]
	at com.mysql.jdbc.SQLError.createSQLException(SQLError.java:934) ~[mysql-connector-java-5.1.37-bin.jar:5.1.37]
	at com.mysql.jdbc.MysqlIO.checkErrorPacket(MysqlIO.java:3870) ~[mysql-connector-java-5.1.37-bin.jar:5.1.37]
	at com.mysql.jdbc.MysqlIO.checkErrorPacket(MysqlIO.java:3806) ~[mysql-connector-java-5.1.37-bin.jar:5.1.37]
	at com.mysql.jdbc.MysqlIO.sendCommand(MysqlIO.java:2470) ~[mysql-connector-java-5.1.37-bin.jar:5.1.37]
	at com.mysql.jdbc.MysqlIO.sqlQueryDirect(MysqlIO.java:2617) ~[mysql-connector-java-5.1.37-bin.jar:5.1.37]
	at com.mysql.jdbc.ConnectionImpl.execSQL(ConnectionImpl.java:2550) ~[mysql-connector-java-5.1.37-bin.jar:5.1.37]
	at com.mysql.jdbc.PreparedStatement.executeInternal(PreparedStatement.java:1861) ~[mysql-connector-java-5.1.37-bin.jar:5.1.37]
	at com.mysql.jdbc.PreparedStatement.execute(PreparedStatement.java:1192) ~[mysql-connector-java-5.1.37-bin.jar:5.1.37]
	at com.alibaba.druid.filter.FilterChainImpl.preparedStatement_execute(FilterChainImpl.java:2931) ~[druid-1.0.18.jar:1.0.18]
	at com.alibaba.druid.filter.FilterEventAdapter.preparedStatement_execute(FilterEventAdapter.java:440) ~[druid-1.0.18.jar:1.0.18]
	at com.alibaba.druid.filter.FilterChainImpl.preparedStatement_execute(FilterChainImpl.java:2929) ~[druid-1.0.18.jar:1.0.18]
	at com.alibaba.druid.proxy.jdbc.PreparedStatementProxyImpl.execute(PreparedStatementProxyImpl.java:131) ~[druid-1.0.18.jar:1.0.18]
	at com.alibaba.druid.pool.DruidPooledPreparedStatement.execute(DruidPooledPreparedStatement.java:493) ~[druid-1.0.18.jar:1.0.18]
	at org.apache.ibatis.executor.statement.PreparedStatementHandler.update(PreparedStatementHandler.java:41) ~[mybatis-3.2.2.jar:na]
	at org.apache.ibatis.executor.statement.RoutingStatementHandler.update(RoutingStatementHandler.java:66) ~[mybatis-3.2.2.jar:na]
	at sun.reflect.NativeMethodAccessorImpl.invoke0(Native Method) ~[na:1.7.0_01]
	at sun.reflect.NativeMethodAccessorImpl.invoke(NativeMethodAccessorImpl.java:57) ~[na:1.7.0_01]
	at sun.reflect.DelegatingMethodAccessorImpl.invoke(DelegatingMethodAccessorImpl.java:43) ~[na:1.7.0_01]
	at java.lang.reflect.Method.invoke(Method.java:601) ~[na:1.7.0_01]
	at org.apache.ibatis.plugin.Plugin.invoke(Plugin.java:59) ~[mybatis-3.2.2.jar:na]
	at $Proxy24.update(Unknown Source) ~[na:na]
	at org.apache.ibatis.executor.SimpleExecutor.doUpdate(SimpleExecutor.java:45) ~[mybatis-3.2.2.jar:na]
	at org.apache.ibatis.executor.BaseExecutor.update(BaseExecutor.java:100) ~[mybatis-3.2.2.jar:na]
	at org.apache.ibatis.session.defaults.DefaultSqlSession.update(DefaultSqlSession.java:148) ~[mybatis-3.2.2.jar:na]
	at org.apache.ibatis.session.defaults.DefaultSqlSession.insert(DefaultSqlSession.java:137) ~[mybatis-3.2.2.jar:na]
	at sun.reflect.NativeMethodAccessorImpl.invoke0(Native Method) ~[na:1.7.0_01]
	at sun.reflect.NativeMethodAccessorImpl.invoke(NativeMethodAccessorImpl.java:57) ~[na:1.7.0_01]
	at sun.reflect.DelegatingMethodAccessorImpl.invoke(DelegatingMethodAccessorImpl.java:43) ~[na:1.7.0_01]
	at java.lang.reflect.Method.invoke(Method.java:601) ~[na:1.7.0_01]
	at org.mybatis.spring.SqlSessionTemplate$SqlSessionInterceptor.invoke(SqlSessionTemplate.java:354) ~[mybatis-spring-1.2.0.jar:na]
	... 54 common frames omitted
2019-04-18 21:48:11 INFO [Class:o.e.j.s.Server->Thread:main] jetty-8.1.17.v20150415 
2019-04-18 21:48:13 INFO [Class:o.e.j.s.h.ContextHandler$Context->Thread:main] Initializing Spring root WebApplicationContext 
2019-04-18 21:48:46 INFO [Class:o.e.j.s.h.ContextHandler$Context->Thread:main] Initializing Spring FrameworkServlet 'springDispatcherServlet' 
2019-04-18 21:48:47 INFO [Class:o.e.j.s.AbstractConnector->Thread:main] Started SelectChannelConnector@0.0.0.0:10010 
2019-04-18 21:49:00 WARN [Class:o.e.j.s.ServletHandler->Thread:qtp18202692-19]  
org.springframework.web.util.NestedServletException: Request processing failed; nested exception is org.springframework.jdbc.BadSqlGrammarException: 
### Error updating database.  Cause: com.mysql.jdbc.exceptions.jdbc4.MySQLSyntaxErrorException: You have an error in your SQL syntax; check the manual that corresponds to your MySQL server version for the right syntax to use near ')VALUES(
		 
	          '63001f81949e4fcebe1942a464c8f426', 
	     
		 
	       ' at line 12
### The error may involve com.api.hl.dao.TOrderReceiveDao.insert-Inline
### The error occurred while setting parameters
### SQL: INSERT INTO t_order_receive (               order_id,                    receive_time,                    receive_number,            )VALUES(                ?,                        ?,                        ?,               )
### Cause: com.mysql.jdbc.exceptions.jdbc4.MySQLSyntaxErrorException: You have an error in your SQL syntax; check the manual that corresponds to your MySQL server version for the right syntax to use near ')VALUES(
		 
	          '63001f81949e4fcebe1942a464c8f426', 
	     
		 
	       ' at line 12
; bad SQL grammar []; nested exception is com.mysql.jdbc.exceptions.jdbc4.MySQLSyntaxErrorException: You have an error in your SQL syntax; check the manual that corresponds to your MySQL server version for the right syntax to use near ')VALUES(
		 
	          '63001f81949e4fcebe1942a464c8f426', 
	     
		 
	       ' at line 12
	at org.springframework.web.servlet.FrameworkServlet.processRequest(FrameworkServlet.java:948) ~[spring-webmvc-3.2.4.RELEASE.jar:3.2.4.RELEASE]
	at org.springframework.web.servlet.FrameworkServlet.doGet(FrameworkServlet.java:827) ~[spring-webmvc-3.2.4.RELEASE.jar:3.2.4.RELEASE]
	at javax.servlet.http.HttpServlet.service(HttpServlet.java:735) ~[javax.servlet-3.0.0.v201112011016.jar:na]
	at org.springframework.web.servlet.FrameworkServlet.service(FrameworkServlet.java:812) ~[spring-webmvc-3.2.4.RELEASE.jar:3.2.4.RELEASE]
	at javax.servlet.http.HttpServlet.service(HttpServlet.java:848) ~[javax.servlet-3.0.0.v201112011016.jar:na]
	at org.eclipse.jetty.servlet.ServletHolder.handle(ServletHolder.java:684) ~[jetty-all-8.1.17.v20150415.jar:8.1.17.v20150415]
	at org.eclipse.jetty.servlet.ServletHandler$CachedChain.doFilter(ServletHandler.java:1496) ~[jetty-all-8.1.17.v20150415.jar:8.1.17.v20150415]
	at aos.framework.web.filter.HttpApiNoTokenFilter.doFilter(HttpApiNoTokenFilter.java:103) ~[classes/:na]
	at org.eclipse.jetty.servlet.ServletHandler$CachedChain.doFilter(ServletHandler.java:1484) ~[jetty-all-8.1.17.v20150415.jar:8.1.17.v20150415]
	at aos.framework.web.filter.HttpFilter.doFilter(HttpFilter.java:45) ~[classes/:na]
	at org.eclipse.jetty.servlet.ServletHandler$CachedChain.doFilter(ServletHandler.java:1484) ~[jetty-all-8.1.17.v20150415.jar:8.1.17.v20150415]
	at org.springframework.web.filter.CharacterEncodingFilter.doFilterInternal(CharacterEncodingFilter.java:88) ~[spring-web-3.2.4.RELEASE.jar:3.2.4.RELEASE]
	at org.springframework.web.filter.OncePerRequestFilter.doFilter(OncePerRequestFilter.java:107) ~[spring-web-3.2.4.RELEASE.jar:3.2.4.RELEASE]
	at org.eclipse.jetty.servlet.ServletHandler$CachedChain.doFilter(ServletHandler.java:1476) ~[jetty-all-8.1.17.v20150415.jar:8.1.17.v20150415]
	at org.eclipse.jetty.servlet.ServletHandler.doHandle(ServletHandler.java:501) [jetty-all-8.1.17.v20150415.jar:8.1.17.v20150415]
	at org.eclipse.jetty.server.handler.ScopedHandler.handle(ScopedHandler.java:137) [jetty-all-8.1.17.v20150415.jar:8.1.17.v20150415]
	at org.eclipse.jetty.security.SecurityHandler.handle(SecurityHandler.java:557) [jetty-all-8.1.17.v20150415.jar:8.1.17.v20150415]
	at org.eclipse.jetty.server.session.SessionHandler.doHandle(SessionHandler.java:231) [jetty-all-8.1.17.v20150415.jar:8.1.17.v20150415]
	at org.eclipse.jetty.server.handler.ContextHandler.doHandle(ContextHandler.java:1086) [jetty-all-8.1.17.v20150415.jar:8.1.17.v20150415]
	at org.eclipse.jetty.servlet.ServletHandler.doScope(ServletHandler.java:429) [jetty-all-8.1.17.v20150415.jar:8.1.17.v20150415]
	at org.eclipse.jetty.server.session.SessionHandler.doScope(SessionHandler.java:193) [jetty-all-8.1.17.v20150415.jar:8.1.17.v20150415]
	at org.eclipse.jetty.server.handler.ContextHandler.doScope(ContextHandler.java:1020) [jetty-all-8.1.17.v20150415.jar:8.1.17.v20150415]
	at org.eclipse.jetty.server.handler.ScopedHandler.handle(ScopedHandler.java:135) [jetty-all-8.1.17.v20150415.jar:8.1.17.v20150415]
	at org.eclipse.jetty.server.handler.HandlerWrapper.handle(HandlerWrapper.java:116) [jetty-all-8.1.17.v20150415.jar:8.1.17.v20150415]
	at org.eclipse.jetty.server.Server.handle(Server.java:370) [jetty-all-8.1.17.v20150415.jar:8.1.17.v20150415]
	at org.eclipse.jetty.server.AbstractHttpConnection.handleRequest(AbstractHttpConnection.java:494) [jetty-all-8.1.17.v20150415.jar:8.1.17.v20150415]
	at org.eclipse.jetty.server.AbstractHttpConnection.headerComplete(AbstractHttpConnection.java:971) [jetty-all-8.1.17.v20150415.jar:8.1.17.v20150415]
	at org.eclipse.jetty.server.AbstractHttpConnection$RequestHandler.headerComplete(AbstractHttpConnection.java:1033) [jetty-all-8.1.17.v20150415.jar:8.1.17.v20150415]
	at org.eclipse.jetty.http.HttpParser.parseNext(HttpParser.java:644) [jetty-all-8.1.17.v20150415.jar:8.1.17.v20150415]
	at org.eclipse.jetty.http.HttpParser.parseAvailable(HttpParser.java:235) [jetty-all-8.1.17.v20150415.jar:8.1.17.v20150415]
	at org.eclipse.jetty.server.AsyncHttpConnection.handle(AsyncHttpConnection.java:82) [jetty-all-8.1.17.v20150415.jar:8.1.17.v20150415]
	at org.eclipse.jetty.io.nio.SelectChannelEndPoint.handle(SelectChannelEndPoint.java:696) [jetty-all-8.1.17.v20150415.jar:8.1.17.v20150415]
	at org.eclipse.jetty.io.nio.SelectChannelEndPoint$1.run(SelectChannelEndPoint.java:53) [jetty-all-8.1.17.v20150415.jar:8.1.17.v20150415]
	at org.eclipse.jetty.util.thread.QueuedThreadPool.runJob(QueuedThreadPool.java:608) [jetty-all-8.1.17.v20150415.jar:8.1.17.v20150415]
	at org.eclipse.jetty.util.thread.QueuedThreadPool$3.run(QueuedThreadPool.java:543) [jetty-all-8.1.17.v20150415.jar:8.1.17.v20150415]
	at java.lang.Thread.run(Thread.java:722) [na:1.7.0_01]
Caused by: org.springframework.jdbc.BadSqlGrammarException: 
### Error updating database.  Cause: com.mysql.jdbc.exceptions.jdbc4.MySQLSyntaxErrorException: You have an error in your SQL syntax; check the manual that corresponds to your MySQL server version for the right syntax to use near ')VALUES(
		 
	          '63001f81949e4fcebe1942a464c8f426', 
	     
		 
	       ' at line 12
### The error may involve com.api.hl.dao.TOrderReceiveDao.insert-Inline
### The error occurred while setting parameters
### SQL: INSERT INTO t_order_receive (               order_id,                    receive_time,                    receive_number,            )VALUES(                ?,                        ?,                        ?,               )
### Cause: com.mysql.jdbc.exceptions.jdbc4.MySQLSyntaxErrorException: You have an error in your SQL syntax; check the manual that corresponds to your MySQL server version for the right syntax to use near ')VALUES(
		 
	          '63001f81949e4fcebe1942a464c8f426', 
	     
		 
	       ' at line 12
; bad SQL grammar []; nested exception is com.mysql.jdbc.exceptions.jdbc4.MySQLSyntaxErrorException: You have an error in your SQL syntax; check the manual that corresponds to your MySQL server version for the right syntax to use near ')VALUES(
		 
	          '63001f81949e4fcebe1942a464c8f426', 
	     
		 
	       ' at line 12
	at org.springframework.jdbc.support.SQLErrorCodeSQLExceptionTranslator.doTranslate(SQLErrorCodeSQLExceptionTranslator.java:237) ~[spring-jdbc-3.2.4.RELEASE.jar:3.2.4.RELEASE]
	at org.springframework.jdbc.support.AbstractFallbackSQLExceptionTranslator.translate(AbstractFallbackSQLExceptionTranslator.java:72) ~[spring-jdbc-3.2.4.RELEASE.jar:3.2.4.RELEASE]
	at org.mybatis.spring.MyBatisExceptionTranslator.translateExceptionIfPossible(MyBatisExceptionTranslator.java:71) ~[mybatis-spring-1.2.0.jar:na]
	at org.mybatis.spring.SqlSessionTemplate$SqlSessionInterceptor.invoke(SqlSessionTemplate.java:364) ~[mybatis-spring-1.2.0.jar:na]
	at $Proxy13.insert(Unknown Source) ~[na:na]
	at org.mybatis.spring.SqlSessionTemplate.insert(SqlSessionTemplate.java:236) ~[mybatis-spring-1.2.0.jar:na]
	at org.apache.ibatis.binding.MapperMethod.execute(MapperMethod.java:46) ~[mybatis-3.2.2.jar:na]
	at org.apache.ibatis.binding.MapperProxy.invoke(MapperProxy.java:43) ~[mybatis-3.2.2.jar:na]
	at $Proxy36.insert(Unknown Source) ~[na:na]
	at com.api.hl.controller.LoginContriller.add_order_receive(LoginContriller.java:664) ~[classes/:na]
	at sun.reflect.NativeMethodAccessorImpl.invoke0(Native Method) ~[na:1.7.0_01]
	at sun.reflect.NativeMethodAccessorImpl.invoke(NativeMethodAccessorImpl.java:57) ~[na:1.7.0_01]
	at sun.reflect.DelegatingMethodAccessorImpl.invoke(DelegatingMethodAccessorImpl.java:43) ~[na:1.7.0_01]
	at java.lang.reflect.Method.invoke(Method.java:601) ~[na:1.7.0_01]
	at org.springframework.web.method.support.InvocableHandlerMethod.invoke(InvocableHandlerMethod.java:219) ~[spring-web-3.2.4.RELEASE.jar:3.2.4.RELEASE]
	at org.springframework.web.method.support.InvocableHandlerMethod.invokeForRequest(InvocableHandlerMethod.java:132) ~[spring-web-3.2.4.RELEASE.jar:3.2.4.RELEASE]
	at org.springframework.web.servlet.mvc.method.annotation.ServletInvocableHandlerMethod.invokeAndHandle(ServletInvocableHandlerMethod.java:104) ~[spring-webmvc-3.2.4.RELEASE.jar:3.2.4.RELEASE]
	at org.springframework.web.servlet.mvc.method.annotation.RequestMappingHandlerAdapter.invokeHandleMethod(RequestMappingHandlerAdapter.java:745) ~[spring-webmvc-3.2.4.RELEASE.jar:3.2.4.RELEASE]
	at org.springframework.web.servlet.mvc.method.annotation.RequestMappingHandlerAdapter.handleInternal(RequestMappingHandlerAdapter.java:686) ~[spring-webmvc-3.2.4.RELEASE.jar:3.2.4.RELEASE]
	at org.springframework.web.servlet.mvc.method.AbstractHandlerMethodAdapter.handle(AbstractHandlerMethodAdapter.java:80) ~[spring-webmvc-3.2.4.RELEASE.jar:3.2.4.RELEASE]
	at org.springframework.web.servlet.DispatcherServlet.doDispatch(DispatcherServlet.java:925) ~[spring-webmvc-3.2.4.RELEASE.jar:3.2.4.RELEASE]
	at org.springframework.web.servlet.DispatcherServlet.doService(DispatcherServlet.java:856) ~[spring-webmvc-3.2.4.RELEASE.jar:3.2.4.RELEASE]
	at org.springframework.web.servlet.FrameworkServlet.processRequest(FrameworkServlet.java:936) ~[spring-webmvc-3.2.4.RELEASE.jar:3.2.4.RELEASE]
	... 35 common frames omitted
Caused by: com.mysql.jdbc.exceptions.jdbc4.MySQLSyntaxErrorException: You have an error in your SQL syntax; check the manual that corresponds to your MySQL server version for the right syntax to use near ')VALUES(
		 
	          '63001f81949e4fcebe1942a464c8f426', 
	     
		 
	       ' at line 12
	at sun.reflect.NativeConstructorAccessorImpl.newInstance0(Native Method) ~[na:1.7.0_01]
	at sun.reflect.NativeConstructorAccessorImpl.newInstance(NativeConstructorAccessorImpl.java:57) ~[na:1.7.0_01]
	at sun.reflect.DelegatingConstructorAccessorImpl.newInstance(DelegatingConstructorAccessorImpl.java:45) ~[na:1.7.0_01]
	at java.lang.reflect.Constructor.newInstance(Constructor.java:525) ~[na:1.7.0_01]
	at com.mysql.jdbc.Util.handleNewInstance(Util.java:404) ~[mysql-connector-java-5.1.37-bin.jar:5.1.37]
	at com.mysql.jdbc.Util.getInstance(Util.java:387) ~[mysql-connector-java-5.1.37-bin.jar:5.1.37]
	at com.mysql.jdbc.SQLError.createSQLException(SQLError.java:941) ~[mysql-connector-java-5.1.37-bin.jar:5.1.37]
	at com.mysql.jdbc.MysqlIO.checkErrorPacket(MysqlIO.java:3870) ~[mysql-connector-java-5.1.37-bin.jar:5.1.37]
	at com.mysql.jdbc.MysqlIO.checkErrorPacket(MysqlIO.java:3806) ~[mysql-connector-java-5.1.37-bin.jar:5.1.37]
	at com.mysql.jdbc.MysqlIO.sendCommand(MysqlIO.java:2470) ~[mysql-connector-java-5.1.37-bin.jar:5.1.37]
	at com.mysql.jdbc.MysqlIO.sqlQueryDirect(MysqlIO.java:2617) ~[mysql-connector-java-5.1.37-bin.jar:5.1.37]
	at com.mysql.jdbc.ConnectionImpl.execSQL(ConnectionImpl.java:2550) ~[mysql-connector-java-5.1.37-bin.jar:5.1.37]
	at com.mysql.jdbc.PreparedStatement.executeInternal(PreparedStatement.java:1861) ~[mysql-connector-java-5.1.37-bin.jar:5.1.37]
	at com.mysql.jdbc.PreparedStatement.execute(PreparedStatement.java:1192) ~[mysql-connector-java-5.1.37-bin.jar:5.1.37]
	at com.alibaba.druid.filter.FilterChainImpl.preparedStatement_execute(FilterChainImpl.java:2931) ~[druid-1.0.18.jar:1.0.18]
	at com.alibaba.druid.filter.FilterEventAdapter.preparedStatement_execute(FilterEventAdapter.java:440) ~[druid-1.0.18.jar:1.0.18]
	at com.alibaba.druid.filter.FilterChainImpl.preparedStatement_execute(FilterChainImpl.java:2929) ~[druid-1.0.18.jar:1.0.18]
	at com.alibaba.druid.proxy.jdbc.PreparedStatementProxyImpl.execute(PreparedStatementProxyImpl.java:131) ~[druid-1.0.18.jar:1.0.18]
	at com.alibaba.druid.pool.DruidPooledPreparedStatement.execute(DruidPooledPreparedStatement.java:493) ~[druid-1.0.18.jar:1.0.18]
	at org.apache.ibatis.executor.statement.PreparedStatementHandler.update(PreparedStatementHandler.java:41) ~[mybatis-3.2.2.jar:na]
	at org.apache.ibatis.executor.statement.RoutingStatementHandler.update(RoutingStatementHandler.java:66) ~[mybatis-3.2.2.jar:na]
	at sun.reflect.NativeMethodAccessorImpl.invoke0(Native Method) ~[na:1.7.0_01]
	at sun.reflect.NativeMethodAccessorImpl.invoke(NativeMethodAccessorImpl.java:57) ~[na:1.7.0_01]
	at sun.reflect.DelegatingMethodAccessorImpl.invoke(DelegatingMethodAccessorImpl.java:43) ~[na:1.7.0_01]
	at java.lang.reflect.Method.invoke(Method.java:601) ~[na:1.7.0_01]
	at org.apache.ibatis.plugin.Plugin.invoke(Plugin.java:59) ~[mybatis-3.2.2.jar:na]
	at $Proxy24.update(Unknown Source) ~[na:na]
	at org.apache.ibatis.executor.SimpleExecutor.doUpdate(SimpleExecutor.java:45) ~[mybatis-3.2.2.jar:na]
	at org.apache.ibatis.executor.BaseExecutor.update(BaseExecutor.java:100) ~[mybatis-3.2.2.jar:na]
	at org.apache.ibatis.session.defaults.DefaultSqlSession.update(DefaultSqlSession.java:148) ~[mybatis-3.2.2.jar:na]
	at org.apache.ibatis.session.defaults.DefaultSqlSession.insert(DefaultSqlSession.java:137) ~[mybatis-3.2.2.jar:na]
	at sun.reflect.NativeMethodAccessorImpl.invoke0(Native Method) ~[na:1.7.0_01]
	at sun.reflect.NativeMethodAccessorImpl.invoke(NativeMethodAccessorImpl.java:57) ~[na:1.7.0_01]
	at sun.reflect.DelegatingMethodAccessorImpl.invoke(DelegatingMethodAccessorImpl.java:43) ~[na:1.7.0_01]
	at java.lang.reflect.Method.invoke(Method.java:601) ~[na:1.7.0_01]
	at org.mybatis.spring.SqlSessionTemplate$SqlSessionInterceptor.invoke(SqlSessionTemplate.java:354) ~[mybatis-spring-1.2.0.jar:na]
	... 54 common frames omitted
2019-04-18 21:49:00 WARN [Class:o.e.j.s.ServletHandler->Thread:qtp18202692-19] /aosuite/notokenapi/app/v1/add_order_receive.jhtml 
org.springframework.jdbc.BadSqlGrammarException: 
### Error updating database.  Cause: com.mysql.jdbc.exceptions.jdbc4.MySQLSyntaxErrorException: You have an error in your SQL syntax; check the manual that corresponds to your MySQL server version for the right syntax to use near ')VALUES(
		 
	          '63001f81949e4fcebe1942a464c8f426', 
	     
		 
	       ' at line 12
### The error may involve com.api.hl.dao.TOrderReceiveDao.insert-Inline
### The error occurred while setting parameters
### SQL: INSERT INTO t_order_receive (               order_id,                    receive_time,                    receive_number,            )VALUES(                ?,                        ?,                        ?,               )
### Cause: com.mysql.jdbc.exceptions.jdbc4.MySQLSyntaxErrorException: You have an error in your SQL syntax; check the manual that corresponds to your MySQL server version for the right syntax to use near ')VALUES(
		 
	          '63001f81949e4fcebe1942a464c8f426', 
	     
		 
	       ' at line 12
; bad SQL grammar []; nested exception is com.mysql.jdbc.exceptions.jdbc4.MySQLSyntaxErrorException: You have an error in your SQL syntax; check the manual that corresponds to your MySQL server version for the right syntax to use near ')VALUES(
		 
	          '63001f81949e4fcebe1942a464c8f426', 
	     
		 
	       ' at line 12
	at org.springframework.jdbc.support.SQLErrorCodeSQLExceptionTranslator.doTranslate(SQLErrorCodeSQLExceptionTranslator.java:237) ~[spring-jdbc-3.2.4.RELEASE.jar:3.2.4.RELEASE]
	at org.springframework.jdbc.support.AbstractFallbackSQLExceptionTranslator.translate(AbstractFallbackSQLExceptionTranslator.java:72) ~[spring-jdbc-3.2.4.RELEASE.jar:3.2.4.RELEASE]
	at org.mybatis.spring.MyBatisExceptionTranslator.translateExceptionIfPossible(MyBatisExceptionTranslator.java:71) ~[mybatis-spring-1.2.0.jar:na]
	at org.mybatis.spring.SqlSessionTemplate$SqlSessionInterceptor.invoke(SqlSessionTemplate.java:364) ~[mybatis-spring-1.2.0.jar:na]
	at $Proxy13.insert(Unknown Source) ~[na:na]
	at org.mybatis.spring.SqlSessionTemplate.insert(SqlSessionTemplate.java:236) ~[mybatis-spring-1.2.0.jar:na]
	at org.apache.ibatis.binding.MapperMethod.execute(MapperMethod.java:46) ~[mybatis-3.2.2.jar:na]
	at org.apache.ibatis.binding.MapperProxy.invoke(MapperProxy.java:43) ~[mybatis-3.2.2.jar:na]
	at $Proxy36.insert(Unknown Source) ~[na:na]
	at com.api.hl.controller.LoginContriller.add_order_receive(LoginContriller.java:664) ~[classes/:na]
	at sun.reflect.NativeMethodAccessorImpl.invoke0(Native Method) ~[na:1.7.0_01]
	at sun.reflect.NativeMethodAccessorImpl.invoke(NativeMethodAccessorImpl.java:57) ~[na:1.7.0_01]
	at sun.reflect.DelegatingMethodAccessorImpl.invoke(DelegatingMethodAccessorImpl.java:43) ~[na:1.7.0_01]
	at java.lang.reflect.Method.invoke(Method.java:601) ~[na:1.7.0_01]
	at org.springframework.web.method.support.InvocableHandlerMethod.invoke(InvocableHandlerMethod.java:219) ~[spring-web-3.2.4.RELEASE.jar:3.2.4.RELEASE]
	at org.springframework.web.method.support.InvocableHandlerMethod.invokeForRequest(InvocableHandlerMethod.java:132) ~[spring-web-3.2.4.RELEASE.jar:3.2.4.RELEASE]
	at org.springframework.web.servlet.mvc.method.annotation.ServletInvocableHandlerMethod.invokeAndHandle(ServletInvocableHandlerMethod.java:104) ~[spring-webmvc-3.2.4.RELEASE.jar:3.2.4.RELEASE]
	at org.springframework.web.servlet.mvc.method.annotation.RequestMappingHandlerAdapter.invokeHandleMethod(RequestMappingHandlerAdapter.java:745) ~[spring-webmvc-3.2.4.RELEASE.jar:3.2.4.RELEASE]
	at org.springframework.web.servlet.mvc.method.annotation.RequestMappingHandlerAdapter.handleInternal(RequestMappingHandlerAdapter.java:686) ~[spring-webmvc-3.2.4.RELEASE.jar:3.2.4.RELEASE]
	at org.springframework.web.servlet.mvc.method.AbstractHandlerMethodAdapter.handle(AbstractHandlerMethodAdapter.java:80) ~[spring-webmvc-3.2.4.RELEASE.jar:3.2.4.RELEASE]
	at org.springframework.web.servlet.DispatcherServlet.doDispatch(DispatcherServlet.java:925) ~[spring-webmvc-3.2.4.RELEASE.jar:3.2.4.RELEASE]
	at org.springframework.web.servlet.DispatcherServlet.doService(DispatcherServlet.java:856) ~[spring-webmvc-3.2.4.RELEASE.jar:3.2.4.RELEASE]
	at org.springframework.web.servlet.FrameworkServlet.processRequest(FrameworkServlet.java:936) ~[spring-webmvc-3.2.4.RELEASE.jar:3.2.4.RELEASE]
	at org.springframework.web.servlet.FrameworkServlet.doGet(FrameworkServlet.java:827) ~[spring-webmvc-3.2.4.RELEASE.jar:3.2.4.RELEASE]
	at javax.servlet.http.HttpServlet.service(HttpServlet.java:735) ~[javax.servlet-3.0.0.v201112011016.jar:na]
	at org.springframework.web.servlet.FrameworkServlet.service(FrameworkServlet.java:812) ~[spring-webmvc-3.2.4.RELEASE.jar:3.2.4.RELEASE]
	at javax.servlet.http.HttpServlet.service(HttpServlet.java:848) ~[javax.servlet-3.0.0.v201112011016.jar:na]
	at org.eclipse.jetty.servlet.ServletHolder.handle(ServletHolder.java:684) ~[jetty-all-8.1.17.v20150415.jar:8.1.17.v20150415]
	at org.eclipse.jetty.servlet.ServletHandler$CachedChain.doFilter(ServletHandler.java:1496) ~[jetty-all-8.1.17.v20150415.jar:8.1.17.v20150415]
	at aos.framework.web.filter.HttpApiNoTokenFilter.doFilter(HttpApiNoTokenFilter.java:103) ~[classes/:na]
	at org.eclipse.jetty.servlet.ServletHandler$CachedChain.doFilter(ServletHandler.java:1484) ~[jetty-all-8.1.17.v20150415.jar:8.1.17.v20150415]
	at aos.framework.web.filter.HttpFilter.doFilter(HttpFilter.java:45) ~[classes/:na]
	at org.eclipse.jetty.servlet.ServletHandler$CachedChain.doFilter(ServletHandler.java:1484) ~[jetty-all-8.1.17.v20150415.jar:8.1.17.v20150415]
	at org.springframework.web.filter.CharacterEncodingFilter.doFilterInternal(CharacterEncodingFilter.java:88) ~[spring-web-3.2.4.RELEASE.jar:3.2.4.RELEASE]
	at org.springframework.web.filter.OncePerRequestFilter.doFilter(OncePerRequestFilter.java:107) ~[spring-web-3.2.4.RELEASE.jar:3.2.4.RELEASE]
	at org.eclipse.jetty.servlet.ServletHandler$CachedChain.doFilter(ServletHandler.java:1476) ~[jetty-all-8.1.17.v20150415.jar:8.1.17.v20150415]
	at org.eclipse.jetty.servlet.ServletHandler.doHandle(ServletHandler.java:501) [jetty-all-8.1.17.v20150415.jar:8.1.17.v20150415]
	at org.eclipse.jetty.server.handler.ScopedHandler.handle(ScopedHandler.java:137) [jetty-all-8.1.17.v20150415.jar:8.1.17.v20150415]
	at org.eclipse.jetty.security.SecurityHandler.handle(SecurityHandler.java:557) [jetty-all-8.1.17.v20150415.jar:8.1.17.v20150415]
	at org.eclipse.jetty.server.session.SessionHandler.doHandle(SessionHandler.java:231) [jetty-all-8.1.17.v20150415.jar:8.1.17.v20150415]
	at org.eclipse.jetty.server.handler.ContextHandler.doHandle(ContextHandler.java:1086) [jetty-all-8.1.17.v20150415.jar:8.1.17.v20150415]
	at org.eclipse.jetty.servlet.ServletHandler.doScope(ServletHandler.java:429) [jetty-all-8.1.17.v20150415.jar:8.1.17.v20150415]
	at org.eclipse.jetty.server.session.SessionHandler.doScope(SessionHandler.java:193) [jetty-all-8.1.17.v20150415.jar:8.1.17.v20150415]
	at org.eclipse.jetty.server.handler.ContextHandler.doScope(ContextHandler.java:1020) [jetty-all-8.1.17.v20150415.jar:8.1.17.v20150415]
	at org.eclipse.jetty.server.handler.ScopedHandler.handle(ScopedHandler.java:135) [jetty-all-8.1.17.v20150415.jar:8.1.17.v20150415]
	at org.eclipse.jetty.server.handler.HandlerWrapper.handle(HandlerWrapper.java:116) [jetty-all-8.1.17.v20150415.jar:8.1.17.v20150415]
	at org.eclipse.jetty.server.Server.handle(Server.java:370) [jetty-all-8.1.17.v20150415.jar:8.1.17.v20150415]
	at org.eclipse.jetty.server.AbstractHttpConnection.handleRequest(AbstractHttpConnection.java:494) [jetty-all-8.1.17.v20150415.jar:8.1.17.v20150415]
	at org.eclipse.jetty.server.AbstractHttpConnection.headerComplete(AbstractHttpConnection.java:971) [jetty-all-8.1.17.v20150415.jar:8.1.17.v20150415]
	at org.eclipse.jetty.server.AbstractHttpConnection$RequestHandler.headerComplete(AbstractHttpConnection.java:1033) [jetty-all-8.1.17.v20150415.jar:8.1.17.v20150415]
	at org.eclipse.jetty.http.HttpParser.parseNext(HttpParser.java:644) [jetty-all-8.1.17.v20150415.jar:8.1.17.v20150415]
	at org.eclipse.jetty.http.HttpParser.parseAvailable(HttpParser.java:235) [jetty-all-8.1.17.v20150415.jar:8.1.17.v20150415]
	at org.eclipse.jetty.server.AsyncHttpConnection.handle(AsyncHttpConnection.java:82) [jetty-all-8.1.17.v20150415.jar:8.1.17.v20150415]
	at org.eclipse.jetty.io.nio.SelectChannelEndPoint.handle(SelectChannelEndPoint.java:696) [jetty-all-8.1.17.v20150415.jar:8.1.17.v20150415]
	at org.eclipse.jetty.io.nio.SelectChannelEndPoint$1.run(SelectChannelEndPoint.java:53) [jetty-all-8.1.17.v20150415.jar:8.1.17.v20150415]
	at org.eclipse.jetty.util.thread.QueuedThreadPool.runJob(QueuedThreadPool.java:608) [jetty-all-8.1.17.v20150415.jar:8.1.17.v20150415]
	at org.eclipse.jetty.util.thread.QueuedThreadPool$3.run(QueuedThreadPool.java:543) [jetty-all-8.1.17.v20150415.jar:8.1.17.v20150415]
	at java.lang.Thread.run(Thread.java:722) [na:1.7.0_01]
Caused by: com.mysql.jdbc.exceptions.jdbc4.MySQLSyntaxErrorException: You have an error in your SQL syntax; check the manual that corresponds to your MySQL server version for the right syntax to use near ')VALUES(
		 
	          '63001f81949e4fcebe1942a464c8f426', 
	     
		 
	       ' at line 12
	at sun.reflect.NativeConstructorAccessorImpl.newInstance0(Native Method) ~[na:1.7.0_01]
	at sun.reflect.NativeConstructorAccessorImpl.newInstance(NativeConstructorAccessorImpl.java:57) ~[na:1.7.0_01]
	at sun.reflect.DelegatingConstructorAccessorImpl.newInstance(DelegatingConstructorAccessorImpl.java:45) ~[na:1.7.0_01]
	at java.lang.reflect.Constructor.newInstance(Constructor.java:525) ~[na:1.7.0_01]
	at com.mysql.jdbc.Util.handleNewInstance(Util.java:404) ~[mysql-connector-java-5.1.37-bin.jar:5.1.37]
	at com.mysql.jdbc.Util.getInstance(Util.java:387) ~[mysql-connector-java-5.1.37-bin.jar:5.1.37]
	at com.mysql.jdbc.SQLError.createSQLException(SQLError.java:941) ~[mysql-connector-java-5.1.37-bin.jar:5.1.37]
	at com.mysql.jdbc.MysqlIO.checkErrorPacket(MysqlIO.java:3870) ~[mysql-connector-java-5.1.37-bin.jar:5.1.37]
	at com.mysql.jdbc.MysqlIO.checkErrorPacket(MysqlIO.java:3806) ~[mysql-connector-java-5.1.37-bin.jar:5.1.37]
	at com.mysql.jdbc.MysqlIO.sendCommand(MysqlIO.java:2470) ~[mysql-connector-java-5.1.37-bin.jar:5.1.37]
	at com.mysql.jdbc.MysqlIO.sqlQueryDirect(MysqlIO.java:2617) ~[mysql-connector-java-5.1.37-bin.jar:5.1.37]
	at com.mysql.jdbc.ConnectionImpl.execSQL(ConnectionImpl.java:2550) ~[mysql-connector-java-5.1.37-bin.jar:5.1.37]
	at com.mysql.jdbc.PreparedStatement.executeInternal(PreparedStatement.java:1861) ~[mysql-connector-java-5.1.37-bin.jar:5.1.37]
	at com.mysql.jdbc.PreparedStatement.execute(PreparedStatement.java:1192) ~[mysql-connector-java-5.1.37-bin.jar:5.1.37]
	at com.alibaba.druid.filter.FilterChainImpl.preparedStatement_execute(FilterChainImpl.java:2931) ~[druid-1.0.18.jar:1.0.18]
	at com.alibaba.druid.filter.FilterEventAdapter.preparedStatement_execute(FilterEventAdapter.java:440) ~[druid-1.0.18.jar:1.0.18]
	at com.alibaba.druid.filter.FilterChainImpl.preparedStatement_execute(FilterChainImpl.java:2929) ~[druid-1.0.18.jar:1.0.18]
	at com.alibaba.druid.proxy.jdbc.PreparedStatementProxyImpl.execute(PreparedStatementProxyImpl.java:131) ~[druid-1.0.18.jar:1.0.18]
	at com.alibaba.druid.pool.DruidPooledPreparedStatement.execute(DruidPooledPreparedStatement.java:493) ~[druid-1.0.18.jar:1.0.18]
	at org.apache.ibatis.executor.statement.PreparedStatementHandler.update(PreparedStatementHandler.java:41) ~[mybatis-3.2.2.jar:na]
	at org.apache.ibatis.executor.statement.RoutingStatementHandler.update(RoutingStatementHandler.java:66) ~[mybatis-3.2.2.jar:na]
	at sun.reflect.NativeMethodAccessorImpl.invoke0(Native Method) ~[na:1.7.0_01]
	at sun.reflect.NativeMethodAccessorImpl.invoke(NativeMethodAccessorImpl.java:57) ~[na:1.7.0_01]
	at sun.reflect.DelegatingMethodAccessorImpl.invoke(DelegatingMethodAccessorImpl.java:43) ~[na:1.7.0_01]
	at java.lang.reflect.Method.invoke(Method.java:601) ~[na:1.7.0_01]
	at org.apache.ibatis.plugin.Plugin.invoke(Plugin.java:59) ~[mybatis-3.2.2.jar:na]
	at $Proxy24.update(Unknown Source) ~[na:na]
	at org.apache.ibatis.executor.SimpleExecutor.doUpdate(SimpleExecutor.java:45) ~[mybatis-3.2.2.jar:na]
	at org.apache.ibatis.executor.BaseExecutor.update(BaseExecutor.java:100) ~[mybatis-3.2.2.jar:na]
	at org.apache.ibatis.session.defaults.DefaultSqlSession.update(DefaultSqlSession.java:148) ~[mybatis-3.2.2.jar:na]
	at org.apache.ibatis.session.defaults.DefaultSqlSession.insert(DefaultSqlSession.java:137) ~[mybatis-3.2.2.jar:na]
	at sun.reflect.NativeMethodAccessorImpl.invoke0(Native Method) ~[na:1.7.0_01]
	at sun.reflect.NativeMethodAccessorImpl.invoke(NativeMethodAccessorImpl.java:57) ~[na:1.7.0_01]
	at sun.reflect.DelegatingMethodAccessorImpl.invoke(DelegatingMethodAccessorImpl.java:43) ~[na:1.7.0_01]
	at java.lang.reflect.Method.invoke(Method.java:601) ~[na:1.7.0_01]
	at org.mybatis.spring.SqlSessionTemplate$SqlSessionInterceptor.invoke(SqlSessionTemplate.java:354) ~[mybatis-spring-1.2.0.jar:na]
	... 54 common frames omitted
2019-04-18 21:53:54 INFO [Class:o.e.j.s.Server->Thread:main] jetty-8.1.17.v20150415 
2019-04-18 21:53:56 INFO [Class:o.e.j.s.h.ContextHandler$Context->Thread:main] Initializing Spring root WebApplicationContext 
2019-04-18 21:54:45 INFO [Class:o.e.j.s.h.ContextHandler$Context->Thread:main] Initializing Spring FrameworkServlet 'springDispatcherServlet' 
2019-04-18 21:54:47 INFO [Class:o.e.j.s.AbstractConnector->Thread:main] Started SelectChannelConnector@0.0.0.0:10010 
2019-04-18 22:11:19 INFO [Class:o.e.j.s.Server->Thread:main] jetty-8.1.17.v20150415 
2019-04-18 22:11:20 INFO [Class:o.e.j.s.h.ContextHandler$Context->Thread:main] Initializing Spring root WebApplicationContext 
2019-04-18 22:11:26 WARN [Class:o.e.j.w.WebAppContext->Thread:main] Failed startup of context o.e.j.w.WebAppContext{/aosuite,file:/F:/cahce/hl/hl/zjc/webapp/} 
org.springframework.beans.factory.BeanCreationException: Error creating bean with name 'demoAccountDao' defined in file [F:\cahce\hl\hl\zjc\webapp\WEB-INF\classes\aos\demo\dao\DemoAccountDao.class]: Cannot resolve reference to bean 'sqlSessionFactory' while setting bean property 'sqlSessionFactory'; nested exception is org.springframework.beans.factory.BeanCreationException: Error creating bean with name 'sqlSessionFactory' defined in class path resource [aos.cxt.xml]: Cannot resolve reference to bean 'dataSource' while setting bean property 'dataSource'; nested exception is org.springframework.beans.factory.BeanCreationException: Error creating bean with name 'dataSource' defined in class path resource [aos.cxt.xml]: Invocation of init method failed; nested exception is com.mysql.jdbc.exceptions.jdbc4.MySQLNonTransientConnectionException: Could not create connection to database server. Attempted reconnect 3 times. Giving up.
	at org.springframework.beans.factory.support.BeanDefinitionValueResolver.resolveReference(BeanDefinitionValueResolver.java:329) ~[spring-beans-3.2.4.RELEASE.jar:3.2.4.RELEASE]
	at org.springframework.beans.factory.support.BeanDefinitionValueResolver.resolveValueIfNecessary(BeanDefinitionValueResolver.java:107) ~[spring-beans-3.2.4.RELEASE.jar:3.2.4.RELEASE]
	at org.springframework.beans.factory.support.AbstractAutowireCapableBeanFactory.applyPropertyValues(AbstractAutowireCapableBeanFactory.java:1387) ~[spring-beans-3.2.4.RELEASE.jar:3.2.4.RELEASE]
	at org.springframework.beans.factory.support.AbstractAutowireCapableBeanFactory.populateBean(AbstractAutowireCapableBeanFactory.java:1128) ~[spring-beans-3.2.4.RELEASE.jar:3.2.4.RELEASE]
	at org.springframework.beans.factory.support.AbstractAutowireCapableBeanFactory.doCreateBean(AbstractAutowireCapableBeanFactory.java:519) ~[spring-beans-3.2.4.RELEASE.jar:3.2.4.RELEASE]
	at org.springframework.beans.factory.support.AbstractAutowireCapableBeanFactory.createBean(AbstractAutowireCapableBeanFactory.java:458) ~[spring-beans-3.2.4.RELEASE.jar:3.2.4.RELEASE]
	at org.springframework.beans.factory.support.AbstractBeanFactory$1.getObject(AbstractBeanFactory.java:295) ~[spring-beans-3.2.4.RELEASE.jar:3.2.4.RELEASE]
	at org.springframework.beans.factory.support.DefaultSingletonBeanRegistry.getSingleton(DefaultSingletonBeanRegistry.java:223) ~[spring-beans-3.2.4.RELEASE.jar:3.2.4.RELEASE]
	at org.springframework.beans.factory.support.AbstractBeanFactory.doGetBean(AbstractBeanFactory.java:292) ~[spring-beans-3.2.4.RELEASE.jar:3.2.4.RELEASE]
	at org.springframework.beans.factory.support.AbstractBeanFactory.getBean(AbstractBeanFactory.java:194) ~[spring-beans-3.2.4.RELEASE.jar:3.2.4.RELEASE]
	at org.springframework.beans.factory.support.DefaultListableBeanFactory.preInstantiateSingletons(DefaultListableBeanFactory.java:610) ~[spring-beans-3.2.4.RELEASE.jar:3.2.4.RELEASE]
	at org.springframework.context.support.AbstractApplicationContext.finishBeanFactoryInitialization(AbstractApplicationContext.java:932) ~[spring-context-3.2.4.RELEASE.jar:3.2.4.RELEASE]
	at org.springframework.context.support.AbstractApplicationContext.refresh(AbstractApplicationContext.java:479) ~[spring-context-3.2.4.RELEASE.jar:3.2.4.RELEASE]
	at org.springframework.web.context.ContextLoader.configureAndRefreshWebApplicationContext(ContextLoader.java:389) ~[spring-web-3.2.4.RELEASE.jar:3.2.4.RELEASE]
	at org.springframework.web.context.ContextLoader.initWebApplicationContext(ContextLoader.java:294) ~[spring-web-3.2.4.RELEASE.jar:3.2.4.RELEASE]
	at org.springframework.web.context.ContextLoaderListener.contextInitialized(ContextLoaderListener.java:112) ~[spring-web-3.2.4.RELEASE.jar:3.2.4.RELEASE]
	at org.eclipse.jetty.server.handler.ContextHandler.callContextInitialized(ContextHandler.java:782) ~[jetty-all-8.1.17.v20150415.jar:8.1.17.v20150415]
	at org.eclipse.jetty.servlet.ServletContextHandler.callContextInitialized(ServletContextHandler.java:424) ~[jetty-all-8.1.17.v20150415.jar:8.1.17.v20150415]
	at org.eclipse.jetty.server.handler.ContextHandler.startContext(ContextHandler.java:774) ~[jetty-all-8.1.17.v20150415.jar:8.1.17.v20150415]
	at org.eclipse.jetty.servlet.ServletContextHandler.startContext(ServletContextHandler.java:249) ~[jetty-all-8.1.17.v20150415.jar:8.1.17.v20150415]
	at org.eclipse.jetty.webapp.WebAppContext.startContext(WebAppContext.java:1242) ~[jetty-all-8.1.17.v20150415.jar:8.1.17.v20150415]
	at org.eclipse.jetty.server.handler.ContextHandler.doStart(ContextHandler.java:717) ~[jetty-all-8.1.17.v20150415.jar:8.1.17.v20150415]
	at org.eclipse.jetty.webapp.WebAppContext.doStart(WebAppContext.java:494) ~[jetty-all-8.1.17.v20150415.jar:8.1.17.v20150415]
	at org.eclipse.jetty.util.component.AbstractLifeCycle.start(AbstractLifeCycle.java:64) [jetty-all-8.1.17.v20150415.jar:8.1.17.v20150415]
	at org.eclipse.jetty.server.handler.HandlerWrapper.doStart(HandlerWrapper.java:95) [jetty-all-8.1.17.v20150415.jar:8.1.17.v20150415]
	at org.eclipse.jetty.server.Server.doStart(Server.java:282) [jetty-all-8.1.17.v20150415.jar:8.1.17.v20150415]
	at org.eclipse.jetty.util.component.AbstractLifeCycle.start(AbstractLifeCycle.java:64) [jetty-all-8.1.17.v20150415.jar:8.1.17.v20150415]
	at aos.framework.core.server.AOSServer.start(AOSServer.java:82) [classes/:na]
	at aos.framework.AOS.main(AOS.java:27) [classes/:na]
Caused by: org.springframework.beans.factory.BeanCreationException: Error creating bean with name 'sqlSessionFactory' defined in class path resource [aos.cxt.xml]: Cannot resolve reference to bean 'dataSource' while setting bean property 'dataSource'; nested exception is org.springframework.beans.factory.BeanCreationException: Error creating bean with name 'dataSource' defined in class path resource [aos.cxt.xml]: Invocation of init method failed; nested exception is com.mysql.jdbc.exceptions.jdbc4.MySQLNonTransientConnectionException: Could not create connection to database server. Attempted reconnect 3 times. Giving up.
	at org.springframework.beans.factory.support.BeanDefinitionValueResolver.resolveReference(BeanDefinitionValueResolver.java:329) ~[spring-beans-3.2.4.RELEASE.jar:3.2.4.RELEASE]
	at org.springframework.beans.factory.support.BeanDefinitionValueResolver.resolveValueIfNecessary(BeanDefinitionValueResolver.java:107) ~[spring-beans-3.2.4.RELEASE.jar:3.2.4.RELEASE]
	at org.springframework.beans.factory.support.AbstractAutowireCapableBeanFactory.applyPropertyValues(AbstractAutowireCapableBeanFactory.java:1387) ~[spring-beans-3.2.4.RELEASE.jar:3.2.4.RELEASE]
	at org.springframework.beans.factory.support.AbstractAutowireCapableBeanFactory.populateBean(AbstractAutowireCapableBeanFactory.java:1128) ~[spring-beans-3.2.4.RELEASE.jar:3.2.4.RELEASE]
	at org.springframework.beans.factory.support.AbstractAutowireCapableBeanFactory.doCreateBean(AbstractAutowireCapableBeanFactory.java:519) ~[spring-beans-3.2.4.RELEASE.jar:3.2.4.RELEASE]
	at org.springframework.beans.factory.support.AbstractAutowireCapableBeanFactory.createBean(AbstractAutowireCapableBeanFactory.java:458) ~[spring-beans-3.2.4.RELEASE.jar:3.2.4.RELEASE]
	at org.springframework.beans.factory.support.AbstractBeanFactory$1.getObject(AbstractBeanFactory.java:295) ~[spring-beans-3.2.4.RELEASE.jar:3.2.4.RELEASE]
	at org.springframework.beans.factory.support.DefaultSingletonBeanRegistry.getSingleton(DefaultSingletonBeanRegistry.java:223) ~[spring-beans-3.2.4.RELEASE.jar:3.2.4.RELEASE]
	at org.springframework.beans.factory.support.AbstractBeanFactory.doGetBean(AbstractBeanFactory.java:292) ~[spring-beans-3.2.4.RELEASE.jar:3.2.4.RELEASE]
	at org.springframework.beans.factory.support.AbstractBeanFactory.getBean(AbstractBeanFactory.java:194) ~[spring-beans-3.2.4.RELEASE.jar:3.2.4.RELEASE]
	at org.springframework.beans.factory.support.BeanDefinitionValueResolver.resolveReference(BeanDefinitionValueResolver.java:323) ~[spring-beans-3.2.4.RELEASE.jar:3.2.4.RELEASE]
	... 28 common frames omitted
Caused by: org.springframework.beans.factory.BeanCreationException: Error creating bean with name 'dataSource' defined in class path resource [aos.cxt.xml]: Invocation of init method failed; nested exception is com.mysql.jdbc.exceptions.jdbc4.MySQLNonTransientConnectionException: Could not create connection to database server. Attempted reconnect 3 times. Giving up.
	at org.springframework.beans.factory.support.AbstractAutowireCapableBeanFactory.initializeBean(AbstractAutowireCapableBeanFactory.java:1482) ~[spring-beans-3.2.4.RELEASE.jar:3.2.4.RELEASE]
	at org.springframework.beans.factory.support.AbstractAutowireCapableBeanFactory.doCreateBean(AbstractAutowireCapableBeanFactory.java:521) ~[spring-beans-3.2.4.RELEASE.jar:3.2.4.RELEASE]
	at org.springframework.beans.factory.support.AbstractAutowireCapableBeanFactory.createBean(AbstractAutowireCapableBeanFactory.java:458) ~[spring-beans-3.2.4.RELEASE.jar:3.2.4.RELEASE]
	at org.springframework.beans.factory.support.AbstractBeanFactory$1.getObject(AbstractBeanFactory.java:295) ~[spring-beans-3.2.4.RELEASE.jar:3.2.4.RELEASE]
	at org.springframework.beans.factory.support.DefaultSingletonBeanRegistry.getSingleton(DefaultSingletonBeanRegistry.java:223) ~[spring-beans-3.2.4.RELEASE.jar:3.2.4.RELEASE]
	at org.springframework.beans.factory.support.AbstractBeanFactory.doGetBean(AbstractBeanFactory.java:292) ~[spring-beans-3.2.4.RELEASE.jar:3.2.4.RELEASE]
	at org.springframework.beans.factory.support.AbstractBeanFactory.getBean(AbstractBeanFactory.java:194) ~[spring-beans-3.2.4.RELEASE.jar:3.2.4.RELEASE]
	at org.springframework.beans.factory.support.BeanDefinitionValueResolver.resolveReference(BeanDefinitionValueResolver.java:323) ~[spring-beans-3.2.4.RELEASE.jar:3.2.4.RELEASE]
	... 38 common frames omitted
Caused by: com.mysql.jdbc.exceptions.jdbc4.MySQLNonTransientConnectionException: Could not create connection to database server. Attempted reconnect 3 times. Giving up.
	at sun.reflect.NativeConstructorAccessorImpl.newInstance0(Native Method) ~[na:1.7.0_01]
	at sun.reflect.NativeConstructorAccessorImpl.newInstance(NativeConstructorAccessorImpl.java:57) ~[na:1.7.0_01]
	at sun.reflect.DelegatingConstructorAccessorImpl.newInstance(DelegatingConstructorAccessorImpl.java:45) ~[na:1.7.0_01]
	at java.lang.reflect.Constructor.newInstance(Constructor.java:525) ~[na:1.7.0_01]
	at com.mysql.jdbc.Util.handleNewInstance(Util.java:404) ~[mysql-connector-java-5.1.37-bin.jar:5.1.37]
	at com.mysql.jdbc.Util.getInstance(Util.java:387) ~[mysql-connector-java-5.1.37-bin.jar:5.1.37]
	at com.mysql.jdbc.SQLError.createSQLException(SQLError.java:919) ~[mysql-connector-java-5.1.37-bin.jar:5.1.37]
	at com.mysql.jdbc.SQLError.createSQLException(SQLError.java:898) ~[mysql-connector-java-5.1.37-bin.jar:5.1.37]
	at com.mysql.jdbc.SQLError.createSQLException(SQLError.java:887) ~[mysql-connector-java-5.1.37-bin.jar:5.1.37]
	at com.mysql.jdbc.SQLError.createSQLException(SQLError.java:862) ~[mysql-connector-java-5.1.37-bin.jar:5.1.37]
	at com.mysql.jdbc.ConnectionImpl.connectWithRetries(ConnectionImpl.java:2164) ~[mysql-connector-java-5.1.37-bin.jar:5.1.37]
	at com.mysql.jdbc.ConnectionImpl.createNewIO(ConnectionImpl.java:2089) ~[mysql-connector-java-5.1.37-bin.jar:5.1.37]
	at com.mysql.jdbc.ConnectionImpl.<init>(ConnectionImpl.java:795) ~[mysql-connector-java-5.1.37-bin.jar:5.1.37]
	at com.mysql.jdbc.JDBC4Connection.<init>(JDBC4Connection.java:44) ~[mysql-connector-java-5.1.37-bin.jar:5.1.37]
	at sun.reflect.NativeConstructorAccessorImpl.newInstance0(Native Method) ~[na:1.7.0_01]
	at sun.reflect.NativeConstructorAccessorImpl.newInstance(NativeConstructorAccessorImpl.java:57) ~[na:1.7.0_01]
	at sun.reflect.DelegatingConstructorAccessorImpl.newInstance(DelegatingConstructorAccessorImpl.java:45) ~[na:1.7.0_01]
	at java.lang.reflect.Constructor.newInstance(Constructor.java:525) ~[na:1.7.0_01]
	at com.mysql.jdbc.Util.handleNewInstance(Util.java:404) ~[mysql-connector-java-5.1.37-bin.jar:5.1.37]
	at com.mysql.jdbc.ConnectionImpl.getInstance(ConnectionImpl.java:400) ~[mysql-connector-java-5.1.37-bin.jar:5.1.37]
	at com.mysql.jdbc.NonRegisteringDriver.connect(NonRegisteringDriver.java:327) ~[mysql-connector-java-5.1.37-bin.jar:5.1.37]
	at com.alibaba.druid.filter.FilterChainImpl.connection_connect(FilterChainImpl.java:148) ~[druid-1.0.18.jar:1.0.18]
	at com.alibaba.druid.filter.stat.StatFilter.connection_connect(StatFilter.java:211) ~[druid-1.0.18.jar:1.0.18]
	at com.alibaba.druid.filter.FilterChainImpl.connection_connect(FilterChainImpl.java:142) ~[druid-1.0.18.jar:1.0.18]
	at com.alibaba.druid.pool.DruidAbstractDataSource.createPhysicalConnection(DruidAbstractDataSource.java:1410) ~[druid-1.0.18.jar:1.0.18]
	at com.alibaba.druid.pool.DruidAbstractDataSource.createPhysicalConnection(DruidAbstractDataSource.java:1464) ~[druid-1.0.18.jar:1.0.18]
	at com.alibaba.druid.pool.DruidDataSource.init(DruidDataSource.java:683) ~[druid-1.0.18.jar:1.0.18]
	at sun.reflect.NativeMethodAccessorImpl.invoke0(Native Method) ~[na:1.7.0_01]
	at sun.reflect.NativeMethodAccessorImpl.invoke(NativeMethodAccessorImpl.java:57) ~[na:1.7.0_01]
	at sun.reflect.DelegatingMethodAccessorImpl.invoke(DelegatingMethodAccessorImpl.java:43) ~[na:1.7.0_01]
	at java.lang.reflect.Method.invoke(Method.java:601) ~[na:1.7.0_01]
	at org.springframework.beans.factory.support.AbstractAutowireCapableBeanFactory.invokeCustomInitMethod(AbstractAutowireCapableBeanFactory.java:1608) ~[spring-beans-3.2.4.RELEASE.jar:3.2.4.RELEASE]
	at org.springframework.beans.factory.support.AbstractAutowireCapableBeanFactory.invokeInitMethods(AbstractAutowireCapableBeanFactory.java:1549) ~[spring-beans-3.2.4.RELEASE.jar:3.2.4.RELEASE]
	at org.springframework.beans.factory.support.AbstractAutowireCapableBeanFactory.initializeBean(AbstractAutowireCapableBeanFactory.java:1479) ~[spring-beans-3.2.4.RELEASE.jar:3.2.4.RELEASE]
	... 45 common frames omitted
Caused by: com.mysql.jdbc.exceptions.jdbc4.MySQLNonTransientConnectionException: Data source rejected establishment of connection,  message from server: "Too many connections"
	at sun.reflect.NativeConstructorAccessorImpl.newInstance0(Native Method) ~[na:1.7.0_01]
	at sun.reflect.NativeConstructorAccessorImpl.newInstance(NativeConstructorAccessorImpl.java:57) ~[na:1.7.0_01]
	at sun.reflect.DelegatingConstructorAccessorImpl.newInstance(DelegatingConstructorAccessorImpl.java:45) ~[na:1.7.0_01]
	at java.lang.reflect.Constructor.newInstance(Constructor.java:525) ~[na:1.7.0_01]
	at com.mysql.jdbc.Util.handleNewInstance(Util.java:404) ~[mysql-connector-java-5.1.37-bin.jar:5.1.37]
	at com.mysql.jdbc.Util.getInstance(Util.java:387) ~[mysql-connector-java-5.1.37-bin.jar:5.1.37]
	at com.mysql.jdbc.SQLError.createSQLException(SQLError.java:919) ~[mysql-connector-java-5.1.37-bin.jar:5.1.37]
	at com.mysql.jdbc.SQLError.createSQLException(SQLError.java:898) ~[mysql-connector-java-5.1.37-bin.jar:5.1.37]
	at com.mysql.jdbc.SQLError.createSQLException(SQLError.java:887) ~[mysql-connector-java-5.1.37-bin.jar:5.1.37]
	at com.mysql.jdbc.MysqlIO.doHandshake(MysqlIO.java:1038) ~[mysql-connector-java-5.1.37-bin.jar:5.1.37]
	at com.mysql.jdbc.ConnectionImpl.coreConnect(ConnectionImpl.java:2254) ~[mysql-connector-java-5.1.37-bin.jar:5.1.37]
	at com.mysql.jdbc.ConnectionImpl.connectWithRetries(ConnectionImpl.java:2105) ~[mysql-connector-java-5.1.37-bin.jar:5.1.37]
	... 68 common frames omitted
2019-04-18 22:11:26 INFO [Class:o.e.j.s.AbstractConnector->Thread:main] Started SelectChannelConnector@0.0.0.0:10010 
2019-04-18 22:11:26 ERROR [Class:a.f.c.s.AOSServer->Thread:main] AOSuite 
2019-04-18 22:11:26 INFO [Class:o.e.j.s.h.ContextHandler$Context->Thread:Thread-0] Closing Spring root WebApplicationContext 
2019-04-18 22:11:26 INFO [Class:o.e.j.s.l.ELContextCleaner->Thread:Thread-0] javax.el.BeanELResolver purged 
2019-04-18 22:11:26 INFO [Class:o.e.j.s.h.ContextHandler->Thread:Thread-0] stopped o.e.j.w.WebAppContext{/aosuite,file:/F:/cahce/hl/hl/zjc/webapp/} 
2019-04-18 22:11:58 INFO [Class:o.e.j.s.Server->Thread:main] jetty-8.1.17.v20150415 
2019-04-18 22:11:59 INFO [Class:o.e.j.s.h.ContextHandler$Context->Thread:main] Initializing Spring root WebApplicationContext 
2019-04-18 22:12:06 WARN [Class:o.e.j.w.WebAppContext->Thread:main] Failed startup of context o.e.j.w.WebAppContext{/aosuite,file:/F:/cahce/hl/hl/zjc/webapp/} 
org.springframework.beans.factory.BeanCreationException: Error creating bean with name 'demoAccountDao' defined in file [F:\cahce\hl\hl\zjc\webapp\WEB-INF\classes\aos\demo\dao\DemoAccountDao.class]: Cannot resolve reference to bean 'sqlSessionFactory' while setting bean property 'sqlSessionFactory'; nested exception is org.springframework.beans.factory.BeanCreationException: Error creating bean with name 'sqlSessionFactory' defined in class path resource [aos.cxt.xml]: Cannot resolve reference to bean 'dataSource' while setting bean property 'dataSource'; nested exception is org.springframework.beans.factory.BeanCreationException: Error creating bean with name 'dataSource' defined in class path resource [aos.cxt.xml]: Invocation of init method failed; nested exception is com.mysql.jdbc.exceptions.jdbc4.MySQLNonTransientConnectionException: Could not create connection to database server. Attempted reconnect 3 times. Giving up.
	at org.springframework.beans.factory.support.BeanDefinitionValueResolver.resolveReference(BeanDefinitionValueResolver.java:329) ~[spring-beans-3.2.4.RELEASE.jar:3.2.4.RELEASE]
	at org.springframework.beans.factory.support.BeanDefinitionValueResolver.resolveValueIfNecessary(BeanDefinitionValueResolver.java:107) ~[spring-beans-3.2.4.RELEASE.jar:3.2.4.RELEASE]
	at org.springframework.beans.factory.support.AbstractAutowireCapableBeanFactory.applyPropertyValues(AbstractAutowireCapableBeanFactory.java:1387) ~[spring-beans-3.2.4.RELEASE.jar:3.2.4.RELEASE]
	at org.springframework.beans.factory.support.AbstractAutowireCapableBeanFactory.populateBean(AbstractAutowireCapableBeanFactory.java:1128) ~[spring-beans-3.2.4.RELEASE.jar:3.2.4.RELEASE]
	at org.springframework.beans.factory.support.AbstractAutowireCapableBeanFactory.doCreateBean(AbstractAutowireCapableBeanFactory.java:519) ~[spring-beans-3.2.4.RELEASE.jar:3.2.4.RELEASE]
	at org.springframework.beans.factory.support.AbstractAutowireCapableBeanFactory.createBean(AbstractAutowireCapableBeanFactory.java:458) ~[spring-beans-3.2.4.RELEASE.jar:3.2.4.RELEASE]
	at org.springframework.beans.factory.support.AbstractBeanFactory$1.getObject(AbstractBeanFactory.java:295) ~[spring-beans-3.2.4.RELEASE.jar:3.2.4.RELEASE]
	at org.springframework.beans.factory.support.DefaultSingletonBeanRegistry.getSingleton(DefaultSingletonBeanRegistry.java:223) ~[spring-beans-3.2.4.RELEASE.jar:3.2.4.RELEASE]
	at org.springframework.beans.factory.support.AbstractBeanFactory.doGetBean(AbstractBeanFactory.java:292) ~[spring-beans-3.2.4.RELEASE.jar:3.2.4.RELEASE]
	at org.springframework.beans.factory.support.AbstractBeanFactory.getBean(AbstractBeanFactory.java:194) ~[spring-beans-3.2.4.RELEASE.jar:3.2.4.RELEASE]
	at org.springframework.beans.factory.support.DefaultListableBeanFactory.preInstantiateSingletons(DefaultListableBeanFactory.java:610) ~[spring-beans-3.2.4.RELEASE.jar:3.2.4.RELEASE]
	at org.springframework.context.support.AbstractApplicationContext.finishBeanFactoryInitialization(AbstractApplicationContext.java:932) ~[spring-context-3.2.4.RELEASE.jar:3.2.4.RELEASE]
	at org.springframework.context.support.AbstractApplicationContext.refresh(AbstractApplicationContext.java:479) ~[spring-context-3.2.4.RELEASE.jar:3.2.4.RELEASE]
	at org.springframework.web.context.ContextLoader.configureAndRefreshWebApplicationContext(ContextLoader.java:389) ~[spring-web-3.2.4.RELEASE.jar:3.2.4.RELEASE]
	at org.springframework.web.context.ContextLoader.initWebApplicationContext(ContextLoader.java:294) ~[spring-web-3.2.4.RELEASE.jar:3.2.4.RELEASE]
	at org.springframework.web.context.ContextLoaderListener.contextInitialized(ContextLoaderListener.java:112) ~[spring-web-3.2.4.RELEASE.jar:3.2.4.RELEASE]
	at org.eclipse.jetty.server.handler.ContextHandler.callContextInitialized(ContextHandler.java:782) ~[jetty-all-8.1.17.v20150415.jar:8.1.17.v20150415]
	at org.eclipse.jetty.servlet.ServletContextHandler.callContextInitialized(ServletContextHandler.java:424) ~[jetty-all-8.1.17.v20150415.jar:8.1.17.v20150415]
	at org.eclipse.jetty.server.handler.ContextHandler.startContext(ContextHandler.java:774) ~[jetty-all-8.1.17.v20150415.jar:8.1.17.v20150415]
	at org.eclipse.jetty.servlet.ServletContextHandler.startContext(ServletContextHandler.java:249) ~[jetty-all-8.1.17.v20150415.jar:8.1.17.v20150415]
	at org.eclipse.jetty.webapp.WebAppContext.startContext(WebAppContext.java:1242) ~[jetty-all-8.1.17.v20150415.jar:8.1.17.v20150415]
	at org.eclipse.jetty.server.handler.ContextHandler.doStart(ContextHandler.java:717) ~[jetty-all-8.1.17.v20150415.jar:8.1.17.v20150415]
	at org.eclipse.jetty.webapp.WebAppContext.doStart(WebAppContext.java:494) ~[jetty-all-8.1.17.v20150415.jar:8.1.17.v20150415]
	at org.eclipse.jetty.util.component.AbstractLifeCycle.start(AbstractLifeCycle.java:64) [jetty-all-8.1.17.v20150415.jar:8.1.17.v20150415]
	at org.eclipse.jetty.server.handler.HandlerWrapper.doStart(HandlerWrapper.java:95) [jetty-all-8.1.17.v20150415.jar:8.1.17.v20150415]
	at org.eclipse.jetty.server.Server.doStart(Server.java:282) [jetty-all-8.1.17.v20150415.jar:8.1.17.v20150415]
	at org.eclipse.jetty.util.component.AbstractLifeCycle.start(AbstractLifeCycle.java:64) [jetty-all-8.1.17.v20150415.jar:8.1.17.v20150415]
	at aos.framework.core.server.AOSServer.start(AOSServer.java:82) [classes/:na]
	at aos.framework.AOS.main(AOS.java:27) [classes/:na]
Caused by: org.springframework.beans.factory.BeanCreationException: Error creating bean with name 'sqlSessionFactory' defined in class path resource [aos.cxt.xml]: Cannot resolve reference to bean 'dataSource' while setting bean property 'dataSource'; nested exception is org.springframework.beans.factory.BeanCreationException: Error creating bean with name 'dataSource' defined in class path resource [aos.cxt.xml]: Invocation of init method failed; nested exception is com.mysql.jdbc.exceptions.jdbc4.MySQLNonTransientConnectionException: Could not create connection to database server. Attempted reconnect 3 times. Giving up.
	at org.springframework.beans.factory.support.BeanDefinitionValueResolver.resolveReference(BeanDefinitionValueResolver.java:329) ~[spring-beans-3.2.4.RELEASE.jar:3.2.4.RELEASE]
	at org.springframework.beans.factory.support.BeanDefinitionValueResolver.resolveValueIfNecessary(BeanDefinitionValueResolver.java:107) ~[spring-beans-3.2.4.RELEASE.jar:3.2.4.RELEASE]
	at org.springframework.beans.factory.support.AbstractAutowireCapableBeanFactory.applyPropertyValues(AbstractAutowireCapableBeanFactory.java:1387) ~[spring-beans-3.2.4.RELEASE.jar:3.2.4.RELEASE]
	at org.springframework.beans.factory.support.AbstractAutowireCapableBeanFactory.populateBean(AbstractAutowireCapableBeanFactory.java:1128) ~[spring-beans-3.2.4.RELEASE.jar:3.2.4.RELEASE]
	at org.springframework.beans.factory.support.AbstractAutowireCapableBeanFactory.doCreateBean(AbstractAutowireCapableBeanFactory.java:519) ~[spring-beans-3.2.4.RELEASE.jar:3.2.4.RELEASE]
	at org.springframework.beans.factory.support.AbstractAutowireCapableBeanFactory.createBean(AbstractAutowireCapableBeanFactory.java:458) ~[spring-beans-3.2.4.RELEASE.jar:3.2.4.RELEASE]
	at org.springframework.beans.factory.support.AbstractBeanFactory$1.getObject(AbstractBeanFactory.java:295) ~[spring-beans-3.2.4.RELEASE.jar:3.2.4.RELEASE]
	at org.springframework.beans.factory.support.DefaultSingletonBeanRegistry.getSingleton(DefaultSingletonBeanRegistry.java:223) ~[spring-beans-3.2.4.RELEASE.jar:3.2.4.RELEASE]
	at org.springframework.beans.factory.support.AbstractBeanFactory.doGetBean(AbstractBeanFactory.java:292) ~[spring-beans-3.2.4.RELEASE.jar:3.2.4.RELEASE]
	at org.springframework.beans.factory.support.AbstractBeanFactory.getBean(AbstractBeanFactory.java:194) ~[spring-beans-3.2.4.RELEASE.jar:3.2.4.RELEASE]
	at org.springframework.beans.factory.support.BeanDefinitionValueResolver.resolveReference(BeanDefinitionValueResolver.java:323) ~[spring-beans-3.2.4.RELEASE.jar:3.2.4.RELEASE]
	... 28 common frames omitted
Caused by: org.springframework.beans.factory.BeanCreationException: Error creating bean with name 'dataSource' defined in class path resource [aos.cxt.xml]: Invocation of init method failed; nested exception is com.mysql.jdbc.exceptions.jdbc4.MySQLNonTransientConnectionException: Could not create connection to database server. Attempted reconnect 3 times. Giving up.
	at org.springframework.beans.factory.support.AbstractAutowireCapableBeanFactory.initializeBean(AbstractAutowireCapableBeanFactory.java:1482) ~[spring-beans-3.2.4.RELEASE.jar:3.2.4.RELEASE]
	at org.springframework.beans.factory.support.AbstractAutowireCapableBeanFactory.doCreateBean(AbstractAutowireCapableBeanFactory.java:521) ~[spring-beans-3.2.4.RELEASE.jar:3.2.4.RELEASE]
	at org.springframework.beans.factory.support.AbstractAutowireCapableBeanFactory.createBean(AbstractAutowireCapableBeanFactory.java:458) ~[spring-beans-3.2.4.RELEASE.jar:3.2.4.RELEASE]
	at org.springframework.beans.factory.support.AbstractBeanFactory$1.getObject(AbstractBeanFactory.java:295) ~[spring-beans-3.2.4.RELEASE.jar:3.2.4.RELEASE]
	at org.springframework.beans.factory.support.DefaultSingletonBeanRegistry.getSingleton(DefaultSingletonBeanRegistry.java:223) ~[spring-beans-3.2.4.RELEASE.jar:3.2.4.RELEASE]
	at org.springframework.beans.factory.support.AbstractBeanFactory.doGetBean(AbstractBeanFactory.java:292) ~[spring-beans-3.2.4.RELEASE.jar:3.2.4.RELEASE]
	at org.springframework.beans.factory.support.AbstractBeanFactory.getBean(AbstractBeanFactory.java:194) ~[spring-beans-3.2.4.RELEASE.jar:3.2.4.RELEASE]
	at org.springframework.beans.factory.support.BeanDefinitionValueResolver.resolveReference(BeanDefinitionValueResolver.java:323) ~[spring-beans-3.2.4.RELEASE.jar:3.2.4.RELEASE]
	... 38 common frames omitted
Caused by: com.mysql.jdbc.exceptions.jdbc4.MySQLNonTransientConnectionException: Could not create connection to database server. Attempted reconnect 3 times. Giving up.
	at sun.reflect.NativeConstructorAccessorImpl.newInstance0(Native Method) ~[na:1.7.0_01]
	at sun.reflect.NativeConstructorAccessorImpl.newInstance(NativeConstructorAccessorImpl.java:57) ~[na:1.7.0_01]
	at sun.reflect.DelegatingConstructorAccessorImpl.newInstance(DelegatingConstructorAccessorImpl.java:45) ~[na:1.7.0_01]
	at java.lang.reflect.Constructor.newInstance(Constructor.java:525) ~[na:1.7.0_01]
	at com.mysql.jdbc.Util.handleNewInstance(Util.java:404) ~[mysql-connector-java-5.1.37-bin.jar:5.1.37]
	at com.mysql.jdbc.Util.getInstance(Util.java:387) ~[mysql-connector-java-5.1.37-bin.jar:5.1.37]
	at com.mysql.jdbc.SQLError.createSQLException(SQLError.java:919) ~[mysql-connector-java-5.1.37-bin.jar:5.1.37]
	at com.mysql.jdbc.SQLError.createSQLException(SQLError.java:898) ~[mysql-connector-java-5.1.37-bin.jar:5.1.37]
	at com.mysql.jdbc.SQLError.createSQLException(SQLError.java:887) ~[mysql-connector-java-5.1.37-bin.jar:5.1.37]
	at com.mysql.jdbc.SQLError.createSQLException(SQLError.java:862) ~[mysql-connector-java-5.1.37-bin.jar:5.1.37]
	at com.mysql.jdbc.ConnectionImpl.connectWithRetries(ConnectionImpl.java:2164) ~[mysql-connector-java-5.1.37-bin.jar:5.1.37]
	at com.mysql.jdbc.ConnectionImpl.createNewIO(ConnectionImpl.java:2089) ~[mysql-connector-java-5.1.37-bin.jar:5.1.37]
	at com.mysql.jdbc.ConnectionImpl.<init>(ConnectionImpl.java:795) ~[mysql-connector-java-5.1.37-bin.jar:5.1.37]
	at com.mysql.jdbc.JDBC4Connection.<init>(JDBC4Connection.java:44) ~[mysql-connector-java-5.1.37-bin.jar:5.1.37]
	at sun.reflect.NativeConstructorAccessorImpl.newInstance0(Native Method) ~[na:1.7.0_01]
	at sun.reflect.NativeConstructorAccessorImpl.newInstance(NativeConstructorAccessorImpl.java:57) ~[na:1.7.0_01]
	at sun.reflect.DelegatingConstructorAccessorImpl.newInstance(DelegatingConstructorAccessorImpl.java:45) ~[na:1.7.0_01]
	at java.lang.reflect.Constructor.newInstance(Constructor.java:525) ~[na:1.7.0_01]
	at com.mysql.jdbc.Util.handleNewInstance(Util.java:404) ~[mysql-connector-java-5.1.37-bin.jar:5.1.37]
	at com.mysql.jdbc.ConnectionImpl.getInstance(ConnectionImpl.java:400) ~[mysql-connector-java-5.1.37-bin.jar:5.1.37]
	at com.mysql.jdbc.NonRegisteringDriver.connect(NonRegisteringDriver.java:327) ~[mysql-connector-java-5.1.37-bin.jar:5.1.37]
	at com.alibaba.druid.filter.FilterChainImpl.connection_connect(FilterChainImpl.java:148) ~[druid-1.0.18.jar:1.0.18]
	at com.alibaba.druid.filter.stat.StatFilter.connection_connect(StatFilter.java:211) ~[druid-1.0.18.jar:1.0.18]
	at com.alibaba.druid.filter.FilterChainImpl.connection_connect(FilterChainImpl.java:142) ~[druid-1.0.18.jar:1.0.18]
	at com.alibaba.druid.pool.DruidAbstractDataSource.createPhysicalConnection(DruidAbstractDataSource.java:1410) ~[druid-1.0.18.jar:1.0.18]
	at com.alibaba.druid.pool.DruidAbstractDataSource.createPhysicalConnection(DruidAbstractDataSource.java:1464) ~[druid-1.0.18.jar:1.0.18]
	at com.alibaba.druid.pool.DruidDataSource.init(DruidDataSource.java:683) ~[druid-1.0.18.jar:1.0.18]
	at sun.reflect.NativeMethodAccessorImpl.invoke0(Native Method) ~[na:1.7.0_01]
	at sun.reflect.NativeMethodAccessorImpl.invoke(NativeMethodAccessorImpl.java:57) ~[na:1.7.0_01]
	at sun.reflect.DelegatingMethodAccessorImpl.invoke(DelegatingMethodAccessorImpl.java:43) ~[na:1.7.0_01]
	at java.lang.reflect.Method.invoke(Method.java:601) ~[na:1.7.0_01]
	at org.springframework.beans.factory.support.AbstractAutowireCapableBeanFactory.invokeCustomInitMethod(AbstractAutowireCapableBeanFactory.java:1608) ~[spring-beans-3.2.4.RELEASE.jar:3.2.4.RELEASE]
	at org.springframework.beans.factory.support.AbstractAutowireCapableBeanFactory.invokeInitMethods(AbstractAutowireCapableBeanFactory.java:1549) ~[spring-beans-3.2.4.RELEASE.jar:3.2.4.RELEASE]
	at org.springframework.beans.factory.support.AbstractAutowireCapableBeanFactory.initializeBean(AbstractAutowireCapableBeanFactory.java:1479) ~[spring-beans-3.2.4.RELEASE.jar:3.2.4.RELEASE]
	... 45 common frames omitted
Caused by: com.mysql.jdbc.exceptions.jdbc4.MySQLNonTransientConnectionException: Data source rejected establishment of connection,  message from server: "Too many connections"
	at sun.reflect.NativeConstructorAccessorImpl.newInstance0(Native Method) ~[na:1.7.0_01]
	at sun.reflect.NativeConstructorAccessorImpl.newInstance(NativeConstructorAccessorImpl.java:57) ~[na:1.7.0_01]
	at sun.reflect.DelegatingConstructorAccessorImpl.newInstance(DelegatingConstructorAccessorImpl.java:45) ~[na:1.7.0_01]
	at java.lang.reflect.Constructor.newInstance(Constructor.java:525) ~[na:1.7.0_01]
	at com.mysql.jdbc.Util.handleNewInstance(Util.java:404) ~[mysql-connector-java-5.1.37-bin.jar:5.1.37]
	at com.mysql.jdbc.Util.getInstance(Util.java:387) ~[mysql-connector-java-5.1.37-bin.jar:5.1.37]
	at com.mysql.jdbc.SQLError.createSQLException(SQLError.java:919) ~[mysql-connector-java-5.1.37-bin.jar:5.1.37]
	at com.mysql.jdbc.SQLError.createSQLException(SQLError.java:898) ~[mysql-connector-java-5.1.37-bin.jar:5.1.37]
	at com.mysql.jdbc.SQLError.createSQLException(SQLError.java:887) ~[mysql-connector-java-5.1.37-bin.jar:5.1.37]
	at com.mysql.jdbc.MysqlIO.doHandshake(MysqlIO.java:1038) ~[mysql-connector-java-5.1.37-bin.jar:5.1.37]
	at com.mysql.jdbc.ConnectionImpl.coreConnect(ConnectionImpl.java:2254) ~[mysql-connector-java-5.1.37-bin.jar:5.1.37]
	at com.mysql.jdbc.ConnectionImpl.connectWithRetries(ConnectionImpl.java:2105) ~[mysql-connector-java-5.1.37-bin.jar:5.1.37]
	... 68 common frames omitted
2019-04-18 22:12:06 INFO [Class:o.e.j.s.AbstractConnector->Thread:main] Started SelectChannelConnector@0.0.0.0:10010 
2019-04-18 22:12:06 ERROR [Class:a.f.c.s.AOSServer->Thread:main] AOSuite 
2019-04-18 22:12:06 INFO [Class:o.e.j.s.h.ContextHandler$Context->Thread:Thread-0] Closing Spring root WebApplicationContext 
2019-04-18 22:12:06 INFO [Class:o.e.j.s.l.ELContextCleaner->Thread:Thread-0] javax.el.BeanELResolver purged 
2019-04-18 22:12:06 INFO [Class:o.e.j.s.h.ContextHandler->Thread:Thread-0] stopped o.e.j.w.WebAppContext{/aosuite,file:/F:/cahce/hl/hl/zjc/webapp/} 
2019-04-18 22:56:13 INFO [Class:o.e.j.s.Server->Thread:main] jetty-8.1.17.v20150415 
2019-04-18 22:56:14 INFO [Class:o.e.j.s.h.ContextHandler$Context->Thread:main] Initializing Spring root WebApplicationContext 
2019-04-18 22:56:52 INFO [Class:o.e.j.s.h.ContextHandler$Context->Thread:main] Initializing Spring FrameworkServlet 'springDispatcherServlet' 
2019-04-18 22:56:53 INFO [Class:o.e.j.s.AbstractConnector->Thread:main] Started SelectChannelConnector@0.0.0.0:10010 
2019-04-18 23:04:25 INFO [Class:o.e.j.s.Server->Thread:main] jetty-8.1.17.v20150415 
2019-04-18 23:04:26 INFO [Class:o.e.j.s.h.ContextHandler$Context->Thread:main] Initializing Spring root WebApplicationContext 
2019-04-18 23:05:00 INFO [Class:o.e.j.s.h.ContextHandler$Context->Thread:main] Initializing Spring FrameworkServlet 'springDispatcherServlet' 
2019-04-18 23:05:01 INFO [Class:o.e.j.s.AbstractConnector->Thread:main] Started SelectChannelConnector@0.0.0.0:10010 
