2018-10-19 12:45:41 INFO [Class:o.e.j.s.Server->Thread:main] jetty-8.1.17.v20150415 
2018-10-19 12:45:42 INFO [Class:o.e.j.s.h.ContextHandler$Context->Thread:main] Initializing Spring root WebApplicationContext 
2018-10-19 12:46:48 INFO [Class:o.e.j.s.h.ContextHandler$Context->Thread:main] Initializing Spring FrameworkServlet 'springDispatcherServlet' 
2018-10-19 12:46:51 INFO [Class:o.e.j.s.AbstractConnector->Thread:main] Started SelectChannelConnector@0.0.0.0:10010 
2018-10-19 12:50:28 INFO [Class:o.e.j.s.Server->Thread:main] jetty-8.1.17.v20150415 
2018-10-19 12:50:29 INFO [Class:o.e.j.s.h.ContextHandler$Context->Thread:main] Initializing Spring root WebApplicationContext 
2018-10-19 12:51:13 INFO [Class:o.e.j.s.h.ContextHandler$Context->Thread:main] Initializing Spring FrameworkServlet 'springDispatcherServlet' 
2018-10-19 12:51:16 INFO [Class:o.e.j.s.AbstractConnector->Thread:main] Started SelectChannelConnector@0.0.0.0:10010 
2018-10-19 15:44:57 INFO [Class:o.e.j.s.Server->Thread:main] jetty-8.1.17.v20150415 
2018-10-19 15:44:59 INFO [Class:o.e.j.s.h.ContextHandler$Context->Thread:main] Initializing Spring root WebApplicationContext 
2018-10-19 15:45:43 INFO [Class:o.e.j.s.h.ContextHandler$Context->Thread:main] Initializing Spring FrameworkServlet 'springDispatcherServlet' 
2018-10-19 15:45:46 INFO [Class:o.e.j.s.AbstractConnector->Thread:main] Started SelectChannelConnector@0.0.0.0:10010 
2018-10-19 15:51:15 INFO [Class:o.e.j.s.Server->Thread:main] jetty-8.1.17.v20150415 
2018-10-19 15:51:17 INFO [Class:o.e.j.s.h.ContextHandler$Context->Thread:main] Initializing Spring root WebApplicationContext 
2018-10-19 15:52:01 INFO [Class:o.e.j.s.h.ContextHandler$Context->Thread:main] Initializing Spring FrameworkServlet 'springDispatcherServlet' 
2018-10-19 15:52:04 INFO [Class:o.e.j.s.AbstractConnector->Thread:main] Started SelectChannelConnector@0.0.0.0:10010 
2018-10-19 15:53:33 INFO [Class:o.e.j.s.Server->Thread:main] jetty-8.1.17.v20150415 
2018-10-19 15:53:35 INFO [Class:o.e.j.s.h.ContextHandler$Context->Thread:main] Initializing Spring root WebApplicationContext 
2018-10-19 15:54:19 INFO [Class:o.e.j.s.h.ContextHandler$Context->Thread:main] Initializing Spring FrameworkServlet 'springDispatcherServlet' 
2018-10-19 15:54:22 INFO [Class:o.e.j.s.AbstractConnector->Thread:main] Started SelectChannelConnector@0.0.0.0:10010 
2018-10-19 15:54:48 INFO [Class:c.a.s.s.SlbService->Thread:qtp1656467572-27] ========================app获取的钱包地址13551257407 
2018-10-19 15:54:50 INFO [Class:c.a.s.s.SlbService->Thread:qtp1656467572-27] ========================app获取的钱包地址获取回来的参数{"message":"成功","data":{"exist":1},"resultCode":0,"totalPage":0} 
2018-10-19 15:54:52 INFO [Class:c.a.s.s.SlbService->Thread:qtp1656467572-27] ========================app获取的钱包地址14ePEdokRyhRoPP5U3U9955iGQDTgCgLwY 
2018-10-19 15:55:12 INFO [Class:c.a.s.s.SlbService->Thread:qtp1656467572-24] ========================app获取的钱包地址13551257407 
2018-10-19 15:55:13 INFO [Class:c.a.s.s.SlbService->Thread:qtp1656467572-24] ========================app获取的钱包地址获取回来的参数{"message":"成功","data":{"exist":1},"resultCode":0,"totalPage":0} 
2018-10-19 15:55:16 INFO [Class:c.a.s.s.SlbService->Thread:qtp1656467572-24] ========================app获取的钱包地址14ePEdokRyhRoPP5U3U9955iGQDTgCgLwY 
2018-10-19 16:08:49 INFO [Class:o.e.j.s.Server->Thread:main] jetty-8.1.17.v20150415 
2018-10-19 16:08:50 INFO [Class:o.e.j.s.h.ContextHandler$Context->Thread:main] Initializing Spring root WebApplicationContext 
2018-10-19 16:09:34 INFO [Class:o.e.j.s.h.ContextHandler$Context->Thread:main] Initializing Spring FrameworkServlet 'springDispatcherServlet' 
2018-10-19 16:09:37 INFO [Class:o.e.j.s.AbstractConnector->Thread:main] Started SelectChannelConnector@0.0.0.0:10010 
2018-10-19 16:14:15 INFO [Class:c.a.s.s.SlbService->Thread:qtp1656467572-25] ========================app获取的钱包地址13551257407 
2018-10-19 16:14:17 INFO [Class:c.a.s.s.SlbService->Thread:qtp1656467572-25] ========================app获取的钱包地址获取回来的参数{"message":"成功","data":{"exist":1},"resultCode":0,"totalPage":0} 
2018-10-19 16:14:22 INFO [Class:c.a.s.s.SlbService->Thread:qtp1656467572-25] ========================app获取的钱包地址14ePEdokRyhRoPP5U3U9955iGQDTgCgLwY 
2018-10-19 16:15:49 INFO [Class:c.a.s.s.SlbService->Thread:qtp1656467572-28] ========================app获取的钱包地址13551257407 
2018-10-19 16:15:56 INFO [Class:c.a.s.s.SlbService->Thread:qtp1656467572-28] ========================app获取的钱包地址获取回来的参数{"message":"成功","data":{"exist":1},"resultCode":0,"totalPage":0} 
2018-10-19 16:15:57 INFO [Class:c.a.s.s.SlbService->Thread:qtp1656467572-28] ========================app获取的钱包地址14ePEdokRyhRoPP5U3U9955iGQDTgCgLwY 
2018-10-19 16:17:30 INFO [Class:c.a.s.s.SlbService->Thread:qtp1656467572-23] ========================app获取的钱包地址13551257407 
2018-10-19 16:17:36 INFO [Class:c.a.s.s.SlbService->Thread:qtp1656467572-23] ========================app获取的钱包地址获取回来的参数{"message":"成功","data":{"exist":1},"resultCode":0,"totalPage":0} 
2018-10-19 16:18:27 INFO [Class:c.a.s.s.SlbService->Thread:qtp1656467572-23] ========================app获取的钱包地址14ePEdokRyhRoPP5U3U9955iGQDTgCgLwY 
2018-10-19 16:20:57 INFO [Class:c.a.s.s.SlbService->Thread:qtp1656467572-23] ========================app获取的钱包地址13551257407 
2018-10-19 16:21:14 INFO [Class:c.a.s.s.SlbService->Thread:qtp1656467572-23] ========================app获取的钱包地址获取回来的参数{"message":"成功","data":{"exist":1},"resultCode":0,"totalPage":0} 
2018-10-19 16:21:20 INFO [Class:c.a.s.s.SlbService->Thread:qtp1656467572-23] ========================app获取的钱包地址14ePEdokRyhRoPP5U3U9955iGQDTgCgLwY 
2018-10-19 16:21:37 INFO [Class:c.a.s.s.SlbService->Thread:qtp1656467572-27] ========================app获取的钱包地址13551257407 
2018-10-19 16:21:46 INFO [Class:c.a.s.s.SlbService->Thread:qtp1656467572-27] ========================app获取的钱包地址获取回来的参数{"message":"成功","data":{"exist":1},"resultCode":0,"totalPage":0} 
2018-10-19 16:21:52 INFO [Class:c.a.s.s.SlbService->Thread:qtp1656467572-27] ========================app获取的钱包地址14ePEdokRyhRoPP5U3U9955iGQDTgCgLwY 
2018-10-19 16:33:41 INFO [Class:c.a.s.s.SlbService->Thread:qtp1656467572-25] ========================app获取的钱包地址13551257407 
2018-10-19 16:33:44 INFO [Class:c.a.s.s.SlbService->Thread:qtp1656467572-25] ========================app获取的钱包地址获取回来的参数{"message":"成功","data":{"exist":1},"resultCode":0,"totalPage":0} 
2018-10-19 16:33:46 INFO [Class:c.a.s.s.SlbService->Thread:qtp1656467572-25] ========================app获取的钱包地址14ePEdokRyhRoPP5U3U9955iGQDTgCgLwY 
2018-10-19 16:36:23 INFO [Class:c.a.s.s.SlbService->Thread:qtp1656467572-24] ========================app获取的钱包地址13551257407 
2018-10-19 16:37:40 INFO [Class:c.a.s.s.SlbService->Thread:qtp1656467572-24] ========================app获取的钱包地址获取回来的参数{"message":"成功","data":{"exist":1},"resultCode":0,"totalPage":0} 
2018-10-19 16:37:42 INFO [Class:c.a.s.s.SlbService->Thread:qtp1656467572-24] ========================app获取的钱包地址14ePEdokRyhRoPP5U3U9955iGQDTgCgLwY 
2018-10-19 16:45:36 INFO [Class:c.a.s.s.SlbService->Thread:qtp1656467572-26] ========================app获取的钱包地址13551257407 
2018-10-19 16:45:44 INFO [Class:c.a.s.s.SlbService->Thread:qtp1656467572-26] ========================app获取的钱包地址获取回来的参数{"message":"成功","data":{"exist":1},"resultCode":0,"totalPage":0} 
2018-10-19 16:45:44 INFO [Class:c.a.s.s.SlbService->Thread:qtp1656467572-26] ========================app获取的钱包地址14ePEdokRyhRoPP5U3U9955iGQDTgCgLwY 
