2019-04-21 00:20:43 INFO [Class:o.e.j.s.Server->Thread:main] jetty-8.1.17.v20150415 
2019-04-21 00:20:44 INFO [Class:o.e.j.s.h.ContextHandler$Context->Thread:main] Initializing Spring root WebApplicationContext 
2019-04-21 00:21:50 INFO [Class:o.e.j.s.h.ContextHandler$Context->Thread:main] Initializing Spring FrameworkServlet 'springDispatcherServlet' 
2019-04-21 00:21:52 INFO [Class:o.e.j.s.AbstractConnector->Thread:main] Started SelectChannelConnector@0.0.0.0:10010 
2019-04-21 00:29:10 INFO [Class:o.e.j.s.Server->Thread:main] jetty-8.1.17.v20150415 
2019-04-21 00:29:12 INFO [Class:o.e.j.s.h.ContextHandler$Context->Thread:main] Initializing Spring root WebApplicationContext 
2019-04-21 00:29:48 INFO [Class:o.e.j.s.h.ContextHandler$Context->Thread:main] Initializing Spring FrameworkServlet 'springDispatcherServlet' 
2019-04-21 00:29:49 INFO [Class:o.e.j.s.AbstractConnector->Thread:main] Started SelectChannelConnector@0.0.0.0:10010 
2019-04-21 00:30:09 WARN [Class:a.f.w.f.HttpBackendFilter->Thread:qtp15373792-20] 请求被重定向到登录页。【URL：/aosuite/http/do.jhtml】 
2019-04-21 00:49:07 INFO [Class:o.e.j.s.Server->Thread:main] jetty-8.1.17.v20150415 
2019-04-21 00:49:10 INFO [Class:o.e.j.s.h.ContextHandler$Context->Thread:main] Initializing Spring root WebApplicationContext 
2019-04-21 00:49:34 INFO [Class:o.e.j.s.h.ContextHandler$Context->Thread:main] Initializing Spring FrameworkServlet 'springDispatcherServlet' 
2019-04-21 00:49:35 INFO [Class:o.e.j.s.AbstractConnector->Thread:main] Started SelectChannelConnector@0.0.0.0:10010 
2019-04-21 00:56:57 WARN [Class:o.e.j.s.ServletHandler->Thread:qtp25673009-21]  
org.springframework.web.util.NestedServletException: Request processing failed; nested exception is aos.framework.core.exception.AOSException: 系统繁忙，请稍后再试。
	at org.springframework.web.servlet.FrameworkServlet.processRequest(FrameworkServlet.java:948) ~[spring-webmvc-3.2.4.RELEASE.jar:3.2.4.RELEASE]
	at org.springframework.web.servlet.FrameworkServlet.doPost(FrameworkServlet.java:838) ~[spring-webmvc-3.2.4.RELEASE.jar:3.2.4.RELEASE]
	at javax.servlet.http.HttpServlet.service(HttpServlet.java:755) ~[javax.servlet-3.0.0.v201112011016.jar:na]
	at org.springframework.web.servlet.FrameworkServlet.service(FrameworkServlet.java:812) ~[spring-webmvc-3.2.4.RELEASE.jar:3.2.4.RELEASE]
	at javax.servlet.http.HttpServlet.service(HttpServlet.java:848) ~[javax.servlet-3.0.0.v201112011016.jar:na]
	at org.eclipse.jetty.servlet.ServletHolder.handle(ServletHolder.java:684) ~[jetty-all-8.1.17.v20150415.jar:8.1.17.v20150415]
	at org.eclipse.jetty.servlet.ServletHandler$CachedChain.doFilter(ServletHandler.java:1496) ~[jetty-all-8.1.17.v20150415.jar:8.1.17.v20150415]
	at aos.framework.web.filter.HttpBackendFilter.doFilter(HttpBackendFilter.java:92) ~[classes/:na]
	at org.eclipse.jetty.servlet.ServletHandler$CachedChain.doFilter(ServletHandler.java:1484) ~[jetty-all-8.1.17.v20150415.jar:8.1.17.v20150415]
	at aos.framework.web.filter.HttpFilter.doFilter(HttpFilter.java:45) ~[classes/:na]
	at org.eclipse.jetty.servlet.ServletHandler$CachedChain.doFilter(ServletHandler.java:1484) ~[jetty-all-8.1.17.v20150415.jar:8.1.17.v20150415]
	at org.springframework.web.filter.CharacterEncodingFilter.doFilterInternal(CharacterEncodingFilter.java:88) ~[spring-web-3.2.4.RELEASE.jar:3.2.4.RELEASE]
	at org.springframework.web.filter.OncePerRequestFilter.doFilter(OncePerRequestFilter.java:107) ~[spring-web-3.2.4.RELEASE.jar:3.2.4.RELEASE]
	at org.eclipse.jetty.servlet.ServletHandler$CachedChain.doFilter(ServletHandler.java:1476) ~[jetty-all-8.1.17.v20150415.jar:8.1.17.v20150415]
	at org.eclipse.jetty.servlet.ServletHandler.doHandle(ServletHandler.java:501) [jetty-all-8.1.17.v20150415.jar:8.1.17.v20150415]
	at org.eclipse.jetty.server.handler.ScopedHandler.handle(ScopedHandler.java:137) [jetty-all-8.1.17.v20150415.jar:8.1.17.v20150415]
	at org.eclipse.jetty.security.SecurityHandler.handle(SecurityHandler.java:557) [jetty-all-8.1.17.v20150415.jar:8.1.17.v20150415]
	at org.eclipse.jetty.server.session.SessionHandler.doHandle(SessionHandler.java:231) [jetty-all-8.1.17.v20150415.jar:8.1.17.v20150415]
	at org.eclipse.jetty.server.handler.ContextHandler.doHandle(ContextHandler.java:1086) [jetty-all-8.1.17.v20150415.jar:8.1.17.v20150415]
	at org.eclipse.jetty.servlet.ServletHandler.doScope(ServletHandler.java:429) [jetty-all-8.1.17.v20150415.jar:8.1.17.v20150415]
	at org.eclipse.jetty.server.session.SessionHandler.doScope(SessionHandler.java:193) [jetty-all-8.1.17.v20150415.jar:8.1.17.v20150415]
	at org.eclipse.jetty.server.handler.ContextHandler.doScope(ContextHandler.java:1020) [jetty-all-8.1.17.v20150415.jar:8.1.17.v20150415]
	at org.eclipse.jetty.server.handler.ScopedHandler.handle(ScopedHandler.java:135) [jetty-all-8.1.17.v20150415.jar:8.1.17.v20150415]
	at org.eclipse.jetty.server.handler.HandlerWrapper.handle(HandlerWrapper.java:116) [jetty-all-8.1.17.v20150415.jar:8.1.17.v20150415]
	at org.eclipse.jetty.server.Server.handle(Server.java:370) [jetty-all-8.1.17.v20150415.jar:8.1.17.v20150415]
	at org.eclipse.jetty.server.AbstractHttpConnection.handleRequest(AbstractHttpConnection.java:494) [jetty-all-8.1.17.v20150415.jar:8.1.17.v20150415]
	at org.eclipse.jetty.server.AbstractHttpConnection.content(AbstractHttpConnection.java:982) [jetty-all-8.1.17.v20150415.jar:8.1.17.v20150415]
	at org.eclipse.jetty.server.AbstractHttpConnection$RequestHandler.content(AbstractHttpConnection.java:1043) [jetty-all-8.1.17.v20150415.jar:8.1.17.v20150415]
	at org.eclipse.jetty.http.HttpParser.parseNext(HttpParser.java:865) [jetty-all-8.1.17.v20150415.jar:8.1.17.v20150415]
	at org.eclipse.jetty.http.HttpParser.parseAvailable(HttpParser.java:240) [jetty-all-8.1.17.v20150415.jar:8.1.17.v20150415]
	at org.eclipse.jetty.server.AsyncHttpConnection.handle(AsyncHttpConnection.java:82) [jetty-all-8.1.17.v20150415.jar:8.1.17.v20150415]
	at org.eclipse.jetty.io.nio.SelectChannelEndPoint.handle(SelectChannelEndPoint.java:696) [jetty-all-8.1.17.v20150415.jar:8.1.17.v20150415]
	at org.eclipse.jetty.io.nio.SelectChannelEndPoint$1.run(SelectChannelEndPoint.java:53) [jetty-all-8.1.17.v20150415.jar:8.1.17.v20150415]
	at org.eclipse.jetty.util.thread.QueuedThreadPool.runJob(QueuedThreadPool.java:608) [jetty-all-8.1.17.v20150415.jar:8.1.17.v20150415]
	at org.eclipse.jetty.util.thread.QueuedThreadPool$3.run(QueuedThreadPool.java:543) [jetty-all-8.1.17.v20150415.jar:8.1.17.v20150415]
	at java.lang.Thread.run(Thread.java:722) [na:1.7.0_01]
Caused by: aos.framework.core.exception.AOSException: 系统繁忙，请稍后再试。
	at aos.framework.web.router.HttpRouterController.execute(HttpRouterController.java:77) ~[classes/:na]
	at sun.reflect.GeneratedMethodAccessor37.invoke(Unknown Source) ~[na:na]
	at sun.reflect.DelegatingMethodAccessorImpl.invoke(DelegatingMethodAccessorImpl.java:43) ~[na:1.7.0_01]
	at java.lang.reflect.Method.invoke(Method.java:601) ~[na:1.7.0_01]
	at org.springframework.web.method.support.InvocableHandlerMethod.invoke(InvocableHandlerMethod.java:219) ~[spring-web-3.2.4.RELEASE.jar:3.2.4.RELEASE]
	at org.springframework.web.method.support.InvocableHandlerMethod.invokeForRequest(InvocableHandlerMethod.java:132) ~[spring-web-3.2.4.RELEASE.jar:3.2.4.RELEASE]
	at org.springframework.web.servlet.mvc.method.annotation.ServletInvocableHandlerMethod.invokeAndHandle(ServletInvocableHandlerMethod.java:104) ~[spring-webmvc-3.2.4.RELEASE.jar:3.2.4.RELEASE]
	at org.springframework.web.servlet.mvc.method.annotation.RequestMappingHandlerAdapter.invokeHandleMethod(RequestMappingHandlerAdapter.java:745) ~[spring-webmvc-3.2.4.RELEASE.jar:3.2.4.RELEASE]
	at org.springframework.web.servlet.mvc.method.annotation.RequestMappingHandlerAdapter.handleInternal(RequestMappingHandlerAdapter.java:686) ~[spring-webmvc-3.2.4.RELEASE.jar:3.2.4.RELEASE]
	at org.springframework.web.servlet.mvc.method.AbstractHandlerMethodAdapter.handle(AbstractHandlerMethodAdapter.java:80) ~[spring-webmvc-3.2.4.RELEASE.jar:3.2.4.RELEASE]
	at org.springframework.web.servlet.DispatcherServlet.doDispatch(DispatcherServlet.java:925) ~[spring-webmvc-3.2.4.RELEASE.jar:3.2.4.RELEASE]
	at org.springframework.web.servlet.DispatcherServlet.doService(DispatcherServlet.java:856) ~[spring-webmvc-3.2.4.RELEASE.jar:3.2.4.RELEASE]
	at org.springframework.web.servlet.FrameworkServlet.processRequest(FrameworkServlet.java:936) ~[spring-webmvc-3.2.4.RELEASE.jar:3.2.4.RELEASE]
	... 35 common frames omitted
2019-04-21 00:56:57 WARN [Class:o.e.j.s.ServletHandler->Thread:qtp25673009-21] /aosuite/http/do.jhtml 
aos.framework.core.exception.AOSException: 系统繁忙，请稍后再试。
	at aos.framework.web.router.HttpRouterController.execute(HttpRouterController.java:77) ~[classes/:na]
	at sun.reflect.GeneratedMethodAccessor37.invoke(Unknown Source) ~[na:na]
	at sun.reflect.DelegatingMethodAccessorImpl.invoke(DelegatingMethodAccessorImpl.java:43) ~[na:1.7.0_01]
	at java.lang.reflect.Method.invoke(Method.java:601) ~[na:1.7.0_01]
	at org.springframework.web.method.support.InvocableHandlerMethod.invoke(InvocableHandlerMethod.java:219) ~[spring-web-3.2.4.RELEASE.jar:3.2.4.RELEASE]
	at org.springframework.web.method.support.InvocableHandlerMethod.invokeForRequest(InvocableHandlerMethod.java:132) ~[spring-web-3.2.4.RELEASE.jar:3.2.4.RELEASE]
	at org.springframework.web.servlet.mvc.method.annotation.ServletInvocableHandlerMethod.invokeAndHandle(ServletInvocableHandlerMethod.java:104) ~[spring-webmvc-3.2.4.RELEASE.jar:3.2.4.RELEASE]
	at org.springframework.web.servlet.mvc.method.annotation.RequestMappingHandlerAdapter.invokeHandleMethod(RequestMappingHandlerAdapter.java:745) ~[spring-webmvc-3.2.4.RELEASE.jar:3.2.4.RELEASE]
	at org.springframework.web.servlet.mvc.method.annotation.RequestMappingHandlerAdapter.handleInternal(RequestMappingHandlerAdapter.java:686) ~[spring-webmvc-3.2.4.RELEASE.jar:3.2.4.RELEASE]
	at org.springframework.web.servlet.mvc.method.AbstractHandlerMethodAdapter.handle(AbstractHandlerMethodAdapter.java:80) ~[spring-webmvc-3.2.4.RELEASE.jar:3.2.4.RELEASE]
	at org.springframework.web.servlet.DispatcherServlet.doDispatch(DispatcherServlet.java:925) ~[spring-webmvc-3.2.4.RELEASE.jar:3.2.4.RELEASE]
	at org.springframework.web.servlet.DispatcherServlet.doService(DispatcherServlet.java:856) ~[spring-webmvc-3.2.4.RELEASE.jar:3.2.4.RELEASE]
	at org.springframework.web.servlet.FrameworkServlet.processRequest(FrameworkServlet.java:936) ~[spring-webmvc-3.2.4.RELEASE.jar:3.2.4.RELEASE]
	at org.springframework.web.servlet.FrameworkServlet.doPost(FrameworkServlet.java:838) ~[spring-webmvc-3.2.4.RELEASE.jar:3.2.4.RELEASE]
	at javax.servlet.http.HttpServlet.service(HttpServlet.java:755) ~[javax.servlet-3.0.0.v201112011016.jar:na]
	at org.springframework.web.servlet.FrameworkServlet.service(FrameworkServlet.java:812) ~[spring-webmvc-3.2.4.RELEASE.jar:3.2.4.RELEASE]
	at javax.servlet.http.HttpServlet.service(HttpServlet.java:848) ~[javax.servlet-3.0.0.v201112011016.jar:na]
	at org.eclipse.jetty.servlet.ServletHolder.handle(ServletHolder.java:684) ~[jetty-all-8.1.17.v20150415.jar:8.1.17.v20150415]
	at org.eclipse.jetty.servlet.ServletHandler$CachedChain.doFilter(ServletHandler.java:1496) ~[jetty-all-8.1.17.v20150415.jar:8.1.17.v20150415]
	at aos.framework.web.filter.HttpBackendFilter.doFilter(HttpBackendFilter.java:92) ~[classes/:na]
	at org.eclipse.jetty.servlet.ServletHandler$CachedChain.doFilter(ServletHandler.java:1484) ~[jetty-all-8.1.17.v20150415.jar:8.1.17.v20150415]
	at aos.framework.web.filter.HttpFilter.doFilter(HttpFilter.java:45) ~[classes/:na]
	at org.eclipse.jetty.servlet.ServletHandler$CachedChain.doFilter(ServletHandler.java:1484) ~[jetty-all-8.1.17.v20150415.jar:8.1.17.v20150415]
	at org.springframework.web.filter.CharacterEncodingFilter.doFilterInternal(CharacterEncodingFilter.java:88) ~[spring-web-3.2.4.RELEASE.jar:3.2.4.RELEASE]
	at org.springframework.web.filter.OncePerRequestFilter.doFilter(OncePerRequestFilter.java:107) ~[spring-web-3.2.4.RELEASE.jar:3.2.4.RELEASE]
	at org.eclipse.jetty.servlet.ServletHandler$CachedChain.doFilter(ServletHandler.java:1476) ~[jetty-all-8.1.17.v20150415.jar:8.1.17.v20150415]
	at org.eclipse.jetty.servlet.ServletHandler.doHandle(ServletHandler.java:501) [jetty-all-8.1.17.v20150415.jar:8.1.17.v20150415]
	at org.eclipse.jetty.server.handler.ScopedHandler.handle(ScopedHandler.java:137) [jetty-all-8.1.17.v20150415.jar:8.1.17.v20150415]
	at org.eclipse.jetty.security.SecurityHandler.handle(SecurityHandler.java:557) [jetty-all-8.1.17.v20150415.jar:8.1.17.v20150415]
	at org.eclipse.jetty.server.session.SessionHandler.doHandle(SessionHandler.java:231) [jetty-all-8.1.17.v20150415.jar:8.1.17.v20150415]
	at org.eclipse.jetty.server.handler.ContextHandler.doHandle(ContextHandler.java:1086) [jetty-all-8.1.17.v20150415.jar:8.1.17.v20150415]
	at org.eclipse.jetty.servlet.ServletHandler.doScope(ServletHandler.java:429) [jetty-all-8.1.17.v20150415.jar:8.1.17.v20150415]
	at org.eclipse.jetty.server.session.SessionHandler.doScope(SessionHandler.java:193) [jetty-all-8.1.17.v20150415.jar:8.1.17.v20150415]
	at org.eclipse.jetty.server.handler.ContextHandler.doScope(ContextHandler.java:1020) [jetty-all-8.1.17.v20150415.jar:8.1.17.v20150415]
	at org.eclipse.jetty.server.handler.ScopedHandler.handle(ScopedHandler.java:135) [jetty-all-8.1.17.v20150415.jar:8.1.17.v20150415]
	at org.eclipse.jetty.server.handler.HandlerWrapper.handle(HandlerWrapper.java:116) [jetty-all-8.1.17.v20150415.jar:8.1.17.v20150415]
	at org.eclipse.jetty.server.Server.handle(Server.java:370) [jetty-all-8.1.17.v20150415.jar:8.1.17.v20150415]
	at org.eclipse.jetty.server.AbstractHttpConnection.handleRequest(AbstractHttpConnection.java:494) [jetty-all-8.1.17.v20150415.jar:8.1.17.v20150415]
	at org.eclipse.jetty.server.AbstractHttpConnection.content(AbstractHttpConnection.java:982) [jetty-all-8.1.17.v20150415.jar:8.1.17.v20150415]
	at org.eclipse.jetty.server.AbstractHttpConnection$RequestHandler.content(AbstractHttpConnection.java:1043) [jetty-all-8.1.17.v20150415.jar:8.1.17.v20150415]
	at org.eclipse.jetty.http.HttpParser.parseNext(HttpParser.java:865) [jetty-all-8.1.17.v20150415.jar:8.1.17.v20150415]
	at org.eclipse.jetty.http.HttpParser.parseAvailable(HttpParser.java:240) [jetty-all-8.1.17.v20150415.jar:8.1.17.v20150415]
	at org.eclipse.jetty.server.AsyncHttpConnection.handle(AsyncHttpConnection.java:82) [jetty-all-8.1.17.v20150415.jar:8.1.17.v20150415]
	at org.eclipse.jetty.io.nio.SelectChannelEndPoint.handle(SelectChannelEndPoint.java:696) [jetty-all-8.1.17.v20150415.jar:8.1.17.v20150415]
	at org.eclipse.jetty.io.nio.SelectChannelEndPoint$1.run(SelectChannelEndPoint.java:53) [jetty-all-8.1.17.v20150415.jar:8.1.17.v20150415]
	at org.eclipse.jetty.util.thread.QueuedThreadPool.runJob(QueuedThreadPool.java:608) [jetty-all-8.1.17.v20150415.jar:8.1.17.v20150415]
	at org.eclipse.jetty.util.thread.QueuedThreadPool$3.run(QueuedThreadPool.java:543) [jetty-all-8.1.17.v20150415.jar:8.1.17.v20150415]
	at java.lang.Thread.run(Thread.java:722) [na:1.7.0_01]
2019-04-21 01:09:28 INFO [Class:o.e.j.s.h.ContextHandler$Context->Thread:Thread-0] Destroying Spring FrameworkServlet 'springDispatcherServlet' 
2019-04-21 01:09:28 INFO [Class:o.e.j.s.h.ContextHandler$Context->Thread:Thread-0] Closing Spring root WebApplicationContext 
2019-04-21 01:09:28 INFO [Class:o.e.j.s.l.ELContextCleaner->Thread:Thread-0] javax.el.BeanELResolver purged 
2019-04-21 01:09:28 INFO [Class:o.e.j.s.h.ContextHandler->Thread:Thread-0] stopped o.e.j.w.WebAppContext{/aosuite,file:/F:/cahce/hl/hl/zjc/webapp/} 
2019-04-21 10:35:14 INFO [Class:o.e.j.s.Server->Thread:main] jetty-8.1.17.v20150415 
2019-04-21 10:35:17 INFO [Class:o.e.j.s.h.ContextHandler$Context->Thread:main] Initializing Spring root WebApplicationContext 
2019-04-21 10:36:00 INFO [Class:o.e.j.s.h.ContextHandler$Context->Thread:main] Initializing Spring FrameworkServlet 'springDispatcherServlet' 
2019-04-21 10:36:02 INFO [Class:o.e.j.s.AbstractConnector->Thread:main] Started SelectChannelConnector@0.0.0.0:10010 
2019-04-21 11:24:56 WARN [Class:a.f.w.f.HttpBackendFilter->Thread:qtp16890668-20] 请求被重定向到登录页。【URL：/aosuite/http/do.jhtml】 
2019-04-21 11:26:03 INFO [Class:a.f.b.r.DaoBuilder->Thread:qtp16890668-24] PO文件[com.api.hl.dao.po.TOrderReceivePO.java]生成成功。 
2019-04-21 11:26:03 INFO [Class:a.f.b.r.DaoBuilder->Thread:qtp16890668-24] Dao Java文件[com.api.hl.dao.TOrderReceiveDao.java]生成成功。 
2019-04-21 11:26:03 INFO [Class:a.f.b.r.DaoBuilder->Thread:qtp16890668-24] Dao Xml文件[com.api.hl.dao.sqlmap.TOrderReceiveDao.xml]生成成功。 
2019-04-21 12:19:23 INFO [Class:o.e.j.s.Server->Thread:main] jetty-8.1.17.v20150415 
2019-04-21 12:19:25 INFO [Class:o.e.j.s.h.ContextHandler$Context->Thread:main] Initializing Spring root WebApplicationContext 
2019-04-21 12:20:01 INFO [Class:o.e.j.s.h.ContextHandler$Context->Thread:main] Initializing Spring FrameworkServlet 'springDispatcherServlet' 
2019-04-21 12:20:02 INFO [Class:o.e.j.s.AbstractConnector->Thread:main] Started SelectChannelConnector@0.0.0.0:10010 
2019-04-21 12:24:24 INFO [Class:o.e.j.s.Server->Thread:main] jetty-8.1.17.v20150415 
2019-04-21 12:24:26 INFO [Class:o.e.j.s.h.ContextHandler$Context->Thread:main] Initializing Spring root WebApplicationContext 
2019-04-21 12:25:04 INFO [Class:o.e.j.s.h.ContextHandler$Context->Thread:main] Initializing Spring FrameworkServlet 'springDispatcherServlet' 
2019-04-21 12:25:06 INFO [Class:o.e.j.s.AbstractConnector->Thread:main] Started SelectChannelConnector@0.0.0.0:10010 
2019-04-21 12:48:39 INFO [Class:o.e.j.s.Server->Thread:main] jetty-8.1.17.v20150415 
2019-04-21 12:48:41 INFO [Class:o.e.j.s.h.ContextHandler$Context->Thread:main] Initializing Spring root WebApplicationContext 
2019-04-21 12:49:18 INFO [Class:o.e.j.s.h.ContextHandler$Context->Thread:main] Initializing Spring FrameworkServlet 'springDispatcherServlet' 
2019-04-21 12:49:19 INFO [Class:o.e.j.s.AbstractConnector->Thread:main] Started SelectChannelConnector@0.0.0.0:10010 
2019-04-21 13:56:53 INFO [Class:o.e.j.s.Server->Thread:main] jetty-8.1.17.v20150415 
2019-04-21 13:56:55 INFO [Class:o.e.j.s.h.ContextHandler$Context->Thread:main] Initializing Spring root WebApplicationContext 
2019-04-21 13:57:35 INFO [Class:o.e.j.s.h.ContextHandler$Context->Thread:main] Initializing Spring FrameworkServlet 'springDispatcherServlet' 
2019-04-21 13:57:36 INFO [Class:o.e.j.s.AbstractConnector->Thread:main] Started SelectChannelConnector@0.0.0.0:10010 
2019-04-21 14:01:14 INFO [Class:o.e.j.s.Server->Thread:main] jetty-8.1.17.v20150415 
2019-04-21 14:01:15 INFO [Class:o.e.j.s.h.ContextHandler$Context->Thread:main] Initializing Spring root WebApplicationContext 
2019-04-21 14:01:32 INFO [Class:o.e.j.s.h.ContextHandler$Context->Thread:main] Initializing Spring FrameworkServlet 'springDispatcherServlet' 
2019-04-21 14:01:33 INFO [Class:o.e.j.s.AbstractConnector->Thread:main] Started SelectChannelConnector@0.0.0.0:10010 
2019-04-21 14:07:21 INFO [Class:o.e.j.s.Server->Thread:main] jetty-8.1.17.v20150415 
2019-04-21 14:07:23 INFO [Class:o.e.j.s.h.ContextHandler$Context->Thread:main] Initializing Spring root WebApplicationContext 
2019-04-21 14:16:57 INFO [Class:o.e.j.s.Server->Thread:main] jetty-8.1.17.v20150415 
2019-04-21 14:16:59 INFO [Class:o.e.j.s.h.ContextHandler$Context->Thread:main] Initializing Spring root WebApplicationContext 
2019-04-21 14:17:26 INFO [Class:o.e.j.s.h.ContextHandler$Context->Thread:main] Initializing Spring FrameworkServlet 'springDispatcherServlet' 
2019-04-21 14:17:27 INFO [Class:o.e.j.s.AbstractConnector->Thread:main] Started SelectChannelConnector@0.0.0.0:10010 
2019-04-21 14:28:07 INFO [Class:o.e.j.s.Server->Thread:main] jetty-8.1.17.v20150415 
2019-04-21 14:28:08 INFO [Class:o.e.j.s.h.ContextHandler$Context->Thread:main] Initializing Spring root WebApplicationContext 
2019-04-21 14:28:15 WARN [Class:o.e.j.w.WebAppContext->Thread:main] Failed startup of context o.e.j.w.WebAppContext{/aosuite,file:/F:/cahce/hl/hl/zjc/webapp/} 
org.springframework.beans.factory.BeanCreationException: Error creating bean with name 'demoAccountDao' defined in file [F:\cahce\hl\hl\zjc\webapp\WEB-INF\classes\aos\demo\dao\DemoAccountDao.class]: Cannot resolve reference to bean 'sqlSessionFactory' while setting bean property 'sqlSessionFactory'; nested exception is org.springframework.beans.factory.BeanCreationException: Error creating bean with name 'sqlSessionFactory' defined in class path resource [aos.cxt.xml]: Cannot resolve reference to bean 'dataSource' while setting bean property 'dataSource'; nested exception is org.springframework.beans.factory.BeanCreationException: Error creating bean with name 'dataSource' defined in class path resource [aos.cxt.xml]: Invocation of init method failed; nested exception is com.mysql.jdbc.exceptions.jdbc4.MySQLNonTransientConnectionException: Could not create connection to database server. Attempted reconnect 3 times. Giving up.
	at org.springframework.beans.factory.support.BeanDefinitionValueResolver.resolveReference(BeanDefinitionValueResolver.java:329) ~[spring-beans-3.2.4.RELEASE.jar:3.2.4.RELEASE]
	at org.springframework.beans.factory.support.BeanDefinitionValueResolver.resolveValueIfNecessary(BeanDefinitionValueResolver.java:107) ~[spring-beans-3.2.4.RELEASE.jar:3.2.4.RELEASE]
	at org.springframework.beans.factory.support.AbstractAutowireCapableBeanFactory.applyPropertyValues(AbstractAutowireCapableBeanFactory.java:1387) ~[spring-beans-3.2.4.RELEASE.jar:3.2.4.RELEASE]
	at org.springframework.beans.factory.support.AbstractAutowireCapableBeanFactory.populateBean(AbstractAutowireCapableBeanFactory.java:1128) ~[spring-beans-3.2.4.RELEASE.jar:3.2.4.RELEASE]
	at org.springframework.beans.factory.support.AbstractAutowireCapableBeanFactory.doCreateBean(AbstractAutowireCapableBeanFactory.java:519) ~[spring-beans-3.2.4.RELEASE.jar:3.2.4.RELEASE]
	at org.springframework.beans.factory.support.AbstractAutowireCapableBeanFactory.createBean(AbstractAutowireCapableBeanFactory.java:458) ~[spring-beans-3.2.4.RELEASE.jar:3.2.4.RELEASE]
	at org.springframework.beans.factory.support.AbstractBeanFactory$1.getObject(AbstractBeanFactory.java:295) ~[spring-beans-3.2.4.RELEASE.jar:3.2.4.RELEASE]
	at org.springframework.beans.factory.support.DefaultSingletonBeanRegistry.getSingleton(DefaultSingletonBeanRegistry.java:223) ~[spring-beans-3.2.4.RELEASE.jar:3.2.4.RELEASE]
	at org.springframework.beans.factory.support.AbstractBeanFactory.doGetBean(AbstractBeanFactory.java:292) ~[spring-beans-3.2.4.RELEASE.jar:3.2.4.RELEASE]
	at org.springframework.beans.factory.support.AbstractBeanFactory.getBean(AbstractBeanFactory.java:194) ~[spring-beans-3.2.4.RELEASE.jar:3.2.4.RELEASE]
	at org.springframework.beans.factory.support.DefaultListableBeanFactory.preInstantiateSingletons(DefaultListableBeanFactory.java:610) ~[spring-beans-3.2.4.RELEASE.jar:3.2.4.RELEASE]
	at org.springframework.context.support.AbstractApplicationContext.finishBeanFactoryInitialization(AbstractApplicationContext.java:932) ~[spring-context-3.2.4.RELEASE.jar:3.2.4.RELEASE]
	at org.springframework.context.support.AbstractApplicationContext.refresh(AbstractApplicationContext.java:479) ~[spring-context-3.2.4.RELEASE.jar:3.2.4.RELEASE]
	at org.springframework.web.context.ContextLoader.configureAndRefreshWebApplicationContext(ContextLoader.java:389) ~[spring-web-3.2.4.RELEASE.jar:3.2.4.RELEASE]
	at org.springframework.web.context.ContextLoader.initWebApplicationContext(ContextLoader.java:294) ~[spring-web-3.2.4.RELEASE.jar:3.2.4.RELEASE]
	at org.springframework.web.context.ContextLoaderListener.contextInitialized(ContextLoaderListener.java:112) ~[spring-web-3.2.4.RELEASE.jar:3.2.4.RELEASE]
	at org.eclipse.jetty.server.handler.ContextHandler.callContextInitialized(ContextHandler.java:782) ~[jetty-all-8.1.17.v20150415.jar:8.1.17.v20150415]
	at org.eclipse.jetty.servlet.ServletContextHandler.callContextInitialized(ServletContextHandler.java:424) ~[jetty-all-8.1.17.v20150415.jar:8.1.17.v20150415]
	at org.eclipse.jetty.server.handler.ContextHandler.startContext(ContextHandler.java:774) ~[jetty-all-8.1.17.v20150415.jar:8.1.17.v20150415]
	at org.eclipse.jetty.servlet.ServletContextHandler.startContext(ServletContextHandler.java:249) ~[jetty-all-8.1.17.v20150415.jar:8.1.17.v20150415]
	at org.eclipse.jetty.webapp.WebAppContext.startContext(WebAppContext.java:1242) ~[jetty-all-8.1.17.v20150415.jar:8.1.17.v20150415]
	at org.eclipse.jetty.server.handler.ContextHandler.doStart(ContextHandler.java:717) ~[jetty-all-8.1.17.v20150415.jar:8.1.17.v20150415]
	at org.eclipse.jetty.webapp.WebAppContext.doStart(WebAppContext.java:494) ~[jetty-all-8.1.17.v20150415.jar:8.1.17.v20150415]
	at org.eclipse.jetty.util.component.AbstractLifeCycle.start(AbstractLifeCycle.java:64) [jetty-all-8.1.17.v20150415.jar:8.1.17.v20150415]
	at org.eclipse.jetty.server.handler.HandlerWrapper.doStart(HandlerWrapper.java:95) [jetty-all-8.1.17.v20150415.jar:8.1.17.v20150415]
	at org.eclipse.jetty.server.Server.doStart(Server.java:282) [jetty-all-8.1.17.v20150415.jar:8.1.17.v20150415]
	at org.eclipse.jetty.util.component.AbstractLifeCycle.start(AbstractLifeCycle.java:64) [jetty-all-8.1.17.v20150415.jar:8.1.17.v20150415]
	at aos.framework.core.server.AOSServer.start(AOSServer.java:82) [classes/:na]
	at aos.framework.AOS.main(AOS.java:27) [classes/:na]
Caused by: org.springframework.beans.factory.BeanCreationException: Error creating bean with name 'sqlSessionFactory' defined in class path resource [aos.cxt.xml]: Cannot resolve reference to bean 'dataSource' while setting bean property 'dataSource'; nested exception is org.springframework.beans.factory.BeanCreationException: Error creating bean with name 'dataSource' defined in class path resource [aos.cxt.xml]: Invocation of init method failed; nested exception is com.mysql.jdbc.exceptions.jdbc4.MySQLNonTransientConnectionException: Could not create connection to database server. Attempted reconnect 3 times. Giving up.
	at org.springframework.beans.factory.support.BeanDefinitionValueResolver.resolveReference(BeanDefinitionValueResolver.java:329) ~[spring-beans-3.2.4.RELEASE.jar:3.2.4.RELEASE]
	at org.springframework.beans.factory.support.BeanDefinitionValueResolver.resolveValueIfNecessary(BeanDefinitionValueResolver.java:107) ~[spring-beans-3.2.4.RELEASE.jar:3.2.4.RELEASE]
	at org.springframework.beans.factory.support.AbstractAutowireCapableBeanFactory.applyPropertyValues(AbstractAutowireCapableBeanFactory.java:1387) ~[spring-beans-3.2.4.RELEASE.jar:3.2.4.RELEASE]
	at org.springframework.beans.factory.support.AbstractAutowireCapableBeanFactory.populateBean(AbstractAutowireCapableBeanFactory.java:1128) ~[spring-beans-3.2.4.RELEASE.jar:3.2.4.RELEASE]
	at org.springframework.beans.factory.support.AbstractAutowireCapableBeanFactory.doCreateBean(AbstractAutowireCapableBeanFactory.java:519) ~[spring-beans-3.2.4.RELEASE.jar:3.2.4.RELEASE]
	at org.springframework.beans.factory.support.AbstractAutowireCapableBeanFactory.createBean(AbstractAutowireCapableBeanFactory.java:458) ~[spring-beans-3.2.4.RELEASE.jar:3.2.4.RELEASE]
	at org.springframework.beans.factory.support.AbstractBeanFactory$1.getObject(AbstractBeanFactory.java:295) ~[spring-beans-3.2.4.RELEASE.jar:3.2.4.RELEASE]
	at org.springframework.beans.factory.support.DefaultSingletonBeanRegistry.getSingleton(DefaultSingletonBeanRegistry.java:223) ~[spring-beans-3.2.4.RELEASE.jar:3.2.4.RELEASE]
	at org.springframework.beans.factory.support.AbstractBeanFactory.doGetBean(AbstractBeanFactory.java:292) ~[spring-beans-3.2.4.RELEASE.jar:3.2.4.RELEASE]
	at org.springframework.beans.factory.support.AbstractBeanFactory.getBean(AbstractBeanFactory.java:194) ~[spring-beans-3.2.4.RELEASE.jar:3.2.4.RELEASE]
	at org.springframework.beans.factory.support.BeanDefinitionValueResolver.resolveReference(BeanDefinitionValueResolver.java:323) ~[spring-beans-3.2.4.RELEASE.jar:3.2.4.RELEASE]
	... 28 common frames omitted
Caused by: org.springframework.beans.factory.BeanCreationException: Error creating bean with name 'dataSource' defined in class path resource [aos.cxt.xml]: Invocation of init method failed; nested exception is com.mysql.jdbc.exceptions.jdbc4.MySQLNonTransientConnectionException: Could not create connection to database server. Attempted reconnect 3 times. Giving up.
	at org.springframework.beans.factory.support.AbstractAutowireCapableBeanFactory.initializeBean(AbstractAutowireCapableBeanFactory.java:1482) ~[spring-beans-3.2.4.RELEASE.jar:3.2.4.RELEASE]
	at org.springframework.beans.factory.support.AbstractAutowireCapableBeanFactory.doCreateBean(AbstractAutowireCapableBeanFactory.java:521) ~[spring-beans-3.2.4.RELEASE.jar:3.2.4.RELEASE]
	at org.springframework.beans.factory.support.AbstractAutowireCapableBeanFactory.createBean(AbstractAutowireCapableBeanFactory.java:458) ~[spring-beans-3.2.4.RELEASE.jar:3.2.4.RELEASE]
	at org.springframework.beans.factory.support.AbstractBeanFactory$1.getObject(AbstractBeanFactory.java:295) ~[spring-beans-3.2.4.RELEASE.jar:3.2.4.RELEASE]
	at org.springframework.beans.factory.support.DefaultSingletonBeanRegistry.getSingleton(DefaultSingletonBeanRegistry.java:223) ~[spring-beans-3.2.4.RELEASE.jar:3.2.4.RELEASE]
	at org.springframework.beans.factory.support.AbstractBeanFactory.doGetBean(AbstractBeanFactory.java:292) ~[spring-beans-3.2.4.RELEASE.jar:3.2.4.RELEASE]
	at org.springframework.beans.factory.support.AbstractBeanFactory.getBean(AbstractBeanFactory.java:194) ~[spring-beans-3.2.4.RELEASE.jar:3.2.4.RELEASE]
	at org.springframework.beans.factory.support.BeanDefinitionValueResolver.resolveReference(BeanDefinitionValueResolver.java:323) ~[spring-beans-3.2.4.RELEASE.jar:3.2.4.RELEASE]
	... 38 common frames omitted
Caused by: com.mysql.jdbc.exceptions.jdbc4.MySQLNonTransientConnectionException: Could not create connection to database server. Attempted reconnect 3 times. Giving up.
	at sun.reflect.NativeConstructorAccessorImpl.newInstance0(Native Method) ~[na:1.7.0_01]
	at sun.reflect.NativeConstructorAccessorImpl.newInstance(NativeConstructorAccessorImpl.java:57) ~[na:1.7.0_01]
	at sun.reflect.DelegatingConstructorAccessorImpl.newInstance(DelegatingConstructorAccessorImpl.java:45) ~[na:1.7.0_01]
	at java.lang.reflect.Constructor.newInstance(Constructor.java:525) ~[na:1.7.0_01]
	at com.mysql.jdbc.Util.handleNewInstance(Util.java:404) ~[mysql-connector-java-5.1.37-bin.jar:5.1.37]
	at com.mysql.jdbc.Util.getInstance(Util.java:387) ~[mysql-connector-java-5.1.37-bin.jar:5.1.37]
	at com.mysql.jdbc.SQLError.createSQLException(SQLError.java:919) ~[mysql-connector-java-5.1.37-bin.jar:5.1.37]
	at com.mysql.jdbc.SQLError.createSQLException(SQLError.java:898) ~[mysql-connector-java-5.1.37-bin.jar:5.1.37]
	at com.mysql.jdbc.SQLError.createSQLException(SQLError.java:887) ~[mysql-connector-java-5.1.37-bin.jar:5.1.37]
	at com.mysql.jdbc.SQLError.createSQLException(SQLError.java:862) ~[mysql-connector-java-5.1.37-bin.jar:5.1.37]
	at com.mysql.jdbc.ConnectionImpl.connectWithRetries(ConnectionImpl.java:2164) ~[mysql-connector-java-5.1.37-bin.jar:5.1.37]
	at com.mysql.jdbc.ConnectionImpl.createNewIO(ConnectionImpl.java:2089) ~[mysql-connector-java-5.1.37-bin.jar:5.1.37]
	at com.mysql.jdbc.ConnectionImpl.<init>(ConnectionImpl.java:795) ~[mysql-connector-java-5.1.37-bin.jar:5.1.37]
	at com.mysql.jdbc.JDBC4Connection.<init>(JDBC4Connection.java:44) ~[mysql-connector-java-5.1.37-bin.jar:5.1.37]
	at sun.reflect.NativeConstructorAccessorImpl.newInstance0(Native Method) ~[na:1.7.0_01]
	at sun.reflect.NativeConstructorAccessorImpl.newInstance(NativeConstructorAccessorImpl.java:57) ~[na:1.7.0_01]
	at sun.reflect.DelegatingConstructorAccessorImpl.newInstance(DelegatingConstructorAccessorImpl.java:45) ~[na:1.7.0_01]
	at java.lang.reflect.Constructor.newInstance(Constructor.java:525) ~[na:1.7.0_01]
	at com.mysql.jdbc.Util.handleNewInstance(Util.java:404) ~[mysql-connector-java-5.1.37-bin.jar:5.1.37]
	at com.mysql.jdbc.ConnectionImpl.getInstance(ConnectionImpl.java:400) ~[mysql-connector-java-5.1.37-bin.jar:5.1.37]
	at com.mysql.jdbc.NonRegisteringDriver.connect(NonRegisteringDriver.java:327) ~[mysql-connector-java-5.1.37-bin.jar:5.1.37]
	at com.alibaba.druid.filter.FilterChainImpl.connection_connect(FilterChainImpl.java:148) ~[druid-1.0.18.jar:1.0.18]
	at com.alibaba.druid.filter.stat.StatFilter.connection_connect(StatFilter.java:211) ~[druid-1.0.18.jar:1.0.18]
	at com.alibaba.druid.filter.FilterChainImpl.connection_connect(FilterChainImpl.java:142) ~[druid-1.0.18.jar:1.0.18]
	at com.alibaba.druid.pool.DruidAbstractDataSource.createPhysicalConnection(DruidAbstractDataSource.java:1410) ~[druid-1.0.18.jar:1.0.18]
	at com.alibaba.druid.pool.DruidAbstractDataSource.createPhysicalConnection(DruidAbstractDataSource.java:1464) ~[druid-1.0.18.jar:1.0.18]
	at com.alibaba.druid.pool.DruidDataSource.init(DruidDataSource.java:683) ~[druid-1.0.18.jar:1.0.18]
	at sun.reflect.NativeMethodAccessorImpl.invoke0(Native Method) ~[na:1.7.0_01]
	at sun.reflect.NativeMethodAccessorImpl.invoke(NativeMethodAccessorImpl.java:57) ~[na:1.7.0_01]
	at sun.reflect.DelegatingMethodAccessorImpl.invoke(DelegatingMethodAccessorImpl.java:43) ~[na:1.7.0_01]
	at java.lang.reflect.Method.invoke(Method.java:601) ~[na:1.7.0_01]
	at org.springframework.beans.factory.support.AbstractAutowireCapableBeanFactory.invokeCustomInitMethod(AbstractAutowireCapableBeanFactory.java:1608) ~[spring-beans-3.2.4.RELEASE.jar:3.2.4.RELEASE]
	at org.springframework.beans.factory.support.AbstractAutowireCapableBeanFactory.invokeInitMethods(AbstractAutowireCapableBeanFactory.java:1549) ~[spring-beans-3.2.4.RELEASE.jar:3.2.4.RELEASE]
	at org.springframework.beans.factory.support.AbstractAutowireCapableBeanFactory.initializeBean(AbstractAutowireCapableBeanFactory.java:1479) ~[spring-beans-3.2.4.RELEASE.jar:3.2.4.RELEASE]
	... 45 common frames omitted
Caused by: com.mysql.jdbc.exceptions.jdbc4.MySQLNonTransientConnectionException: Data source rejected establishment of connection,  message from server: "Too many connections"
	at sun.reflect.NativeConstructorAccessorImpl.newInstance0(Native Method) ~[na:1.7.0_01]
	at sun.reflect.NativeConstructorAccessorImpl.newInstance(NativeConstructorAccessorImpl.java:57) ~[na:1.7.0_01]
	at sun.reflect.DelegatingConstructorAccessorImpl.newInstance(DelegatingConstructorAccessorImpl.java:45) ~[na:1.7.0_01]
	at java.lang.reflect.Constructor.newInstance(Constructor.java:525) ~[na:1.7.0_01]
	at com.mysql.jdbc.Util.handleNewInstance(Util.java:404) ~[mysql-connector-java-5.1.37-bin.jar:5.1.37]
	at com.mysql.jdbc.Util.getInstance(Util.java:387) ~[mysql-connector-java-5.1.37-bin.jar:5.1.37]
	at com.mysql.jdbc.SQLError.createSQLException(SQLError.java:919) ~[mysql-connector-java-5.1.37-bin.jar:5.1.37]
	at com.mysql.jdbc.SQLError.createSQLException(SQLError.java:898) ~[mysql-connector-java-5.1.37-bin.jar:5.1.37]
	at com.mysql.jdbc.SQLError.createSQLException(SQLError.java:887) ~[mysql-connector-java-5.1.37-bin.jar:5.1.37]
	at com.mysql.jdbc.MysqlIO.doHandshake(MysqlIO.java:1038) ~[mysql-connector-java-5.1.37-bin.jar:5.1.37]
	at com.mysql.jdbc.ConnectionImpl.coreConnect(ConnectionImpl.java:2254) ~[mysql-connector-java-5.1.37-bin.jar:5.1.37]
	at com.mysql.jdbc.ConnectionImpl.connectWithRetries(ConnectionImpl.java:2105) ~[mysql-connector-java-5.1.37-bin.jar:5.1.37]
	... 68 common frames omitted
2019-04-21 14:28:15 INFO [Class:o.e.j.s.AbstractConnector->Thread:main] Started SelectChannelConnector@0.0.0.0:10010 
2019-04-21 14:28:15 ERROR [Class:a.f.c.s.AOSServer->Thread:main] AOSuite启动失败 
2019-04-21 14:28:15 INFO [Class:o.e.j.s.h.ContextHandler$Context->Thread:Thread-0] Closing Spring root WebApplicationContext 
2019-04-21 14:28:15 INFO [Class:o.e.j.s.l.ELContextCleaner->Thread:Thread-0] javax.el.BeanELResolver purged 
2019-04-21 14:28:15 INFO [Class:o.e.j.s.h.ContextHandler->Thread:Thread-0] stopped o.e.j.w.WebAppContext{/aosuite,file:/F:/cahce/hl/hl/zjc/webapp/} 
2019-04-21 14:29:26 INFO [Class:o.e.j.s.Server->Thread:main] jetty-8.1.17.v20150415 
2019-04-21 14:29:27 INFO [Class:o.e.j.s.h.ContextHandler$Context->Thread:main] Initializing Spring root WebApplicationContext 
2019-04-21 14:29:43 INFO [Class:o.e.j.s.h.ContextHandler$Context->Thread:main] Initializing Spring FrameworkServlet 'springDispatcherServlet' 
2019-04-21 14:29:44 INFO [Class:o.e.j.s.AbstractConnector->Thread:main] Started SelectChannelConnector@0.0.0.0:10010 
2019-04-21 14:56:34 INFO [Class:o.e.j.s.Server->Thread:main] jetty-8.1.17.v20150415 
2019-04-21 14:56:36 INFO [Class:o.e.j.s.h.ContextHandler$Context->Thread:main] Initializing Spring root WebApplicationContext 
2019-04-21 14:57:46 INFO [Class:o.e.j.s.h.ContextHandler$Context->Thread:main] Initializing Spring FrameworkServlet 'springDispatcherServlet' 
2019-04-21 14:57:47 INFO [Class:o.e.j.s.AbstractConnector->Thread:main] Started SelectChannelConnector@0.0.0.0:10010 
2019-04-21 15:02:34 INFO [Class:o.e.j.s.Server->Thread:main] jetty-8.1.17.v20150415 
2019-04-21 15:02:36 INFO [Class:o.e.j.s.h.ContextHandler$Context->Thread:main] Initializing Spring root WebApplicationContext 
2019-04-21 15:03:14 INFO [Class:o.e.j.s.h.ContextHandler$Context->Thread:main] Initializing Spring FrameworkServlet 'springDispatcherServlet' 
2019-04-21 15:03:16 INFO [Class:o.e.j.s.AbstractConnector->Thread:main] Started SelectChannelConnector@0.0.0.0:10010 
2019-04-21 15:19:23 INFO [Class:o.e.j.s.Server->Thread:main] jetty-8.1.17.v20150415 
2019-04-21 15:19:25 INFO [Class:o.e.j.s.h.ContextHandler$Context->Thread:main] Initializing Spring root WebApplicationContext 
2019-04-21 15:20:06 INFO [Class:o.e.j.s.h.ContextHandler$Context->Thread:main] Initializing Spring FrameworkServlet 'springDispatcherServlet' 
2019-04-21 15:20:07 INFO [Class:o.e.j.s.AbstractConnector->Thread:main] Started SelectChannelConnector@0.0.0.0:10010 
2019-04-21 15:20:13 WARN [Class:o.e.j.s.ServletHandler->Thread:qtp15373792-22]  
org.springframework.web.util.NestedServletException: Request processing failed; nested exception is java.lang.ClassCastException: aos.framework.core.typewrap.impl.HashDto cannot be cast to com.api.hl.dao.po.TOrderDetailedPO
	at org.springframework.web.servlet.FrameworkServlet.processRequest(FrameworkServlet.java:948) ~[spring-webmvc-3.2.4.RELEASE.jar:3.2.4.RELEASE]
	at org.springframework.web.servlet.FrameworkServlet.doGet(FrameworkServlet.java:827) ~[spring-webmvc-3.2.4.RELEASE.jar:3.2.4.RELEASE]
	at javax.servlet.http.HttpServlet.service(HttpServlet.java:735) ~[javax.servlet-3.0.0.v201112011016.jar:na]
	at org.springframework.web.servlet.FrameworkServlet.service(FrameworkServlet.java:812) ~[spring-webmvc-3.2.4.RELEASE.jar:3.2.4.RELEASE]
	at javax.servlet.http.HttpServlet.service(HttpServlet.java:848) ~[javax.servlet-3.0.0.v201112011016.jar:na]
	at org.eclipse.jetty.servlet.ServletHolder.handle(ServletHolder.java:684) ~[jetty-all-8.1.17.v20150415.jar:8.1.17.v20150415]
	at org.eclipse.jetty.servlet.ServletHandler$CachedChain.doFilter(ServletHandler.java:1496) ~[jetty-all-8.1.17.v20150415.jar:8.1.17.v20150415]
	at aos.framework.web.filter.HttpApiNoTokenFilter.doFilter(HttpApiNoTokenFilter.java:103) ~[classes/:na]
	at org.eclipse.jetty.servlet.ServletHandler$CachedChain.doFilter(ServletHandler.java:1484) ~[jetty-all-8.1.17.v20150415.jar:8.1.17.v20150415]
	at aos.framework.web.filter.HttpFilter.doFilter(HttpFilter.java:45) ~[classes/:na]
	at org.eclipse.jetty.servlet.ServletHandler$CachedChain.doFilter(ServletHandler.java:1484) ~[jetty-all-8.1.17.v20150415.jar:8.1.17.v20150415]
	at org.springframework.web.filter.CharacterEncodingFilter.doFilterInternal(CharacterEncodingFilter.java:88) ~[spring-web-3.2.4.RELEASE.jar:3.2.4.RELEASE]
	at org.springframework.web.filter.OncePerRequestFilter.doFilter(OncePerRequestFilter.java:107) ~[spring-web-3.2.4.RELEASE.jar:3.2.4.RELEASE]
	at org.eclipse.jetty.servlet.ServletHandler$CachedChain.doFilter(ServletHandler.java:1476) ~[jetty-all-8.1.17.v20150415.jar:8.1.17.v20150415]
	at org.eclipse.jetty.servlet.ServletHandler.doHandle(ServletHandler.java:501) [jetty-all-8.1.17.v20150415.jar:8.1.17.v20150415]
	at org.eclipse.jetty.server.handler.ScopedHandler.handle(ScopedHandler.java:137) [jetty-all-8.1.17.v20150415.jar:8.1.17.v20150415]
	at org.eclipse.jetty.security.SecurityHandler.handle(SecurityHandler.java:557) [jetty-all-8.1.17.v20150415.jar:8.1.17.v20150415]
	at org.eclipse.jetty.server.session.SessionHandler.doHandle(SessionHandler.java:231) [jetty-all-8.1.17.v20150415.jar:8.1.17.v20150415]
	at org.eclipse.jetty.server.handler.ContextHandler.doHandle(ContextHandler.java:1086) [jetty-all-8.1.17.v20150415.jar:8.1.17.v20150415]
	at org.eclipse.jetty.servlet.ServletHandler.doScope(ServletHandler.java:429) [jetty-all-8.1.17.v20150415.jar:8.1.17.v20150415]
	at org.eclipse.jetty.server.session.SessionHandler.doScope(SessionHandler.java:193) [jetty-all-8.1.17.v20150415.jar:8.1.17.v20150415]
	at org.eclipse.jetty.server.handler.ContextHandler.doScope(ContextHandler.java:1020) [jetty-all-8.1.17.v20150415.jar:8.1.17.v20150415]
	at org.eclipse.jetty.server.handler.ScopedHandler.handle(ScopedHandler.java:135) [jetty-all-8.1.17.v20150415.jar:8.1.17.v20150415]
	at org.eclipse.jetty.server.handler.HandlerWrapper.handle(HandlerWrapper.java:116) [jetty-all-8.1.17.v20150415.jar:8.1.17.v20150415]
	at org.eclipse.jetty.server.Server.handle(Server.java:370) [jetty-all-8.1.17.v20150415.jar:8.1.17.v20150415]
	at org.eclipse.jetty.server.AbstractHttpConnection.handleRequest(AbstractHttpConnection.java:494) [jetty-all-8.1.17.v20150415.jar:8.1.17.v20150415]
	at org.eclipse.jetty.server.AbstractHttpConnection.headerComplete(AbstractHttpConnection.java:971) [jetty-all-8.1.17.v20150415.jar:8.1.17.v20150415]
	at org.eclipse.jetty.server.AbstractHttpConnection$RequestHandler.headerComplete(AbstractHttpConnection.java:1033) [jetty-all-8.1.17.v20150415.jar:8.1.17.v20150415]
	at org.eclipse.jetty.http.HttpParser.parseNext(HttpParser.java:644) [jetty-all-8.1.17.v20150415.jar:8.1.17.v20150415]
	at org.eclipse.jetty.http.HttpParser.parseAvailable(HttpParser.java:235) [jetty-all-8.1.17.v20150415.jar:8.1.17.v20150415]
	at org.eclipse.jetty.server.AsyncHttpConnection.handle(AsyncHttpConnection.java:82) [jetty-all-8.1.17.v20150415.jar:8.1.17.v20150415]
	at org.eclipse.jetty.io.nio.SelectChannelEndPoint.handle(SelectChannelEndPoint.java:696) [jetty-all-8.1.17.v20150415.jar:8.1.17.v20150415]
	at org.eclipse.jetty.io.nio.SelectChannelEndPoint$1.run(SelectChannelEndPoint.java:53) [jetty-all-8.1.17.v20150415.jar:8.1.17.v20150415]
	at org.eclipse.jetty.util.thread.QueuedThreadPool.runJob(QueuedThreadPool.java:608) [jetty-all-8.1.17.v20150415.jar:8.1.17.v20150415]
	at org.eclipse.jetty.util.thread.QueuedThreadPool$3.run(QueuedThreadPool.java:543) [jetty-all-8.1.17.v20150415.jar:8.1.17.v20150415]
	at java.lang.Thread.run(Thread.java:722) [na:1.7.0_01]
Caused by: java.lang.ClassCastException: aos.framework.core.typewrap.impl.HashDto cannot be cast to com.api.hl.dao.po.TOrderDetailedPO
	at com.api.hl.controller.LoginContriller.order_detailed(LoginContriller.java:609) ~[classes/:na]
	at sun.reflect.NativeMethodAccessorImpl.invoke0(Native Method) ~[na:1.7.0_01]
	at sun.reflect.NativeMethodAccessorImpl.invoke(NativeMethodAccessorImpl.java:57) ~[na:1.7.0_01]
	at sun.reflect.DelegatingMethodAccessorImpl.invoke(DelegatingMethodAccessorImpl.java:43) ~[na:1.7.0_01]
	at java.lang.reflect.Method.invoke(Method.java:601) ~[na:1.7.0_01]
	at org.springframework.web.method.support.InvocableHandlerMethod.invoke(InvocableHandlerMethod.java:219) ~[spring-web-3.2.4.RELEASE.jar:3.2.4.RELEASE]
	at org.springframework.web.method.support.InvocableHandlerMethod.invokeForRequest(InvocableHandlerMethod.java:132) ~[spring-web-3.2.4.RELEASE.jar:3.2.4.RELEASE]
	at org.springframework.web.servlet.mvc.method.annotation.ServletInvocableHandlerMethod.invokeAndHandle(ServletInvocableHandlerMethod.java:104) ~[spring-webmvc-3.2.4.RELEASE.jar:3.2.4.RELEASE]
	at org.springframework.web.servlet.mvc.method.annotation.RequestMappingHandlerAdapter.invokeHandleMethod(RequestMappingHandlerAdapter.java:745) ~[spring-webmvc-3.2.4.RELEASE.jar:3.2.4.RELEASE]
	at org.springframework.web.servlet.mvc.method.annotation.RequestMappingHandlerAdapter.handleInternal(RequestMappingHandlerAdapter.java:686) ~[spring-webmvc-3.2.4.RELEASE.jar:3.2.4.RELEASE]
	at org.springframework.web.servlet.mvc.method.AbstractHandlerMethodAdapter.handle(AbstractHandlerMethodAdapter.java:80) ~[spring-webmvc-3.2.4.RELEASE.jar:3.2.4.RELEASE]
	at org.springframework.web.servlet.DispatcherServlet.doDispatch(DispatcherServlet.java:925) ~[spring-webmvc-3.2.4.RELEASE.jar:3.2.4.RELEASE]
	at org.springframework.web.servlet.DispatcherServlet.doService(DispatcherServlet.java:856) ~[spring-webmvc-3.2.4.RELEASE.jar:3.2.4.RELEASE]
	at org.springframework.web.servlet.FrameworkServlet.processRequest(FrameworkServlet.java:936) ~[spring-webmvc-3.2.4.RELEASE.jar:3.2.4.RELEASE]
	... 35 common frames omitted
2019-04-21 15:20:13 WARN [Class:o.e.j.s.ServletHandler->Thread:qtp15373792-22] /aosuite/notokenapi/app/v1/order_detailed.jhtml 
java.lang.ClassCastException: aos.framework.core.typewrap.impl.HashDto cannot be cast to com.api.hl.dao.po.TOrderDetailedPO
	at com.api.hl.controller.LoginContriller.order_detailed(LoginContriller.java:609) ~[classes/:na]
	at sun.reflect.NativeMethodAccessorImpl.invoke0(Native Method) ~[na:1.7.0_01]
	at sun.reflect.NativeMethodAccessorImpl.invoke(NativeMethodAccessorImpl.java:57) ~[na:1.7.0_01]
	at sun.reflect.DelegatingMethodAccessorImpl.invoke(DelegatingMethodAccessorImpl.java:43) ~[na:1.7.0_01]
	at java.lang.reflect.Method.invoke(Method.java:601) ~[na:1.7.0_01]
	at org.springframework.web.method.support.InvocableHandlerMethod.invoke(InvocableHandlerMethod.java:219) ~[spring-web-3.2.4.RELEASE.jar:3.2.4.RELEASE]
	at org.springframework.web.method.support.InvocableHandlerMethod.invokeForRequest(InvocableHandlerMethod.java:132) ~[spring-web-3.2.4.RELEASE.jar:3.2.4.RELEASE]
	at org.springframework.web.servlet.mvc.method.annotation.ServletInvocableHandlerMethod.invokeAndHandle(ServletInvocableHandlerMethod.java:104) ~[spring-webmvc-3.2.4.RELEASE.jar:3.2.4.RELEASE]
	at org.springframework.web.servlet.mvc.method.annotation.RequestMappingHandlerAdapter.invokeHandleMethod(RequestMappingHandlerAdapter.java:745) ~[spring-webmvc-3.2.4.RELEASE.jar:3.2.4.RELEASE]
	at org.springframework.web.servlet.mvc.method.annotation.RequestMappingHandlerAdapter.handleInternal(RequestMappingHandlerAdapter.java:686) ~[spring-webmvc-3.2.4.RELEASE.jar:3.2.4.RELEASE]
	at org.springframework.web.servlet.mvc.method.AbstractHandlerMethodAdapter.handle(AbstractHandlerMethodAdapter.java:80) ~[spring-webmvc-3.2.4.RELEASE.jar:3.2.4.RELEASE]
	at org.springframework.web.servlet.DispatcherServlet.doDispatch(DispatcherServlet.java:925) ~[spring-webmvc-3.2.4.RELEASE.jar:3.2.4.RELEASE]
	at org.springframework.web.servlet.DispatcherServlet.doService(DispatcherServlet.java:856) ~[spring-webmvc-3.2.4.RELEASE.jar:3.2.4.RELEASE]
	at org.springframework.web.servlet.FrameworkServlet.processRequest(FrameworkServlet.java:936) ~[spring-webmvc-3.2.4.RELEASE.jar:3.2.4.RELEASE]
	at org.springframework.web.servlet.FrameworkServlet.doGet(FrameworkServlet.java:827) ~[spring-webmvc-3.2.4.RELEASE.jar:3.2.4.RELEASE]
	at javax.servlet.http.HttpServlet.service(HttpServlet.java:735) ~[javax.servlet-3.0.0.v201112011016.jar:na]
	at org.springframework.web.servlet.FrameworkServlet.service(FrameworkServlet.java:812) ~[spring-webmvc-3.2.4.RELEASE.jar:3.2.4.RELEASE]
	at javax.servlet.http.HttpServlet.service(HttpServlet.java:848) ~[javax.servlet-3.0.0.v201112011016.jar:na]
	at org.eclipse.jetty.servlet.ServletHolder.handle(ServletHolder.java:684) ~[jetty-all-8.1.17.v20150415.jar:8.1.17.v20150415]
	at org.eclipse.jetty.servlet.ServletHandler$CachedChain.doFilter(ServletHandler.java:1496) ~[jetty-all-8.1.17.v20150415.jar:8.1.17.v20150415]
	at aos.framework.web.filter.HttpApiNoTokenFilter.doFilter(HttpApiNoTokenFilter.java:103) ~[classes/:na]
	at org.eclipse.jetty.servlet.ServletHandler$CachedChain.doFilter(ServletHandler.java:1484) ~[jetty-all-8.1.17.v20150415.jar:8.1.17.v20150415]
	at aos.framework.web.filter.HttpFilter.doFilter(HttpFilter.java:45) ~[classes/:na]
	at org.eclipse.jetty.servlet.ServletHandler$CachedChain.doFilter(ServletHandler.java:1484) ~[jetty-all-8.1.17.v20150415.jar:8.1.17.v20150415]
	at org.springframework.web.filter.CharacterEncodingFilter.doFilterInternal(CharacterEncodingFilter.java:88) ~[spring-web-3.2.4.RELEASE.jar:3.2.4.RELEASE]
	at org.springframework.web.filter.OncePerRequestFilter.doFilter(OncePerRequestFilter.java:107) ~[spring-web-3.2.4.RELEASE.jar:3.2.4.RELEASE]
	at org.eclipse.jetty.servlet.ServletHandler$CachedChain.doFilter(ServletHandler.java:1476) ~[jetty-all-8.1.17.v20150415.jar:8.1.17.v20150415]
	at org.eclipse.jetty.servlet.ServletHandler.doHandle(ServletHandler.java:501) [jetty-all-8.1.17.v20150415.jar:8.1.17.v20150415]
	at org.eclipse.jetty.server.handler.ScopedHandler.handle(ScopedHandler.java:137) [jetty-all-8.1.17.v20150415.jar:8.1.17.v20150415]
	at org.eclipse.jetty.security.SecurityHandler.handle(SecurityHandler.java:557) [jetty-all-8.1.17.v20150415.jar:8.1.17.v20150415]
	at org.eclipse.jetty.server.session.SessionHandler.doHandle(SessionHandler.java:231) [jetty-all-8.1.17.v20150415.jar:8.1.17.v20150415]
	at org.eclipse.jetty.server.handler.ContextHandler.doHandle(ContextHandler.java:1086) [jetty-all-8.1.17.v20150415.jar:8.1.17.v20150415]
	at org.eclipse.jetty.servlet.ServletHandler.doScope(ServletHandler.java:429) [jetty-all-8.1.17.v20150415.jar:8.1.17.v20150415]
	at org.eclipse.jetty.server.session.SessionHandler.doScope(SessionHandler.java:193) [jetty-all-8.1.17.v20150415.jar:8.1.17.v20150415]
	at org.eclipse.jetty.server.handler.ContextHandler.doScope(ContextHandler.java:1020) [jetty-all-8.1.17.v20150415.jar:8.1.17.v20150415]
	at org.eclipse.jetty.server.handler.ScopedHandler.handle(ScopedHandler.java:135) [jetty-all-8.1.17.v20150415.jar:8.1.17.v20150415]
	at org.eclipse.jetty.server.handler.HandlerWrapper.handle(HandlerWrapper.java:116) [jetty-all-8.1.17.v20150415.jar:8.1.17.v20150415]
	at org.eclipse.jetty.server.Server.handle(Server.java:370) [jetty-all-8.1.17.v20150415.jar:8.1.17.v20150415]
	at org.eclipse.jetty.server.AbstractHttpConnection.handleRequest(AbstractHttpConnection.java:494) [jetty-all-8.1.17.v20150415.jar:8.1.17.v20150415]
	at org.eclipse.jetty.server.AbstractHttpConnection.headerComplete(AbstractHttpConnection.java:971) [jetty-all-8.1.17.v20150415.jar:8.1.17.v20150415]
	at org.eclipse.jetty.server.AbstractHttpConnection$RequestHandler.headerComplete(AbstractHttpConnection.java:1033) [jetty-all-8.1.17.v20150415.jar:8.1.17.v20150415]
	at org.eclipse.jetty.http.HttpParser.parseNext(HttpParser.java:644) [jetty-all-8.1.17.v20150415.jar:8.1.17.v20150415]
	at org.eclipse.jetty.http.HttpParser.parseAvailable(HttpParser.java:235) [jetty-all-8.1.17.v20150415.jar:8.1.17.v20150415]
	at org.eclipse.jetty.server.AsyncHttpConnection.handle(AsyncHttpConnection.java:82) [jetty-all-8.1.17.v20150415.jar:8.1.17.v20150415]
	at org.eclipse.jetty.io.nio.SelectChannelEndPoint.handle(SelectChannelEndPoint.java:696) [jetty-all-8.1.17.v20150415.jar:8.1.17.v20150415]
	at org.eclipse.jetty.io.nio.SelectChannelEndPoint$1.run(SelectChannelEndPoint.java:53) [jetty-all-8.1.17.v20150415.jar:8.1.17.v20150415]
	at org.eclipse.jetty.util.thread.QueuedThreadPool.runJob(QueuedThreadPool.java:608) [jetty-all-8.1.17.v20150415.jar:8.1.17.v20150415]
	at org.eclipse.jetty.util.thread.QueuedThreadPool$3.run(QueuedThreadPool.java:543) [jetty-all-8.1.17.v20150415.jar:8.1.17.v20150415]
	at java.lang.Thread.run(Thread.java:722) [na:1.7.0_01]
2019-04-21 15:21:48 INFO [Class:o.e.j.s.Server->Thread:main] jetty-8.1.17.v20150415 
2019-04-21 15:21:50 INFO [Class:o.e.j.s.h.ContextHandler$Context->Thread:main] Initializing Spring root WebApplicationContext 
2019-04-21 15:22:23 INFO [Class:o.e.j.s.h.ContextHandler$Context->Thread:main] Initializing Spring FrameworkServlet 'springDispatcherServlet' 
2019-04-21 15:22:24 INFO [Class:o.e.j.s.AbstractConnector->Thread:main] Started SelectChannelConnector@0.0.0.0:10010 
2019-04-21 16:17:39 INFO [Class:o.e.j.s.Server->Thread:main] jetty-8.1.17.v20150415 
2019-04-21 16:17:41 INFO [Class:o.e.j.s.h.ContextHandler$Context->Thread:main] Initializing Spring root WebApplicationContext 
2019-04-21 16:18:04 INFO [Class:o.e.j.s.h.ContextHandler$Context->Thread:main] Initializing Spring FrameworkServlet 'springDispatcherServlet' 
2019-04-21 16:18:06 INFO [Class:o.e.j.s.AbstractConnector->Thread:main] Started SelectChannelConnector@0.0.0.0:10010 
2019-04-21 16:25:01 INFO [Class:o.e.j.s.Server->Thread:main] jetty-8.1.17.v20150415 
2019-04-21 16:25:03 INFO [Class:o.e.j.s.h.ContextHandler$Context->Thread:main] Initializing Spring root WebApplicationContext 
2019-04-21 16:25:09 WARN [Class:o.e.j.w.WebAppContext->Thread:main] Failed startup of context o.e.j.w.WebAppContext{/aosuite,file:/F:/cahce/hl/hl/zjc/webapp/} 
org.springframework.beans.factory.BeanCreationException: Error creating bean with name 'demoAccountDao' defined in file [F:\cahce\hl\hl\zjc\webapp\WEB-INF\classes\aos\demo\dao\DemoAccountDao.class]: Cannot resolve reference to bean 'sqlSessionFactory' while setting bean property 'sqlSessionFactory'; nested exception is org.springframework.beans.factory.BeanCreationException: Error creating bean with name 'sqlSessionFactory' defined in class path resource [aos.cxt.xml]: Cannot resolve reference to bean 'dataSource' while setting bean property 'dataSource'; nested exception is org.springframework.beans.factory.BeanCreationException: Error creating bean with name 'dataSource' defined in class path resource [aos.cxt.xml]: Invocation of init method failed; nested exception is com.mysql.jdbc.exceptions.jdbc4.MySQLNonTransientConnectionException: Could not create connection to database server. Attempted reconnect 3 times. Giving up.
	at org.springframework.beans.factory.support.BeanDefinitionValueResolver.resolveReference(BeanDefinitionValueResolver.java:329) ~[spring-beans-3.2.4.RELEASE.jar:3.2.4.RELEASE]
	at org.springframework.beans.factory.support.BeanDefinitionValueResolver.resolveValueIfNecessary(BeanDefinitionValueResolver.java:107) ~[spring-beans-3.2.4.RELEASE.jar:3.2.4.RELEASE]
	at org.springframework.beans.factory.support.AbstractAutowireCapableBeanFactory.applyPropertyValues(AbstractAutowireCapableBeanFactory.java:1387) ~[spring-beans-3.2.4.RELEASE.jar:3.2.4.RELEASE]
	at org.springframework.beans.factory.support.AbstractAutowireCapableBeanFactory.populateBean(AbstractAutowireCapableBeanFactory.java:1128) ~[spring-beans-3.2.4.RELEASE.jar:3.2.4.RELEASE]
	at org.springframework.beans.factory.support.AbstractAutowireCapableBeanFactory.doCreateBean(AbstractAutowireCapableBeanFactory.java:519) ~[spring-beans-3.2.4.RELEASE.jar:3.2.4.RELEASE]
	at org.springframework.beans.factory.support.AbstractAutowireCapableBeanFactory.createBean(AbstractAutowireCapableBeanFactory.java:458) ~[spring-beans-3.2.4.RELEASE.jar:3.2.4.RELEASE]
	at org.springframework.beans.factory.support.AbstractBeanFactory$1.getObject(AbstractBeanFactory.java:295) ~[spring-beans-3.2.4.RELEASE.jar:3.2.4.RELEASE]
	at org.springframework.beans.factory.support.DefaultSingletonBeanRegistry.getSingleton(DefaultSingletonBeanRegistry.java:223) ~[spring-beans-3.2.4.RELEASE.jar:3.2.4.RELEASE]
	at org.springframework.beans.factory.support.AbstractBeanFactory.doGetBean(AbstractBeanFactory.java:292) ~[spring-beans-3.2.4.RELEASE.jar:3.2.4.RELEASE]
	at org.springframework.beans.factory.support.AbstractBeanFactory.getBean(AbstractBeanFactory.java:194) ~[spring-beans-3.2.4.RELEASE.jar:3.2.4.RELEASE]
	at org.springframework.beans.factory.support.DefaultListableBeanFactory.preInstantiateSingletons(DefaultListableBeanFactory.java:610) ~[spring-beans-3.2.4.RELEASE.jar:3.2.4.RELEASE]
	at org.springframework.context.support.AbstractApplicationContext.finishBeanFactoryInitialization(AbstractApplicationContext.java:932) ~[spring-context-3.2.4.RELEASE.jar:3.2.4.RELEASE]
	at org.springframework.context.support.AbstractApplicationContext.refresh(AbstractApplicationContext.java:479) ~[spring-context-3.2.4.RELEASE.jar:3.2.4.RELEASE]
	at org.springframework.web.context.ContextLoader.configureAndRefreshWebApplicationContext(ContextLoader.java:389) ~[spring-web-3.2.4.RELEASE.jar:3.2.4.RELEASE]
	at org.springframework.web.context.ContextLoader.initWebApplicationContext(ContextLoader.java:294) ~[spring-web-3.2.4.RELEASE.jar:3.2.4.RELEASE]
	at org.springframework.web.context.ContextLoaderListener.contextInitialized(ContextLoaderListener.java:112) ~[spring-web-3.2.4.RELEASE.jar:3.2.4.RELEASE]
	at org.eclipse.jetty.server.handler.ContextHandler.callContextInitialized(ContextHandler.java:782) ~[jetty-all-8.1.17.v20150415.jar:8.1.17.v20150415]
	at org.eclipse.jetty.servlet.ServletContextHandler.callContextInitialized(ServletContextHandler.java:424) ~[jetty-all-8.1.17.v20150415.jar:8.1.17.v20150415]
	at org.eclipse.jetty.server.handler.ContextHandler.startContext(ContextHandler.java:774) ~[jetty-all-8.1.17.v20150415.jar:8.1.17.v20150415]
	at org.eclipse.jetty.servlet.ServletContextHandler.startContext(ServletContextHandler.java:249) ~[jetty-all-8.1.17.v20150415.jar:8.1.17.v20150415]
	at org.eclipse.jetty.webapp.WebAppContext.startContext(WebAppContext.java:1242) ~[jetty-all-8.1.17.v20150415.jar:8.1.17.v20150415]
	at org.eclipse.jetty.server.handler.ContextHandler.doStart(ContextHandler.java:717) ~[jetty-all-8.1.17.v20150415.jar:8.1.17.v20150415]
	at org.eclipse.jetty.webapp.WebAppContext.doStart(WebAppContext.java:494) ~[jetty-all-8.1.17.v20150415.jar:8.1.17.v20150415]
	at org.eclipse.jetty.util.component.AbstractLifeCycle.start(AbstractLifeCycle.java:64) [jetty-all-8.1.17.v20150415.jar:8.1.17.v20150415]
	at org.eclipse.jetty.server.handler.HandlerWrapper.doStart(HandlerWrapper.java:95) [jetty-all-8.1.17.v20150415.jar:8.1.17.v20150415]
	at org.eclipse.jetty.server.Server.doStart(Server.java:282) [jetty-all-8.1.17.v20150415.jar:8.1.17.v20150415]
	at org.eclipse.jetty.util.component.AbstractLifeCycle.start(AbstractLifeCycle.java:64) [jetty-all-8.1.17.v20150415.jar:8.1.17.v20150415]
	at aos.framework.core.server.AOSServer.start(AOSServer.java:82) [classes/:na]
	at aos.framework.AOS.main(AOS.java:27) [classes/:na]
Caused by: org.springframework.beans.factory.BeanCreationException: Error creating bean with name 'sqlSessionFactory' defined in class path resource [aos.cxt.xml]: Cannot resolve reference to bean 'dataSource' while setting bean property 'dataSource'; nested exception is org.springframework.beans.factory.BeanCreationException: Error creating bean with name 'dataSource' defined in class path resource [aos.cxt.xml]: Invocation of init method failed; nested exception is com.mysql.jdbc.exceptions.jdbc4.MySQLNonTransientConnectionException: Could not create connection to database server. Attempted reconnect 3 times. Giving up.
	at org.springframework.beans.factory.support.BeanDefinitionValueResolver.resolveReference(BeanDefinitionValueResolver.java:329) ~[spring-beans-3.2.4.RELEASE.jar:3.2.4.RELEASE]
	at org.springframework.beans.factory.support.BeanDefinitionValueResolver.resolveValueIfNecessary(BeanDefinitionValueResolver.java:107) ~[spring-beans-3.2.4.RELEASE.jar:3.2.4.RELEASE]
	at org.springframework.beans.factory.support.AbstractAutowireCapableBeanFactory.applyPropertyValues(AbstractAutowireCapableBeanFactory.java:1387) ~[spring-beans-3.2.4.RELEASE.jar:3.2.4.RELEASE]
	at org.springframework.beans.factory.support.AbstractAutowireCapableBeanFactory.populateBean(AbstractAutowireCapableBeanFactory.java:1128) ~[spring-beans-3.2.4.RELEASE.jar:3.2.4.RELEASE]
	at org.springframework.beans.factory.support.AbstractAutowireCapableBeanFactory.doCreateBean(AbstractAutowireCapableBeanFactory.java:519) ~[spring-beans-3.2.4.RELEASE.jar:3.2.4.RELEASE]
	at org.springframework.beans.factory.support.AbstractAutowireCapableBeanFactory.createBean(AbstractAutowireCapableBeanFactory.java:458) ~[spring-beans-3.2.4.RELEASE.jar:3.2.4.RELEASE]
	at org.springframework.beans.factory.support.AbstractBeanFactory$1.getObject(AbstractBeanFactory.java:295) ~[spring-beans-3.2.4.RELEASE.jar:3.2.4.RELEASE]
	at org.springframework.beans.factory.support.DefaultSingletonBeanRegistry.getSingleton(DefaultSingletonBeanRegistry.java:223) ~[spring-beans-3.2.4.RELEASE.jar:3.2.4.RELEASE]
	at org.springframework.beans.factory.support.AbstractBeanFactory.doGetBean(AbstractBeanFactory.java:292) ~[spring-beans-3.2.4.RELEASE.jar:3.2.4.RELEASE]
	at org.springframework.beans.factory.support.AbstractBeanFactory.getBean(AbstractBeanFactory.java:194) ~[spring-beans-3.2.4.RELEASE.jar:3.2.4.RELEASE]
	at org.springframework.beans.factory.support.BeanDefinitionValueResolver.resolveReference(BeanDefinitionValueResolver.java:323) ~[spring-beans-3.2.4.RELEASE.jar:3.2.4.RELEASE]
	... 28 common frames omitted
Caused by: org.springframework.beans.factory.BeanCreationException: Error creating bean with name 'dataSource' defined in class path resource [aos.cxt.xml]: Invocation of init method failed; nested exception is com.mysql.jdbc.exceptions.jdbc4.MySQLNonTransientConnectionException: Could not create connection to database server. Attempted reconnect 3 times. Giving up.
	at org.springframework.beans.factory.support.AbstractAutowireCapableBeanFactory.initializeBean(AbstractAutowireCapableBeanFactory.java:1482) ~[spring-beans-3.2.4.RELEASE.jar:3.2.4.RELEASE]
	at org.springframework.beans.factory.support.AbstractAutowireCapableBeanFactory.doCreateBean(AbstractAutowireCapableBeanFactory.java:521) ~[spring-beans-3.2.4.RELEASE.jar:3.2.4.RELEASE]
	at org.springframework.beans.factory.support.AbstractAutowireCapableBeanFactory.createBean(AbstractAutowireCapableBeanFactory.java:458) ~[spring-beans-3.2.4.RELEASE.jar:3.2.4.RELEASE]
	at org.springframework.beans.factory.support.AbstractBeanFactory$1.getObject(AbstractBeanFactory.java:295) ~[spring-beans-3.2.4.RELEASE.jar:3.2.4.RELEASE]
	at org.springframework.beans.factory.support.DefaultSingletonBeanRegistry.getSingleton(DefaultSingletonBeanRegistry.java:223) ~[spring-beans-3.2.4.RELEASE.jar:3.2.4.RELEASE]
	at org.springframework.beans.factory.support.AbstractBeanFactory.doGetBean(AbstractBeanFactory.java:292) ~[spring-beans-3.2.4.RELEASE.jar:3.2.4.RELEASE]
	at org.springframework.beans.factory.support.AbstractBeanFactory.getBean(AbstractBeanFactory.java:194) ~[spring-beans-3.2.4.RELEASE.jar:3.2.4.RELEASE]
	at org.springframework.beans.factory.support.BeanDefinitionValueResolver.resolveReference(BeanDefinitionValueResolver.java:323) ~[spring-beans-3.2.4.RELEASE.jar:3.2.4.RELEASE]
	... 38 common frames omitted
Caused by: com.mysql.jdbc.exceptions.jdbc4.MySQLNonTransientConnectionException: Could not create connection to database server. Attempted reconnect 3 times. Giving up.
	at sun.reflect.NativeConstructorAccessorImpl.newInstance0(Native Method) ~[na:1.7.0_01]
	at sun.reflect.NativeConstructorAccessorImpl.newInstance(NativeConstructorAccessorImpl.java:57) ~[na:1.7.0_01]
	at sun.reflect.DelegatingConstructorAccessorImpl.newInstance(DelegatingConstructorAccessorImpl.java:45) ~[na:1.7.0_01]
	at java.lang.reflect.Constructor.newInstance(Constructor.java:525) ~[na:1.7.0_01]
	at com.mysql.jdbc.Util.handleNewInstance(Util.java:404) ~[mysql-connector-java-5.1.37-bin.jar:5.1.37]
	at com.mysql.jdbc.Util.getInstance(Util.java:387) ~[mysql-connector-java-5.1.37-bin.jar:5.1.37]
	at com.mysql.jdbc.SQLError.createSQLException(SQLError.java:919) ~[mysql-connector-java-5.1.37-bin.jar:5.1.37]
	at com.mysql.jdbc.SQLError.createSQLException(SQLError.java:898) ~[mysql-connector-java-5.1.37-bin.jar:5.1.37]
	at com.mysql.jdbc.SQLError.createSQLException(SQLError.java:887) ~[mysql-connector-java-5.1.37-bin.jar:5.1.37]
	at com.mysql.jdbc.SQLError.createSQLException(SQLError.java:862) ~[mysql-connector-java-5.1.37-bin.jar:5.1.37]
	at com.mysql.jdbc.ConnectionImpl.connectWithRetries(ConnectionImpl.java:2164) ~[mysql-connector-java-5.1.37-bin.jar:5.1.37]
	at com.mysql.jdbc.ConnectionImpl.createNewIO(ConnectionImpl.java:2089) ~[mysql-connector-java-5.1.37-bin.jar:5.1.37]
	at com.mysql.jdbc.ConnectionImpl.<init>(ConnectionImpl.java:795) ~[mysql-connector-java-5.1.37-bin.jar:5.1.37]
	at com.mysql.jdbc.JDBC4Connection.<init>(JDBC4Connection.java:44) ~[mysql-connector-java-5.1.37-bin.jar:5.1.37]
	at sun.reflect.NativeConstructorAccessorImpl.newInstance0(Native Method) ~[na:1.7.0_01]
	at sun.reflect.NativeConstructorAccessorImpl.newInstance(NativeConstructorAccessorImpl.java:57) ~[na:1.7.0_01]
	at sun.reflect.DelegatingConstructorAccessorImpl.newInstance(DelegatingConstructorAccessorImpl.java:45) ~[na:1.7.0_01]
	at java.lang.reflect.Constructor.newInstance(Constructor.java:525) ~[na:1.7.0_01]
	at com.mysql.jdbc.Util.handleNewInstance(Util.java:404) ~[mysql-connector-java-5.1.37-bin.jar:5.1.37]
	at com.mysql.jdbc.ConnectionImpl.getInstance(ConnectionImpl.java:400) ~[mysql-connector-java-5.1.37-bin.jar:5.1.37]
	at com.mysql.jdbc.NonRegisteringDriver.connect(NonRegisteringDriver.java:327) ~[mysql-connector-java-5.1.37-bin.jar:5.1.37]
	at com.alibaba.druid.filter.FilterChainImpl.connection_connect(FilterChainImpl.java:148) ~[druid-1.0.18.jar:1.0.18]
	at com.alibaba.druid.filter.stat.StatFilter.connection_connect(StatFilter.java:211) ~[druid-1.0.18.jar:1.0.18]
	at com.alibaba.druid.filter.FilterChainImpl.connection_connect(FilterChainImpl.java:142) ~[druid-1.0.18.jar:1.0.18]
	at com.alibaba.druid.pool.DruidAbstractDataSource.createPhysicalConnection(DruidAbstractDataSource.java:1410) ~[druid-1.0.18.jar:1.0.18]
	at com.alibaba.druid.pool.DruidAbstractDataSource.createPhysicalConnection(DruidAbstractDataSource.java:1464) ~[druid-1.0.18.jar:1.0.18]
	at com.alibaba.druid.pool.DruidDataSource.init(DruidDataSource.java:683) ~[druid-1.0.18.jar:1.0.18]
	at sun.reflect.NativeMethodAccessorImpl.invoke0(Native Method) ~[na:1.7.0_01]
	at sun.reflect.NativeMethodAccessorImpl.invoke(NativeMethodAccessorImpl.java:57) ~[na:1.7.0_01]
	at sun.reflect.DelegatingMethodAccessorImpl.invoke(DelegatingMethodAccessorImpl.java:43) ~[na:1.7.0_01]
	at java.lang.reflect.Method.invoke(Method.java:601) ~[na:1.7.0_01]
	at org.springframework.beans.factory.support.AbstractAutowireCapableBeanFactory.invokeCustomInitMethod(AbstractAutowireCapableBeanFactory.java:1608) ~[spring-beans-3.2.4.RELEASE.jar:3.2.4.RELEASE]
	at org.springframework.beans.factory.support.AbstractAutowireCapableBeanFactory.invokeInitMethods(AbstractAutowireCapableBeanFactory.java:1549) ~[spring-beans-3.2.4.RELEASE.jar:3.2.4.RELEASE]
	at org.springframework.beans.factory.support.AbstractAutowireCapableBeanFactory.initializeBean(AbstractAutowireCapableBeanFactory.java:1479) ~[spring-beans-3.2.4.RELEASE.jar:3.2.4.RELEASE]
	... 45 common frames omitted
Caused by: com.mysql.jdbc.exceptions.jdbc4.MySQLNonTransientConnectionException: Data source rejected establishment of connection,  message from server: "Too many connections"
	at sun.reflect.NativeConstructorAccessorImpl.newInstance0(Native Method) ~[na:1.7.0_01]
	at sun.reflect.NativeConstructorAccessorImpl.newInstance(NativeConstructorAccessorImpl.java:57) ~[na:1.7.0_01]
	at sun.reflect.DelegatingConstructorAccessorImpl.newInstance(DelegatingConstructorAccessorImpl.java:45) ~[na:1.7.0_01]
	at java.lang.reflect.Constructor.newInstance(Constructor.java:525) ~[na:1.7.0_01]
	at com.mysql.jdbc.Util.handleNewInstance(Util.java:404) ~[mysql-connector-java-5.1.37-bin.jar:5.1.37]
	at com.mysql.jdbc.Util.getInstance(Util.java:387) ~[mysql-connector-java-5.1.37-bin.jar:5.1.37]
	at com.mysql.jdbc.SQLError.createSQLException(SQLError.java:919) ~[mysql-connector-java-5.1.37-bin.jar:5.1.37]
	at com.mysql.jdbc.SQLError.createSQLException(SQLError.java:898) ~[mysql-connector-java-5.1.37-bin.jar:5.1.37]
	at com.mysql.jdbc.SQLError.createSQLException(SQLError.java:887) ~[mysql-connector-java-5.1.37-bin.jar:5.1.37]
	at com.mysql.jdbc.MysqlIO.doHandshake(MysqlIO.java:1038) ~[mysql-connector-java-5.1.37-bin.jar:5.1.37]
	at com.mysql.jdbc.ConnectionImpl.coreConnect(ConnectionImpl.java:2254) ~[mysql-connector-java-5.1.37-bin.jar:5.1.37]
	at com.mysql.jdbc.ConnectionImpl.connectWithRetries(ConnectionImpl.java:2105) ~[mysql-connector-java-5.1.37-bin.jar:5.1.37]
	... 68 common frames omitted
2019-04-21 16:25:09 INFO [Class:o.e.j.s.AbstractConnector->Thread:main] Started SelectChannelConnector@0.0.0.0:10010 
2019-04-21 16:25:09 ERROR [Class:a.f.c.s.AOSServer->Thread:main] AOSuite启动失败 
2019-04-21 16:25:09 INFO [Class:o.e.j.s.h.ContextHandler$Context->Thread:Thread-0] Closing Spring root WebApplicationContext 
2019-04-21 16:25:09 INFO [Class:o.e.j.s.l.ELContextCleaner->Thread:Thread-0] javax.el.BeanELResolver purged 
2019-04-21 16:25:09 INFO [Class:o.e.j.s.h.ContextHandler->Thread:Thread-0] stopped o.e.j.w.WebAppContext{/aosuite,file:/F:/cahce/hl/hl/zjc/webapp/} 
2019-04-21 16:29:52 INFO [Class:o.e.j.s.Server->Thread:main] jetty-8.1.17.v20150415 
2019-04-21 16:29:53 INFO [Class:o.e.j.s.h.ContextHandler$Context->Thread:main] Initializing Spring root WebApplicationContext 
2019-04-21 16:30:08 INFO [Class:o.e.j.s.h.ContextHandler$Context->Thread:main] Initializing Spring FrameworkServlet 'springDispatcherServlet' 
2019-04-21 16:30:09 INFO [Class:o.e.j.s.AbstractConnector->Thread:main] Started SelectChannelConnector@0.0.0.0:10010 
2019-04-21 16:52:55 INFO [Class:o.e.j.s.Server->Thread:main] jetty-8.1.17.v20150415 
2019-04-21 16:52:57 INFO [Class:o.e.j.s.h.ContextHandler$Context->Thread:main] Initializing Spring root WebApplicationContext 
2019-04-21 16:53:02 INFO [Class:o.e.j.s.Server->Thread:main] jetty-8.1.17.v20150415 
2019-04-21 16:53:03 INFO [Class:o.e.j.s.h.ContextHandler$Context->Thread:main] Initializing Spring root WebApplicationContext 
2019-04-21 16:53:46 INFO [Class:o.e.j.s.h.ContextHandler$Context->Thread:main] Initializing Spring FrameworkServlet 'springDispatcherServlet' 
2019-04-21 16:53:47 INFO [Class:o.e.j.s.AbstractConnector->Thread:main] Started SelectChannelConnector@0.0.0.0:10010 
2019-04-21 18:33:36 INFO [Class:o.e.j.s.Server->Thread:main] jetty-8.1.17.v20150415 
2019-04-21 18:33:40 INFO [Class:o.e.j.s.h.ContextHandler$Context->Thread:main] Initializing Spring root WebApplicationContext 
2019-04-21 18:34:44 INFO [Class:o.e.j.s.h.ContextHandler$Context->Thread:main] Initializing Spring FrameworkServlet 'springDispatcherServlet' 
2019-04-21 18:34:47 INFO [Class:o.e.j.s.AbstractConnector->Thread:main] Started SelectChannelConnector@0.0.0.0:10010 
